{"timestamp":"2026-04-02T20:13:27.899181Z","level":"info","event":"Stats instance was created in PID 7 but accessed in PID 729. Re-initializing.","logger":"airflow.stats","filename":"stats.py","lineno":57}
{"timestamp":"2026-04-02T20:13:27.913366Z","level":"info","event":"DAG bundles loaded: dags-folder","logger":"airflow.dag_processing.bundles.manager.DagBundlesManager","filename":"manager.py","lineno":179}
{"timestamp":"2026-04-02T20:13:27.913629Z","level":"info","event":"Filling up the DagBag from /opt/airflow/dags/product_reporting.py","logger":"airflow.models.dagbag.BundleDagBag","filename":"dagbag.py","lineno":593}
{"timestamp":"2026-04-02T20:13:27.915761Z","level":"info","event":"::group::Cosmos DAG parsing logs","logger":"cosmos.converter","filename":"converter.py","lineno":274}
{"timestamp":"2026-04-02T20:13:27.916069Z","level":"info","event":"Trying to parse the dbt project using dbt ls cache cosmos_cache__basic_cosmos_dag...","logger":"cosmos.dbt.graph","filename":"graph.py","lineno":689}
{"timestamp":"2026-04-02T20:13:27.928716Z","level":"info","event":"Cosmos performance: time to calculate cache identifier cosmos_cache__basic_cosmos_dag for current version: 0.00602745799915283","logger":"cosmos.cache","filename":"cache.py","lineno":345}
{"timestamp":"2026-04-02T20:13:27.928804Z","level":"info","event":"Cosmos performance [39c1bccfc631|729]: The cache size for cosmos_cache__basic_cosmos_dag is 21741","logger":"cosmos.dbt.graph","filename":"graph.py","lineno":706}
{"timestamp":"2026-04-02T20:13:27.929192Z","level":"info","event":"Cosmos performance: Cache hit for cosmos_cache__basic_cosmos_dag - d98397bc68fa791628916bda9a565a1d,d41d8cd98f00b204e9800998ecf8427e","logger":"cosmos.dbt.graph","filename":"graph.py","lineno":714}
{"timestamp":"2026-04-02T20:13:27.929506Z","level":"info","event":"Total nodes: 28","logger":"cosmos.dbt.graph","filename":"graph.py","lineno":619}
{"timestamp":"2026-04-02T20:13:27.929546Z","level":"info","event":"Total filtered nodes: 28","logger":"cosmos.dbt.graph","filename":"graph.py","lineno":620}
{"timestamp":"2026-04-02T20:13:27.935035Z","level":"info","event":"Cosmos performance (basic_cosmos_dag) -  [39c1bccfc631|729]: It took 0.019s to parse the dbt project for DAG using LoadMode.DBT_LS_CACHE","logger":"cosmos.converter","filename":"converter.py","lineno":321}
{"timestamp":"2026-04-02T20:13:27.940971Z","level":"info","event":"Cosmos performance (basic_cosmos_dag) - [39c1bccfc631|729]: It took 0.00595s to build the Airflow DAG.","logger":"cosmos.converter","filename":"converter.py","lineno":367}
{"timestamp":"2026-04-02T20:13:27.941028Z","level":"info","event":"::endgroup::Cosmos DAG parsing logs","logger":"cosmos.converter","filename":"converter.py","lineno":370}
{"timestamp":"2026-04-02T20:13:28.389159Z","level":"info","event":"dbtRunner is available. Using dbtRunner for invoking dbt.","logger":"cosmos.operators.local","filename":"local.py","lineno":262}
{"timestamp":"2026-04-02T20:13:28.389483Z","level":"info","event":"Cloning project to writable temp directory /tmp/tmprr366e7f from /opt/airflow/dags/include/jaffle_shop","logger":"cosmos.operators.local","filename":"local.py","lineno":494}
{"timestamp":"2026-04-02T20:13:28.391909Z","level":"info","event":"Partial parse is enabled and the latest partial parse file is /tmp/cosmos/basic_cosmos_dag/target/partial_parse.msgpack","logger":"cosmos.operators.local","filename":"local.py","lineno":514}
{"timestamp":"2026-04-02T20:13:28.395719Z","level":"info","event":"Profile caching is enable.","logger":"cosmos.config","filename":"config.py","lineno":384}
{"timestamp":"2026-04-02T20:13:28.402868Z","level":"info","event":"Profile found in cache using profile: /tmp/cosmos/profile/ff9ee88690030f97e4d80e74a591a9f71c64d9142b7e48e1a3bcfebe23a7f63d/profiles.yml.","logger":"cosmos.config","filename":"config.py","lineno":364}
{"timestamp":"2026-04-02T20:13:28.403333Z","level":"info","event":"Trying to run dbtRunner with:\n ['deps', '--project-dir', '/tmp/tmprr366e7f', '--profiles-dir', '/tmp/cosmos/profile/ff9ee88690030f97e4d80e74a591a9f71c64d9142b7e48e1a3bcfebe23a7f63d', '--profile', 'jaffle_shop', '--target', 'dev', '--no-static-parser']\n in /tmp/tmprr366e7f","logger":"cosmos.dbt.runner","filename":"runner.py","lineno":98}
{"timestamp":"2026-04-02T20:13:28.430429Z","level":"info","event":"\u001b[0m20:13:28  Running with dbt=1.11.7","logger":"task.stdout"}
{"timestamp":"2026-04-02T20:13:28.432036Z","level":"info","event":"\u001b[0m20:13:28  [\u001b[33mWARNING\u001b[0m][MissingPlusPrefixDeprecation]: Deprecated functionality","logger":"task.stdout"}
{"timestamp":"2026-04-02T20:13:28.432100Z","level":"info","event":"Missing '+' prefix on `materialized` found at `jaffle_shop.staging.materialized`","logger":"task.stdout"}
{"timestamp":"2026-04-02T20:13:28.432279Z","level":"info","event":"in file `/tmp/tmprr366e7f/dbt_project.yml`. Hierarchical config values without a","logger":"task.stdout"}
{"timestamp":"2026-04-02T20:13:28.432393Z","level":"info","event":"'+' prefix are deprecated in dbt_project.yml.","logger":"task.stdout"}
{"timestamp":"2026-04-02T20:13:28.594568Z","level":"info","event":"\u001b[0m20:13:28  Updating lock file in file path: /tmp/tmprr366e7f/package-lock.yml","logger":"task.stdout"}
{"timestamp":"2026-04-02T20:13:28.595612Z","level":"info","event":"\u001b[0m20:13:28  Installing dbt-labs/dbt_utils","logger":"task.stdout"}
{"timestamp":"2026-04-02T20:13:28.949864Z","level":"info","event":"\u001b[0m20:13:28  Installed from version 1.1.1","logger":"task.stdout"}
{"timestamp":"2026-04-02T20:13:28.950027Z","level":"info","event":"\u001b[0m20:13:28  Updated version available: 1.3.3","logger":"task.stdout"}
{"timestamp":"2026-04-02T20:13:28.950452Z","level":"info","event":"\u001b[0m20:13:28","logger":"task.stdout"}
{"timestamp":"2026-04-02T20:13:28.950634Z","level":"info","event":"\u001b[0m20:13:28  Updates available for packages: ['dbt-labs/dbt_utils']","logger":"task.stdout"}
{"timestamp":"2026-04-02T20:13:28.950681Z","level":"info","event":"Update your versions in packages.yml, then run dbt deps","logger":"task.stdout"}
{"timestamp":"2026-04-02T20:13:28.951056Z","level":"info","event":"\u001b[0m20:13:28  [\u001b[33mWARNING\u001b[0m][DeprecationsSummary]: Deprecated functionality","logger":"task.stdout"}
{"timestamp":"2026-04-02T20:13:28.951098Z","level":"info","event":"Summary of encountered deprecations:","logger":"task.stdout"}
{"timestamp":"2026-04-02T20:13:28.951140Z","level":"info","event":"- MissingPlusPrefixDeprecation: 2 occurrences","logger":"task.stdout"}
{"timestamp":"2026-04-02T20:13:28.951179Z","level":"info","event":"To see all deprecation instances instead of just the first occurrence of each,","logger":"task.stdout"}
{"timestamp":"2026-04-02T20:13:28.951217Z","level":"info","event":"run command again with the `--show-all-deprecations` flag. You may also need to","logger":"task.stdout"}
{"timestamp":"2026-04-02T20:13:28.951255Z","level":"info","event":"run with `--no-partial-parse` as some deprecations are only encountered during","logger":"task.stdout"}
{"timestamp":"2026-04-02T20:13:28.951301Z","level":"info","event":"parsing.","logger":"task.stdout"}
{"timestamp":"2026-04-02T20:13:29.565989Z","level":"info","event":"Trying to run dbtRunner with:\n ['seed', '--select', 'fqn:jaffle_shop.raw_customers', '--full-refresh', '--project-dir', '/tmp/tmprr366e7f', '--profiles-dir', '/tmp/cosmos/profile/ff9ee88690030f97e4d80e74a591a9f71c64d9142b7e48e1a3bcfebe23a7f63d', '--profile', 'jaffle_shop', '--target', 'dev', '--no-static-parser']\n in /tmp/tmprr366e7f","logger":"cosmos.dbt.runner","filename":"runner.py","lineno":98}
{"timestamp":"2026-04-02T20:13:29.569096Z","level":"info","event":"\u001b[0m20:13:29  Running with dbt=1.11.7","logger":"task.stdout"}
{"timestamp":"2026-04-02T20:13:29.635878Z","level":"info","event":"\u001b[0m20:13:29  Registered adapter: postgres=1.10.0","logger":"task.stdout"}
{"timestamp":"2026-04-02T20:13:29.944904Z","level":"info","event":"\u001b[0m20:13:29  Found 5 models, 3 seeds, 20 data tests, 580 macros","logger":"task.stdout"}
{"timestamp":"2026-04-02T20:13:29.946584Z","level":"info","event":"\u001b[0m20:13:29","logger":"task.stdout"}
{"timestamp":"2026-04-02T20:13:29.946684Z","level":"info","event":"\u001b[0m20:13:29  Concurrency: 1 threads (target='dev')","logger":"task.stdout"}
{"timestamp":"2026-04-02T20:13:29.946738Z","level":"info","event":"\u001b[0m20:13:29","logger":"task.stdout"}
{"timestamp":"2026-04-02T20:13:29.993733Z","level":"info","event":"\u001b[0m20:13:29  1 of 1 START seed file public.raw_customers .................................... [RUN]","logger":"task.stdout"}
{"timestamp":"2026-04-02T20:13:30.048937Z","level":"info","event":"\u001b[0m20:13:30  1 of 1 OK loaded seed file public.raw_customers ................................ [\u001b[32mCREATE 100\u001b[0m in 0.05s]","logger":"task.stdout"}
{"timestamp":"2026-04-02T20:13:30.055679Z","level":"info","event":"\u001b[0m20:13:30","logger":"task.stdout"}
{"timestamp":"2026-04-02T20:13:30.055806Z","level":"info","event":"\u001b[0m20:13:30  Finished running 1 seed in 0 hours 0 minutes and 0.11 seconds (0.11s).","logger":"task.stdout"}
{"timestamp":"2026-04-02T20:13:30.071622Z","level":"info","event":"\u001b[0m20:13:30","logger":"task.stdout"}
{"timestamp":"2026-04-02T20:13:30.071768Z","level":"info","event":"\u001b[0m20:13:30  \u001b[32mCompleted successfully\u001b[0m","logger":"task.stdout"}
{"timestamp":"2026-04-02T20:13:30.071898Z","level":"info","event":"\u001b[0m20:13:30","logger":"task.stdout"}
{"timestamp":"2026-04-02T20:13:30.072057Z","level":"info","event":"\u001b[0m20:13:30  Done. PASS=1 WARN=0 ERROR=0 SKIP=0 NO-OP=0 TOTAL=1","logger":"task.stdout"}
{"timestamp":"2026-04-02T20:13:30.072309Z","level":"info","event":"\u001b[0m20:13:30  [\u001b[33mWARNING\u001b[0m][DeprecationsSummary]: Deprecated functionality","logger":"task.stdout"}
{"timestamp":"2026-04-02T20:13:30.072481Z","level":"info","event":"Summary of encountered deprecations:","logger":"task.stdout"}
{"timestamp":"2026-04-02T20:13:30.072516Z","level":"info","event":"- MissingPlusPrefixDeprecation: 2 occurrences","logger":"task.stdout"}
{"timestamp":"2026-04-02T20:13:30.072560Z","level":"info","event":"To see all deprecation instances instead of just the first occurrence of each,","logger":"task.stdout"}
{"timestamp":"2026-04-02T20:13:30.072593Z","level":"info","event":"run command again with the `--show-all-deprecations` flag. You may also need to","logger":"task.stdout"}
{"timestamp":"2026-04-02T20:13:30.072625Z","level":"info","event":"run with `--no-partial-parse` as some deprecations are only encountered during","logger":"task.stdout"}
{"timestamp":"2026-04-02T20:13:30.072657Z","level":"info","event":"parsing.","logger":"task.stdout"}
{"timestamp":"2026-04-02T20:13:30.635237Z","level":"info","event":"Inlets: []","logger":"cosmos.operators.local","filename":"local.py","lineno":571}
{"timestamp":"2026-04-02T20:13:30.635313Z","level":"info","event":"Outlets: []","logger":"cosmos.operators.local","filename":"local.py","lineno":572}
{"timestamp":"2026-04-02T20:13:30.635369Z","level":"info","event":"Assigning outlets with DatasetAlias in Airflow 3","logger":"cosmos.operators.local","filename":"local.py","lineno":839}
