{"timestamp":"2026-04-02T20:15:31.406002Z","level":"info","event":"Stats instance was created in PID 7 but accessed in PID 1457. Re-initializing.","logger":"airflow.stats","filename":"stats.py","lineno":57}
{"timestamp":"2026-04-02T20:15:31.419285Z","level":"info","event":"DAG bundles loaded: dags-folder","logger":"airflow.dag_processing.bundles.manager.DagBundlesManager","filename":"manager.py","lineno":179}
{"timestamp":"2026-04-02T20:15:31.419597Z","level":"info","event":"Filling up the DagBag from /opt/airflow/dags/product_reporting.py","logger":"airflow.models.dagbag.BundleDagBag","filename":"dagbag.py","lineno":593}
{"timestamp":"2026-04-02T20:15:31.422458Z","level":"info","event":"::group::Cosmos DAG parsing logs","logger":"cosmos.converter","filename":"converter.py","lineno":274}
{"timestamp":"2026-04-02T20:15:31.422793Z","level":"info","event":"Trying to parse the dbt project using dbt ls cache cosmos_cache__basic_cosmos_dag...","logger":"cosmos.dbt.graph","filename":"graph.py","lineno":689}
{"timestamp":"2026-04-02T20:15:31.435335Z","level":"info","event":"Cosmos performance: time to calculate cache identifier cosmos_cache__basic_cosmos_dag for current version: 0.006068250000680564","logger":"cosmos.cache","filename":"cache.py","lineno":345}
{"timestamp":"2026-04-02T20:15:31.435428Z","level":"info","event":"Cosmos performance [39c1bccfc631|1457]: The cache size for cosmos_cache__basic_cosmos_dag is 21741","logger":"cosmos.dbt.graph","filename":"graph.py","lineno":706}
{"timestamp":"2026-04-02T20:15:31.435735Z","level":"info","event":"Cosmos performance: Cache hit for cosmos_cache__basic_cosmos_dag - d98397bc68fa791628916bda9a565a1d,d41d8cd98f00b204e9800998ecf8427e","logger":"cosmos.dbt.graph","filename":"graph.py","lineno":714}
{"timestamp":"2026-04-02T20:15:31.436180Z","level":"info","event":"Total nodes: 28","logger":"cosmos.dbt.graph","filename":"graph.py","lineno":619}
{"timestamp":"2026-04-02T20:15:31.436218Z","level":"info","event":"Total filtered nodes: 28","logger":"cosmos.dbt.graph","filename":"graph.py","lineno":620}
{"timestamp":"2026-04-02T20:15:31.441516Z","level":"info","event":"Cosmos performance (basic_cosmos_dag) -  [39c1bccfc631|1457]: It took 0.0187s to parse the dbt project for DAG using LoadMode.DBT_LS_CACHE","logger":"cosmos.converter","filename":"converter.py","lineno":321}
{"timestamp":"2026-04-02T20:15:31.447207Z","level":"info","event":"Cosmos performance (basic_cosmos_dag) - [39c1bccfc631|1457]: It took 0.00571s to build the Airflow DAG.","logger":"cosmos.converter","filename":"converter.py","lineno":367}
{"timestamp":"2026-04-02T20:15:31.447257Z","level":"info","event":"::endgroup::Cosmos DAG parsing logs","logger":"cosmos.converter","filename":"converter.py","lineno":370}
{"timestamp":"2026-04-02T20:15:31.906331Z","level":"info","event":"dbtRunner is available. Using dbtRunner for invoking dbt.","logger":"cosmos.operators.local","filename":"local.py","lineno":262}
{"timestamp":"2026-04-02T20:15:31.906657Z","level":"info","event":"Cloning project to writable temp directory /tmp/tmp3xfcrbqh from /opt/airflow/dags/include/jaffle_shop","logger":"cosmos.operators.local","filename":"local.py","lineno":494}
{"timestamp":"2026-04-02T20:15:31.908883Z","level":"info","event":"Partial parse is enabled and the latest partial parse file is /tmp/cosmos/basic_cosmos_dag/target/partial_parse.msgpack","logger":"cosmos.operators.local","filename":"local.py","lineno":514}
{"timestamp":"2026-04-02T20:15:31.912887Z","level":"info","event":"Profile caching is enable.","logger":"cosmos.config","filename":"config.py","lineno":384}
{"timestamp":"2026-04-02T20:15:31.918365Z","level":"info","event":"Profile found in cache using profile: /tmp/cosmos/profile/ff9ee88690030f97e4d80e74a591a9f71c64d9142b7e48e1a3bcfebe23a7f63d/profiles.yml.","logger":"cosmos.config","filename":"config.py","lineno":364}
{"timestamp":"2026-04-02T20:15:31.919027Z","level":"info","event":"Trying to run dbtRunner with:\n ['deps', '--project-dir', '/tmp/tmp3xfcrbqh', '--profiles-dir', '/tmp/cosmos/profile/ff9ee88690030f97e4d80e74a591a9f71c64d9142b7e48e1a3bcfebe23a7f63d', '--profile', 'jaffle_shop', '--target', 'dev', '--no-static-parser']\n in /tmp/tmp3xfcrbqh","logger":"cosmos.dbt.runner","filename":"runner.py","lineno":98}
{"timestamp":"2026-04-02T20:15:31.947555Z","level":"info","event":"\u001b[0m20:15:31  Running with dbt=1.11.7","logger":"task.stdout"}
{"timestamp":"2026-04-02T20:15:31.949208Z","level":"info","event":"\u001b[0m20:15:31  [\u001b[33mWARNING\u001b[0m][MissingPlusPrefixDeprecation]: Deprecated functionality","logger":"task.stdout"}
{"timestamp":"2026-04-02T20:15:31.949292Z","level":"info","event":"Missing '+' prefix on `materialized` found at `jaffle_shop.staging.materialized`","logger":"task.stdout"}
{"timestamp":"2026-04-02T20:15:31.949366Z","level":"info","event":"in file `/tmp/tmp3xfcrbqh/dbt_project.yml`. Hierarchical config values without a","logger":"task.stdout"}
{"timestamp":"2026-04-02T20:15:31.949431Z","level":"info","event":"'+' prefix are deprecated in dbt_project.yml.","logger":"task.stdout"}
{"timestamp":"2026-04-02T20:15:32.111274Z","level":"info","event":"\u001b[0m20:15:32  Updating lock file in file path: /tmp/tmp3xfcrbqh/package-lock.yml","logger":"task.stdout"}
{"timestamp":"2026-04-02T20:15:32.113908Z","level":"info","event":"\u001b[0m20:15:32  Installing dbt-labs/dbt_utils","logger":"task.stdout"}
{"timestamp":"2026-04-02T20:15:32.483079Z","level":"info","event":"\u001b[0m20:15:32  Installed from version 1.1.1","logger":"task.stdout"}
{"timestamp":"2026-04-02T20:15:32.483245Z","level":"info","event":"\u001b[0m20:15:32  Updated version available: 1.3.3","logger":"task.stdout"}
{"timestamp":"2026-04-02T20:15:32.483618Z","level":"info","event":"\u001b[0m20:15:32","logger":"task.stdout"}
{"timestamp":"2026-04-02T20:15:32.483774Z","level":"info","event":"\u001b[0m20:15:32  Updates available for packages: ['dbt-labs/dbt_utils']","logger":"task.stdout"}
{"timestamp":"2026-04-02T20:15:32.483842Z","level":"info","event":"Update your versions in packages.yml, then run dbt deps","logger":"task.stdout"}
{"timestamp":"2026-04-02T20:15:32.484145Z","level":"info","event":"\u001b[0m20:15:32  [\u001b[33mWARNING\u001b[0m][DeprecationsSummary]: Deprecated functionality","logger":"task.stdout"}
{"timestamp":"2026-04-02T20:15:32.484207Z","level":"info","event":"Summary of encountered deprecations:","logger":"task.stdout"}
{"timestamp":"2026-04-02T20:15:32.484265Z","level":"info","event":"- MissingPlusPrefixDeprecation: 2 occurrences","logger":"task.stdout"}
{"timestamp":"2026-04-02T20:15:32.484321Z","level":"info","event":"To see all deprecation instances instead of just the first occurrence of each,","logger":"task.stdout"}
{"timestamp":"2026-04-02T20:15:32.484377Z","level":"info","event":"run command again with the `--show-all-deprecations` flag. You may also need to","logger":"task.stdout"}
{"timestamp":"2026-04-02T20:15:32.484432Z","level":"info","event":"run with `--no-partial-parse` as some deprecations are only encountered during","logger":"task.stdout"}
{"timestamp":"2026-04-02T20:15:32.484485Z","level":"info","event":"parsing.","logger":"task.stdout"}
{"timestamp":"2026-04-02T20:15:33.117467Z","level":"info","event":"Trying to run dbtRunner with:\n ['seed', '--select', 'fqn:jaffle_shop.raw_customers', '--full-refresh', '--project-dir', '/tmp/tmp3xfcrbqh', '--profiles-dir', '/tmp/cosmos/profile/ff9ee88690030f97e4d80e74a591a9f71c64d9142b7e48e1a3bcfebe23a7f63d', '--profile', 'jaffle_shop', '--target', 'dev', '--no-static-parser']\n in /tmp/tmp3xfcrbqh","logger":"cosmos.dbt.runner","filename":"runner.py","lineno":98}
{"timestamp":"2026-04-02T20:15:33.120425Z","level":"info","event":"\u001b[0m20:15:33  Running with dbt=1.11.7","logger":"task.stdout"}
{"timestamp":"2026-04-02T20:15:33.188914Z","level":"info","event":"\u001b[0m20:15:33  Registered adapter: postgres=1.10.0","logger":"task.stdout"}
{"timestamp":"2026-04-02T20:15:33.498557Z","level":"info","event":"\u001b[0m20:15:33  Found 5 models, 3 seeds, 20 data tests, 580 macros","logger":"task.stdout"}
{"timestamp":"2026-04-02T20:15:33.499565Z","level":"info","event":"\u001b[0m20:15:33","logger":"task.stdout"}
{"timestamp":"2026-04-02T20:15:33.499709Z","level":"info","event":"\u001b[0m20:15:33  Concurrency: 1 threads (target='dev')","logger":"task.stdout"}
{"timestamp":"2026-04-02T20:15:33.499845Z","level":"info","event":"\u001b[0m20:15:33","logger":"task.stdout"}
{"timestamp":"2026-04-02T20:15:33.544714Z","level":"info","event":"\u001b[0m20:15:33  1 of 1 START seed file public.raw_customers .................................... [RUN]","logger":"task.stdout"}
{"timestamp":"2026-04-02T20:15:33.597543Z","level":"info","event":"\u001b[0m20:15:33  1 of 1 OK loaded seed file public.raw_customers ................................ [\u001b[32mCREATE 100\u001b[0m in 0.05s]","logger":"task.stdout"}
{"timestamp":"2026-04-02T20:15:33.603820Z","level":"info","event":"\u001b[0m20:15:33","logger":"task.stdout"}
{"timestamp":"2026-04-02T20:15:33.603934Z","level":"info","event":"\u001b[0m20:15:33  Finished running 1 seed in 0 hours 0 minutes and 0.10 seconds (0.10s).","logger":"task.stdout"}
{"timestamp":"2026-04-02T20:15:33.619185Z","level":"info","event":"\u001b[0m20:15:33","logger":"task.stdout"}
{"timestamp":"2026-04-02T20:15:33.619344Z","level":"info","event":"\u001b[0m20:15:33  \u001b[32mCompleted successfully\u001b[0m","logger":"task.stdout"}
{"timestamp":"2026-04-02T20:15:33.619458Z","level":"info","event":"\u001b[0m20:15:33","logger":"task.stdout"}
{"timestamp":"2026-04-02T20:15:33.619623Z","level":"info","event":"\u001b[0m20:15:33  Done. PASS=1 WARN=0 ERROR=0 SKIP=0 NO-OP=0 TOTAL=1","logger":"task.stdout"}
{"timestamp":"2026-04-02T20:15:33.619878Z","level":"info","event":"\u001b[0m20:15:33  [\u001b[33mWARNING\u001b[0m][DeprecationsSummary]: Deprecated functionality","logger":"task.stdout"}
{"timestamp":"2026-04-02T20:15:33.619914Z","level":"info","event":"Summary of encountered deprecations:","logger":"task.stdout"}
{"timestamp":"2026-04-02T20:15:33.619947Z","level":"info","event":"- MissingPlusPrefixDeprecation: 2 occurrences","logger":"task.stdout"}
{"timestamp":"2026-04-02T20:15:33.619979Z","level":"info","event":"To see all deprecation instances instead of just the first occurrence of each,","logger":"task.stdout"}
{"timestamp":"2026-04-02T20:15:33.620009Z","level":"info","event":"run command again with the `--show-all-deprecations` flag. You may also need to","logger":"task.stdout"}
{"timestamp":"2026-04-02T20:15:33.620039Z","level":"info","event":"run with `--no-partial-parse` as some deprecations are only encountered during","logger":"task.stdout"}
{"timestamp":"2026-04-02T20:15:33.620072Z","level":"info","event":"parsing.","logger":"task.stdout"}
{"timestamp":"2026-04-02T20:15:34.229796Z","level":"info","event":"Inlets: []","logger":"cosmos.operators.local","filename":"local.py","lineno":571}
{"timestamp":"2026-04-02T20:15:34.229863Z","level":"info","event":"Outlets: []","logger":"cosmos.operators.local","filename":"local.py","lineno":572}
{"timestamp":"2026-04-02T20:15:34.229923Z","level":"info","event":"Assigning outlets with DatasetAlias in Airflow 3","logger":"cosmos.operators.local","filename":"local.py","lineno":839}
