{"timestamp":"2026-04-03T07:34:49.387164Z","level":"info","event":"Stats instance was created in PID 7 but accessed in PID 220. Re-initializing.","logger":"airflow.stats","filename":"stats.py","lineno":57}
{"timestamp":"2026-04-03T07:34:49.399913Z","level":"info","event":"DAG bundles loaded: dags-folder","logger":"airflow.dag_processing.bundles.manager.DagBundlesManager","filename":"manager.py","lineno":179}
{"timestamp":"2026-04-03T07:34:49.400174Z","level":"info","event":"Filling up the DagBag from /opt/airflow/dags/product_reporting.py","logger":"airflow.models.dagbag.BundleDagBag","filename":"dagbag.py","lineno":593}
{"timestamp":"2026-04-03T07:34:49.402418Z","level":"info","event":"::group::Cosmos DAG parsing logs","logger":"cosmos.converter","filename":"converter.py","lineno":274}
{"timestamp":"2026-04-03T07:34:49.402720Z","level":"info","event":"Trying to parse the dbt project using dbt ls cache cosmos_cache__basic_cosmos_dag...","logger":"cosmos.dbt.graph","filename":"graph.py","lineno":689}
{"timestamp":"2026-04-03T07:34:49.413628Z","level":"info","event":"Cosmos performance: time to calculate cache identifier cosmos_cache__basic_cosmos_dag for current version: 0.004897041999356588","logger":"cosmos.cache","filename":"cache.py","lineno":345}
{"timestamp":"2026-04-03T07:34:49.413717Z","level":"info","event":"Cosmos performance [39c1bccfc631|220]: The cache size for cosmos_cache__basic_cosmos_dag is 21741","logger":"cosmos.dbt.graph","filename":"graph.py","lineno":706}
{"timestamp":"2026-04-03T07:34:49.414002Z","level":"info","event":"Cosmos performance: Cache hit for cosmos_cache__basic_cosmos_dag - d98397bc68fa791628916bda9a565a1d,d41d8cd98f00b204e9800998ecf8427e","logger":"cosmos.dbt.graph","filename":"graph.py","lineno":714}
{"timestamp":"2026-04-03T07:34:49.414322Z","level":"info","event":"Total nodes: 28","logger":"cosmos.dbt.graph","filename":"graph.py","lineno":619}
{"timestamp":"2026-04-03T07:34:49.414359Z","level":"info","event":"Total filtered nodes: 28","logger":"cosmos.dbt.graph","filename":"graph.py","lineno":620}
{"timestamp":"2026-04-03T07:34:49.419354Z","level":"info","event":"Cosmos performance (basic_cosmos_dag) -  [39c1bccfc631|220]: It took 0.0167s to parse the dbt project for DAG using LoadMode.DBT_LS_CACHE","logger":"cosmos.converter","filename":"converter.py","lineno":321}
{"timestamp":"2026-04-03T07:34:49.425533Z","level":"info","event":"Cosmos performance (basic_cosmos_dag) - [39c1bccfc631|220]: It took 0.00618s to build the Airflow DAG.","logger":"cosmos.converter","filename":"converter.py","lineno":367}
{"timestamp":"2026-04-03T07:34:49.425582Z","level":"info","event":"::endgroup::Cosmos DAG parsing logs","logger":"cosmos.converter","filename":"converter.py","lineno":370}
{"timestamp":"2026-04-03T07:34:49.867493Z","level":"info","event":"dbtRunner is available. Using dbtRunner for invoking dbt.","logger":"cosmos.operators.local","filename":"local.py","lineno":262}
{"timestamp":"2026-04-03T07:34:49.867783Z","level":"info","event":"Cloning project to writable temp directory /tmp/tmppadozjcu from /opt/airflow/dags/include/jaffle_shop","logger":"cosmos.operators.local","filename":"local.py","lineno":494}
{"timestamp":"2026-04-03T07:34:49.870405Z","level":"info","event":"Partial parse is enabled and the latest partial parse file is /tmp/cosmos/basic_cosmos_dag/target/partial_parse.msgpack","logger":"cosmos.operators.local","filename":"local.py","lineno":514}
{"timestamp":"2026-04-03T07:34:49.874165Z","level":"info","event":"Profile caching is enable.","logger":"cosmos.config","filename":"config.py","lineno":384}
{"timestamp":"2026-04-03T07:34:49.880728Z","level":"info","event":"Profile found in cache using profile: /tmp/cosmos/profile/ff9ee88690030f97e4d80e74a591a9f71c64d9142b7e48e1a3bcfebe23a7f63d/profiles.yml.","logger":"cosmos.config","filename":"config.py","lineno":364}
{"timestamp":"2026-04-03T07:34:49.881374Z","level":"info","event":"Trying to run dbtRunner with:\n ['deps', '--project-dir', '/tmp/tmppadozjcu', '--profiles-dir', '/tmp/cosmos/profile/ff9ee88690030f97e4d80e74a591a9f71c64d9142b7e48e1a3bcfebe23a7f63d', '--profile', 'jaffle_shop', '--target', 'dev', '--no-static-parser']\n in /tmp/tmppadozjcu","logger":"cosmos.dbt.runner","filename":"runner.py","lineno":98}
{"timestamp":"2026-04-03T07:34:49.908834Z","level":"info","event":"\u001b[0m07:34:49  Running with dbt=1.11.7","logger":"task.stdout"}
{"timestamp":"2026-04-03T07:34:49.911002Z","level":"info","event":"\u001b[0m07:34:49  [\u001b[33mWARNING\u001b[0m][MissingPlusPrefixDeprecation]: Deprecated functionality","logger":"task.stdout"}
{"timestamp":"2026-04-03T07:34:49.911116Z","level":"info","event":"Missing '+' prefix on `materialized` found at `jaffle_shop.materialized` in file","logger":"task.stdout"}
{"timestamp":"2026-04-03T07:34:49.911188Z","level":"info","event":"`/tmp/tmppadozjcu/dbt_project.yml`. Hierarchical config values without a '+'","logger":"task.stdout"}
{"timestamp":"2026-04-03T07:34:49.911259Z","level":"info","event":"prefix are deprecated in dbt_project.yml.","logger":"task.stdout"}
{"timestamp":"2026-04-03T07:34:50.103775Z","level":"info","event":"\u001b[0m07:34:50  Updating lock file in file path: /tmp/tmppadozjcu/package-lock.yml","logger":"task.stdout"}
{"timestamp":"2026-04-03T07:34:50.106627Z","level":"info","event":"\u001b[0m07:34:50  Installing dbt-labs/dbt_utils","logger":"task.stdout"}
{"timestamp":"2026-04-03T07:34:50.472801Z","level":"info","event":"\u001b[0m07:34:50  Installed from version 1.1.1","logger":"task.stdout"}
{"timestamp":"2026-04-03T07:34:50.473013Z","level":"info","event":"\u001b[0m07:34:50  Updated version available: 1.3.3","logger":"task.stdout"}
{"timestamp":"2026-04-03T07:34:50.473427Z","level":"info","event":"\u001b[0m07:34:50","logger":"task.stdout"}
{"timestamp":"2026-04-03T07:34:50.473610Z","level":"info","event":"\u001b[0m07:34:50  Updates available for packages: ['dbt-labs/dbt_utils']","logger":"task.stdout"}
{"timestamp":"2026-04-03T07:34:50.473694Z","level":"info","event":"Update your versions in packages.yml, then run dbt deps","logger":"task.stdout"}
{"timestamp":"2026-04-03T07:34:50.474382Z","level":"info","event":"\u001b[0m07:34:50  [\u001b[33mWARNING\u001b[0m][DeprecationsSummary]: Deprecated functionality","logger":"task.stdout"}
{"timestamp":"2026-04-03T07:34:50.474473Z","level":"info","event":"Summary of encountered deprecations:","logger":"task.stdout"}
{"timestamp":"2026-04-03T07:34:50.474555Z","level":"info","event":"- MissingPlusPrefixDeprecation: 2 occurrences","logger":"task.stdout"}
{"timestamp":"2026-04-03T07:34:50.474640Z","level":"info","event":"To see all deprecation instances instead of just the first occurrence of each,","logger":"task.stdout"}
{"timestamp":"2026-04-03T07:34:50.474714Z","level":"info","event":"run command again with the `--show-all-deprecations` flag. You may also need to","logger":"task.stdout"}
{"timestamp":"2026-04-03T07:34:50.474791Z","level":"info","event":"run with `--no-partial-parse` as some deprecations are only encountered during","logger":"task.stdout"}
{"timestamp":"2026-04-03T07:34:50.474895Z","level":"info","event":"parsing.","logger":"task.stdout"}
{"timestamp":"2026-04-03T07:34:51.092524Z","level":"info","event":"Trying to run dbtRunner with:\n ['seed', '--select', 'fqn:jaffle_shop.raw_payments', '--full-refresh', '--project-dir', '/tmp/tmppadozjcu', '--profiles-dir', '/tmp/cosmos/profile/ff9ee88690030f97e4d80e74a591a9f71c64d9142b7e48e1a3bcfebe23a7f63d', '--profile', 'jaffle_shop', '--target', 'dev', '--no-static-parser']\n in /tmp/tmppadozjcu","logger":"cosmos.dbt.runner","filename":"runner.py","lineno":98}
{"timestamp":"2026-04-03T07:34:51.096280Z","level":"info","event":"\u001b[0m07:34:51  Running with dbt=1.11.7","logger":"task.stdout"}
{"timestamp":"2026-04-03T07:34:51.162605Z","level":"info","event":"\u001b[0m07:34:51  Registered adapter: postgres=1.10.0","logger":"task.stdout"}
{"timestamp":"2026-04-03T07:34:51.478269Z","level":"info","event":"\u001b[0m07:34:51  Found 5 models, 3 seeds, 20 data tests, 580 macros","logger":"task.stdout"}
{"timestamp":"2026-04-03T07:34:51.479278Z","level":"info","event":"\u001b[0m07:34:51","logger":"task.stdout"}
{"timestamp":"2026-04-03T07:34:51.479401Z","level":"info","event":"\u001b[0m07:34:51  Concurrency: 1 threads (target='dev')","logger":"task.stdout"}
{"timestamp":"2026-04-03T07:34:51.479528Z","level":"info","event":"\u001b[0m07:34:51","logger":"task.stdout"}
{"timestamp":"2026-04-03T07:34:51.524288Z","level":"info","event":"\u001b[0m07:34:51  1 of 1 START seed file public.raw_payments ..................................... [RUN]","logger":"task.stdout"}
{"timestamp":"2026-04-03T07:34:51.580641Z","level":"info","event":"\u001b[0m07:34:51  1 of 1 OK loaded seed file public.raw_payments ................................. [\u001b[32mCREATE 113\u001b[0m in 0.06s]","logger":"task.stdout"}
{"timestamp":"2026-04-03T07:34:51.587842Z","level":"info","event":"\u001b[0m07:34:51","logger":"task.stdout"}
{"timestamp":"2026-04-03T07:34:51.587965Z","level":"info","event":"\u001b[0m07:34:51  Finished running 1 seed in 0 hours 0 minutes and 0.11 seconds (0.11s).","logger":"task.stdout"}
{"timestamp":"2026-04-03T07:34:51.603984Z","level":"info","event":"\u001b[0m07:34:51","logger":"task.stdout"}
{"timestamp":"2026-04-03T07:34:51.604133Z","level":"info","event":"\u001b[0m07:34:51  \u001b[32mCompleted successfully\u001b[0m","logger":"task.stdout"}
{"timestamp":"2026-04-03T07:34:51.604265Z","level":"info","event":"\u001b[0m07:34:51","logger":"task.stdout"}
{"timestamp":"2026-04-03T07:34:51.604420Z","level":"info","event":"\u001b[0m07:34:51  Done. PASS=1 WARN=0 ERROR=0 SKIP=0 NO-OP=0 TOTAL=1","logger":"task.stdout"}
{"timestamp":"2026-04-03T07:34:51.604678Z","level":"info","event":"\u001b[0m07:34:51  [\u001b[33mWARNING\u001b[0m][DeprecationsSummary]: Deprecated functionality","logger":"task.stdout"}
{"timestamp":"2026-04-03T07:34:51.604719Z","level":"info","event":"Summary of encountered deprecations:","logger":"task.stdout"}
{"timestamp":"2026-04-03T07:34:51.604758Z","level":"info","event":"- MissingPlusPrefixDeprecation: 2 occurrences","logger":"task.stdout"}
{"timestamp":"2026-04-03T07:34:51.604795Z","level":"info","event":"To see all deprecation instances instead of just the first occurrence of each,","logger":"task.stdout"}
{"timestamp":"2026-04-03T07:34:51.604834Z","level":"info","event":"run command again with the `--show-all-deprecations` flag. You may also need to","logger":"task.stdout"}
{"timestamp":"2026-04-03T07:34:51.604875Z","level":"info","event":"run with `--no-partial-parse` as some deprecations are only encountered during","logger":"task.stdout"}
{"timestamp":"2026-04-03T07:34:51.604912Z","level":"info","event":"parsing.","logger":"task.stdout"}
{"timestamp":"2026-04-03T07:34:52.199960Z","level":"info","event":"Inlets: []","logger":"cosmos.operators.local","filename":"local.py","lineno":571}
{"timestamp":"2026-04-03T07:34:52.200032Z","level":"info","event":"Outlets: []","logger":"cosmos.operators.local","filename":"local.py","lineno":572}
{"timestamp":"2026-04-03T07:34:52.200087Z","level":"info","event":"Assigning outlets with DatasetAlias in Airflow 3","logger":"cosmos.operators.local","filename":"local.py","lineno":839}
