{"timestamp":"2026-04-03T07:33:40.411945Z","level":"info","event":"Stats instance was created in PID 7 but accessed in PID 95. Re-initializing.","logger":"airflow.stats","filename":"stats.py","lineno":57}
{"timestamp":"2026-04-03T07:33:40.424865Z","level":"info","event":"DAG bundles loaded: dags-folder","logger":"airflow.dag_processing.bundles.manager.DagBundlesManager","filename":"manager.py","lineno":179}
{"timestamp":"2026-04-03T07:33:40.425154Z","level":"info","event":"Filling up the DagBag from /opt/airflow/dags/product_reporting.py","logger":"airflow.models.dagbag.BundleDagBag","filename":"dagbag.py","lineno":593}
{"timestamp":"2026-04-03T07:33:40.427522Z","level":"info","event":"::group::Cosmos DAG parsing logs","logger":"cosmos.converter","filename":"converter.py","lineno":274}
{"timestamp":"2026-04-03T07:33:40.428241Z","level":"info","event":"Trying to parse the dbt project using dbt ls cache cosmos_cache__basic_cosmos_dag...","logger":"cosmos.dbt.graph","filename":"graph.py","lineno":689}
{"timestamp":"2026-04-03T07:33:40.444802Z","level":"info","event":"Cosmos performance: time to calculate cache identifier cosmos_cache__basic_cosmos_dag for current version: 0.007934708000902901","logger":"cosmos.cache","filename":"cache.py","lineno":345}
{"timestamp":"2026-04-03T07:33:40.444913Z","level":"info","event":"Cosmos performance [39c1bccfc631|95]: The cache size for cosmos_cache__basic_cosmos_dag is 21741","logger":"cosmos.dbt.graph","filename":"graph.py","lineno":706}
{"timestamp":"2026-04-03T07:33:40.445293Z","level":"info","event":"Cosmos performance: Cache hit for cosmos_cache__basic_cosmos_dag - d98397bc68fa791628916bda9a565a1d,d41d8cd98f00b204e9800998ecf8427e","logger":"cosmos.dbt.graph","filename":"graph.py","lineno":714}
{"timestamp":"2026-04-03T07:33:40.445533Z","level":"info","event":"Total nodes: 28","logger":"cosmos.dbt.graph","filename":"graph.py","lineno":619}
{"timestamp":"2026-04-03T07:33:40.445568Z","level":"info","event":"Total filtered nodes: 28","logger":"cosmos.dbt.graph","filename":"graph.py","lineno":620}
{"timestamp":"2026-04-03T07:33:40.451314Z","level":"info","event":"Cosmos performance (basic_cosmos_dag) -  [39c1bccfc631|95]: It took 0.0231s to parse the dbt project for DAG using LoadMode.DBT_LS_CACHE","logger":"cosmos.converter","filename":"converter.py","lineno":321}
{"timestamp":"2026-04-03T07:33:40.458481Z","level":"info","event":"Cosmos performance (basic_cosmos_dag) - [39c1bccfc631|95]: It took 0.00716s to build the Airflow DAG.","logger":"cosmos.converter","filename":"converter.py","lineno":367}
{"timestamp":"2026-04-03T07:33:40.458529Z","level":"info","event":"::endgroup::Cosmos DAG parsing logs","logger":"cosmos.converter","filename":"converter.py","lineno":370}
{"timestamp":"2026-04-03T07:33:40.915437Z","level":"info","event":"dbtRunner is available. Using dbtRunner for invoking dbt.","logger":"cosmos.operators.local","filename":"local.py","lineno":262}
{"timestamp":"2026-04-03T07:33:40.915792Z","level":"info","event":"Cloning project to writable temp directory /tmp/tmpvz279ib2 from /opt/airflow/dags/include/jaffle_shop","logger":"cosmos.operators.local","filename":"local.py","lineno":494}
{"timestamp":"2026-04-03T07:33:40.918366Z","level":"info","event":"Partial parse is enabled and the latest partial parse file is /tmp/cosmos/basic_cosmos_dag/target/partial_parse.msgpack","logger":"cosmos.operators.local","filename":"local.py","lineno":514}
{"timestamp":"2026-04-03T07:33:40.922285Z","level":"info","event":"Profile caching is enable.","logger":"cosmos.config","filename":"config.py","lineno":384}
{"timestamp":"2026-04-03T07:33:40.929232Z","level":"info","event":"Profile found in cache using profile: /tmp/cosmos/profile/ff9ee88690030f97e4d80e74a591a9f71c64d9142b7e48e1a3bcfebe23a7f63d/profiles.yml.","logger":"cosmos.config","filename":"config.py","lineno":364}
{"timestamp":"2026-04-03T07:33:40.929795Z","level":"info","event":"Trying to run dbtRunner with:\n ['deps', '--project-dir', '/tmp/tmpvz279ib2', '--profiles-dir', '/tmp/cosmos/profile/ff9ee88690030f97e4d80e74a591a9f71c64d9142b7e48e1a3bcfebe23a7f63d', '--profile', 'jaffle_shop', '--target', 'dev', '--no-static-parser']\n in /tmp/tmpvz279ib2","logger":"cosmos.dbt.runner","filename":"runner.py","lineno":98}
{"timestamp":"2026-04-03T07:33:40.957367Z","level":"info","event":"\u001b[0m07:33:40  Running with dbt=1.11.7","logger":"task.stdout"}
{"timestamp":"2026-04-03T07:33:40.959495Z","level":"info","event":"\u001b[0m07:33:40  [\u001b[33mWARNING\u001b[0m][MissingPlusPrefixDeprecation]: Deprecated functionality","logger":"task.stdout"}
{"timestamp":"2026-04-03T07:33:40.959588Z","level":"info","event":"Missing '+' prefix on `materialized` found at `jaffle_shop.materialized` in file","logger":"task.stdout"}
{"timestamp":"2026-04-03T07:33:40.959667Z","level":"info","event":"`/tmp/tmpvz279ib2/dbt_project.yml`. Hierarchical config values without a '+'","logger":"task.stdout"}
{"timestamp":"2026-04-03T07:33:40.959737Z","level":"info","event":"prefix are deprecated in dbt_project.yml.","logger":"task.stdout"}
{"timestamp":"2026-04-03T07:33:41.166868Z","level":"info","event":"\u001b[0m07:33:41  Updating lock file in file path: /tmp/tmpvz279ib2/package-lock.yml","logger":"task.stdout"}
{"timestamp":"2026-04-03T07:33:41.169557Z","level":"info","event":"\u001b[0m07:33:41  Installing dbt-labs/dbt_utils","logger":"task.stdout"}
{"timestamp":"2026-04-03T07:33:41.501940Z","level":"info","event":"\u001b[0m07:33:41  Installed from version 1.1.1","logger":"task.stdout"}
{"timestamp":"2026-04-03T07:33:41.502095Z","level":"info","event":"\u001b[0m07:33:41  Updated version available: 1.3.3","logger":"task.stdout"}
{"timestamp":"2026-04-03T07:33:41.502459Z","level":"info","event":"\u001b[0m07:33:41","logger":"task.stdout"}
{"timestamp":"2026-04-03T07:33:41.502615Z","level":"info","event":"\u001b[0m07:33:41  Updates available for packages: ['dbt-labs/dbt_utils']","logger":"task.stdout"}
{"timestamp":"2026-04-03T07:33:41.502688Z","level":"info","event":"Update your versions in packages.yml, then run dbt deps","logger":"task.stdout"}
{"timestamp":"2026-04-03T07:33:41.503018Z","level":"info","event":"\u001b[0m07:33:41  [\u001b[33mWARNING\u001b[0m][DeprecationsSummary]: Deprecated functionality","logger":"task.stdout"}
{"timestamp":"2026-04-03T07:33:41.503109Z","level":"info","event":"Summary of encountered deprecations:","logger":"task.stdout"}
{"timestamp":"2026-04-03T07:33:41.503187Z","level":"info","event":"- MissingPlusPrefixDeprecation: 2 occurrences","logger":"task.stdout"}
{"timestamp":"2026-04-03T07:33:41.503255Z","level":"info","event":"To see all deprecation instances instead of just the first occurrence of each,","logger":"task.stdout"}
{"timestamp":"2026-04-03T07:33:41.503322Z","level":"info","event":"run command again with the `--show-all-deprecations` flag. You may also need to","logger":"task.stdout"}
{"timestamp":"2026-04-03T07:33:41.503385Z","level":"info","event":"run with `--no-partial-parse` as some deprecations are only encountered during","logger":"task.stdout"}
{"timestamp":"2026-04-03T07:33:41.503453Z","level":"info","event":"parsing.","logger":"task.stdout"}
{"timestamp":"2026-04-03T07:33:42.157809Z","level":"info","event":"Trying to run dbtRunner with:\n ['seed', '--select', 'fqn:jaffle_shop.raw_orders', '--full-refresh', '--project-dir', '/tmp/tmpvz279ib2', '--profiles-dir', '/tmp/cosmos/profile/ff9ee88690030f97e4d80e74a591a9f71c64d9142b7e48e1a3bcfebe23a7f63d', '--profile', 'jaffle_shop', '--target', 'dev', '--no-static-parser']\n in /tmp/tmpvz279ib2","logger":"cosmos.dbt.runner","filename":"runner.py","lineno":98}
{"timestamp":"2026-04-03T07:33:42.161134Z","level":"info","event":"\u001b[0m07:33:42  Running with dbt=1.11.7","logger":"task.stdout"}
{"timestamp":"2026-04-03T07:33:42.229186Z","level":"info","event":"\u001b[0m07:33:42  Registered adapter: postgres=1.10.0","logger":"task.stdout"}
{"timestamp":"2026-04-03T07:33:42.557949Z","level":"info","event":"\u001b[0m07:33:42  Found 5 models, 3 seeds, 20 data tests, 580 macros","logger":"task.stdout"}
{"timestamp":"2026-04-03T07:33:42.559123Z","level":"info","event":"\u001b[0m07:33:42","logger":"task.stdout"}
{"timestamp":"2026-04-03T07:33:42.560315Z","level":"info","event":"\u001b[0m07:33:42  Concurrency: 1 threads (target='dev')","logger":"task.stdout"}
{"timestamp":"2026-04-03T07:33:42.560417Z","level":"info","event":"\u001b[0m07:33:42","logger":"task.stdout"}
{"timestamp":"2026-04-03T07:33:42.613339Z","level":"info","event":"\u001b[0m07:33:42  1 of 1 START seed file public.raw_orders ....................................... [RUN]","logger":"task.stdout"}
{"timestamp":"2026-04-03T07:33:42.672537Z","level":"info","event":"\u001b[0m07:33:42  1 of 1 OK loaded seed file public.raw_orders ................................... [\u001b[32mCREATE 99\u001b[0m in 0.06s]","logger":"task.stdout"}
{"timestamp":"2026-04-03T07:33:42.679720Z","level":"info","event":"\u001b[0m07:33:42","logger":"task.stdout"}
{"timestamp":"2026-04-03T07:33:42.679865Z","level":"info","event":"\u001b[0m07:33:42  Finished running 1 seed in 0 hours 0 minutes and 0.12 seconds (0.12s).","logger":"task.stdout"}
{"timestamp":"2026-04-03T07:33:42.695391Z","level":"info","event":"\u001b[0m07:33:42","logger":"task.stdout"}
{"timestamp":"2026-04-03T07:33:42.695543Z","level":"info","event":"\u001b[0m07:33:42  \u001b[32mCompleted successfully\u001b[0m","logger":"task.stdout"}
{"timestamp":"2026-04-03T07:33:42.695673Z","level":"info","event":"\u001b[0m07:33:42","logger":"task.stdout"}
{"timestamp":"2026-04-03T07:33:42.695840Z","level":"info","event":"\u001b[0m07:33:42  Done. PASS=1 WARN=0 ERROR=0 SKIP=0 NO-OP=0 TOTAL=1","logger":"task.stdout"}
{"timestamp":"2026-04-03T07:33:42.696100Z","level":"info","event":"\u001b[0m07:33:42  [\u001b[33mWARNING\u001b[0m][DeprecationsSummary]: Deprecated functionality","logger":"task.stdout"}
{"timestamp":"2026-04-03T07:33:42.696167Z","level":"info","event":"Summary of encountered deprecations:","logger":"task.stdout"}
{"timestamp":"2026-04-03T07:33:42.696227Z","level":"info","event":"- MissingPlusPrefixDeprecation: 2 occurrences","logger":"task.stdout"}
{"timestamp":"2026-04-03T07:33:42.696285Z","level":"info","event":"To see all deprecation instances instead of just the first occurrence of each,","logger":"task.stdout"}
{"timestamp":"2026-04-03T07:33:42.696343Z","level":"info","event":"run command again with the `--show-all-deprecations` flag. You may also need to","logger":"task.stdout"}
{"timestamp":"2026-04-03T07:33:42.696404Z","level":"info","event":"run with `--no-partial-parse` as some deprecations are only encountered during","logger":"task.stdout"}
{"timestamp":"2026-04-03T07:33:42.696460Z","level":"info","event":"parsing.","logger":"task.stdout"}
{"timestamp":"2026-04-03T07:33:43.238591Z","level":"info","event":"Inlets: []","logger":"cosmos.operators.local","filename":"local.py","lineno":571}
{"timestamp":"2026-04-03T07:33:43.238673Z","level":"info","event":"Outlets: []","logger":"cosmos.operators.local","filename":"local.py","lineno":572}
{"timestamp":"2026-04-03T07:33:43.238732Z","level":"info","event":"Assigning outlets with DatasetAlias in Airflow 3","logger":"cosmos.operators.local","filename":"local.py","lineno":839}
{"timestamp":"2026-04-03T07:36:20.716326Z","level":"info","event":"Stats instance was created in PID 7 but accessed in PID 285. Re-initializing.","logger":"airflow.stats","filename":"stats.py","lineno":57}
{"timestamp":"2026-04-03T07:36:20.728873Z","level":"info","event":"DAG bundles loaded: dags-folder","logger":"airflow.dag_processing.bundles.manager.DagBundlesManager","filename":"manager.py","lineno":179}
{"timestamp":"2026-04-03T07:36:20.729123Z","level":"info","event":"Filling up the DagBag from /opt/airflow/dags/product_reporting.py","logger":"airflow.models.dagbag.BundleDagBag","filename":"dagbag.py","lineno":593}
{"timestamp":"2026-04-03T07:36:20.731225Z","level":"info","event":"::group::Cosmos DAG parsing logs","logger":"cosmos.converter","filename":"converter.py","lineno":274}
{"timestamp":"2026-04-03T07:36:20.731538Z","level":"info","event":"Trying to parse the dbt project using dbt ls cache cosmos_cache__basic_cosmos_dag...","logger":"cosmos.dbt.graph","filename":"graph.py","lineno":689}
{"timestamp":"2026-04-03T07:36:20.741834Z","level":"info","event":"Cosmos performance: time to calculate cache identifier cosmos_cache__basic_cosmos_dag for current version: 0.004211207999105682","logger":"cosmos.cache","filename":"cache.py","lineno":345}
{"timestamp":"2026-04-03T07:36:20.741929Z","level":"info","event":"Cosmos performance [39c1bccfc631|285]: The cache size for cosmos_cache__basic_cosmos_dag is 21741","logger":"cosmos.dbt.graph","filename":"graph.py","lineno":706}
{"timestamp":"2026-04-03T07:36:20.742289Z","level":"info","event":"Cosmos performance: Cache hit for cosmos_cache__basic_cosmos_dag - d98397bc68fa791628916bda9a565a1d,d41d8cd98f00b204e9800998ecf8427e","logger":"cosmos.dbt.graph","filename":"graph.py","lineno":714}
{"timestamp":"2026-04-03T07:36:20.742577Z","level":"info","event":"Total nodes: 28","logger":"cosmos.dbt.graph","filename":"graph.py","lineno":619}
{"timestamp":"2026-04-03T07:36:20.742613Z","level":"info","event":"Total filtered nodes: 28","logger":"cosmos.dbt.graph","filename":"graph.py","lineno":620}
{"timestamp":"2026-04-03T07:36:20.746937Z","level":"info","event":"Cosmos performance (basic_cosmos_dag) -  [39c1bccfc631|285]: It took 0.0154s to parse the dbt project for DAG using LoadMode.DBT_LS_CACHE","logger":"cosmos.converter","filename":"converter.py","lineno":321}
{"timestamp":"2026-04-03T07:36:20.753736Z","level":"info","event":"Cosmos performance (basic_cosmos_dag) - [39c1bccfc631|285]: It took 0.0068s to build the Airflow DAG.","logger":"cosmos.converter","filename":"converter.py","lineno":367}
{"timestamp":"2026-04-03T07:36:20.753786Z","level":"info","event":"::endgroup::Cosmos DAG parsing logs","logger":"cosmos.converter","filename":"converter.py","lineno":370}
{"timestamp":"2026-04-03T07:36:21.203195Z","level":"info","event":"dbtRunner is available. Using dbtRunner for invoking dbt.","logger":"cosmos.operators.local","filename":"local.py","lineno":262}
{"timestamp":"2026-04-03T07:36:21.203410Z","level":"info","event":"Cloning project to writable temp directory /tmp/tmpeoknc43d from /opt/airflow/dags/include/jaffle_shop","logger":"cosmos.operators.local","filename":"local.py","lineno":494}
{"timestamp":"2026-04-03T07:36:21.205543Z","level":"info","event":"Partial parse is enabled and the latest partial parse file is /tmp/cosmos/basic_cosmos_dag/target/partial_parse.msgpack","logger":"cosmos.operators.local","filename":"local.py","lineno":514}
{"timestamp":"2026-04-03T07:36:21.209301Z","level":"info","event":"Profile caching is enable.","logger":"cosmos.config","filename":"config.py","lineno":384}
{"timestamp":"2026-04-03T07:36:21.215194Z","level":"info","event":"Profile found in cache using profile: /tmp/cosmos/profile/ff9ee88690030f97e4d80e74a591a9f71c64d9142b7e48e1a3bcfebe23a7f63d/profiles.yml.","logger":"cosmos.config","filename":"config.py","lineno":364}
{"timestamp":"2026-04-03T07:36:21.215834Z","level":"info","event":"Trying to run dbtRunner with:\n ['deps', '--project-dir', '/tmp/tmpeoknc43d', '--profiles-dir', '/tmp/cosmos/profile/ff9ee88690030f97e4d80e74a591a9f71c64d9142b7e48e1a3bcfebe23a7f63d', '--profile', 'jaffle_shop', '--target', 'dev', '--no-static-parser']\n in /tmp/tmpeoknc43d","logger":"cosmos.dbt.runner","filename":"runner.py","lineno":98}
{"timestamp":"2026-04-03T07:36:21.243489Z","level":"info","event":"\u001b[0m07:36:21  Running with dbt=1.11.7","logger":"task.stdout"}
{"timestamp":"2026-04-03T07:36:21.245047Z","level":"info","event":"\u001b[0m07:36:21  [\u001b[33mWARNING\u001b[0m][MissingPlusPrefixDeprecation]: Deprecated functionality","logger":"task.stdout"}
{"timestamp":"2026-04-03T07:36:21.245166Z","level":"info","event":"Missing '+' prefix on `materialized` found at `jaffle_shop.materialized` in file","logger":"task.stdout"}
{"timestamp":"2026-04-03T07:36:21.245230Z","level":"info","event":"`/tmp/tmpeoknc43d/dbt_project.yml`. Hierarchical config values without a '+'","logger":"task.stdout"}
{"timestamp":"2026-04-03T07:36:21.245293Z","level":"info","event":"prefix are deprecated in dbt_project.yml.","logger":"task.stdout"}
{"timestamp":"2026-04-03T07:36:21.451357Z","level":"info","event":"\u001b[0m07:36:21  Updating lock file in file path: /tmp/tmpeoknc43d/package-lock.yml","logger":"task.stdout"}
{"timestamp":"2026-04-03T07:36:21.454086Z","level":"info","event":"\u001b[0m07:36:21  Installing dbt-labs/dbt_utils","logger":"task.stdout"}
{"timestamp":"2026-04-03T07:36:21.780134Z","level":"info","event":"\u001b[0m07:36:21  Installed from version 1.1.1","logger":"task.stdout"}
{"timestamp":"2026-04-03T07:36:21.780362Z","level":"info","event":"\u001b[0m07:36:21  Updated version available: 1.3.3","logger":"task.stdout"}
{"timestamp":"2026-04-03T07:36:21.780872Z","level":"info","event":"\u001b[0m07:36:21","logger":"task.stdout"}
{"timestamp":"2026-04-03T07:36:21.781082Z","level":"info","event":"\u001b[0m07:36:21  Updates available for packages: ['dbt-labs/dbt_utils']","logger":"task.stdout"}
{"timestamp":"2026-04-03T07:36:21.781198Z","level":"info","event":"Update your versions in packages.yml, then run dbt deps","logger":"task.stdout"}
{"timestamp":"2026-04-03T07:36:21.781580Z","level":"info","event":"\u001b[0m07:36:21  [\u001b[33mWARNING\u001b[0m][DeprecationsSummary]: Deprecated functionality","logger":"task.stdout"}
{"timestamp":"2026-04-03T07:36:21.781657Z","level":"info","event":"Summary of encountered deprecations:","logger":"task.stdout"}
{"timestamp":"2026-04-03T07:36:21.781719Z","level":"info","event":"- MissingPlusPrefixDeprecation: 2 occurrences","logger":"task.stdout"}
{"timestamp":"2026-04-03T07:36:21.781780Z","level":"info","event":"To see all deprecation instances instead of just the first occurrence of each,","logger":"task.stdout"}
{"timestamp":"2026-04-03T07:36:21.781836Z","level":"info","event":"run command again with the `--show-all-deprecations` flag. You may also need to","logger":"task.stdout"}
{"timestamp":"2026-04-03T07:36:21.781893Z","level":"info","event":"run with `--no-partial-parse` as some deprecations are only encountered during","logger":"task.stdout"}
{"timestamp":"2026-04-03T07:36:21.781948Z","level":"info","event":"parsing.","logger":"task.stdout"}
{"timestamp":"2026-04-03T07:36:22.442991Z","level":"info","event":"Trying to run dbtRunner with:\n ['seed', '--select', 'fqn:jaffle_shop.raw_orders', '--full-refresh', '--project-dir', '/tmp/tmpeoknc43d', '--profiles-dir', '/tmp/cosmos/profile/ff9ee88690030f97e4d80e74a591a9f71c64d9142b7e48e1a3bcfebe23a7f63d', '--profile', 'jaffle_shop', '--target', 'dev', '--no-static-parser']\n in /tmp/tmpeoknc43d","logger":"cosmos.dbt.runner","filename":"runner.py","lineno":98}
{"timestamp":"2026-04-03T07:36:22.446339Z","level":"info","event":"\u001b[0m07:36:22  Running with dbt=1.11.7","logger":"task.stdout"}
{"timestamp":"2026-04-03T07:36:22.514638Z","level":"info","event":"\u001b[0m07:36:22  Registered adapter: postgres=1.10.0","logger":"task.stdout"}
{"timestamp":"2026-04-03T07:36:22.822489Z","level":"info","event":"\u001b[0m07:36:22  Found 5 models, 3 seeds, 20 data tests, 580 macros","logger":"task.stdout"}
{"timestamp":"2026-04-03T07:36:22.823476Z","level":"info","event":"\u001b[0m07:36:22","logger":"task.stdout"}
{"timestamp":"2026-04-03T07:36:22.823624Z","level":"info","event":"\u001b[0m07:36:22  Concurrency: 1 threads (target='dev')","logger":"task.stdout"}
{"timestamp":"2026-04-03T07:36:22.823754Z","level":"info","event":"\u001b[0m07:36:22","logger":"task.stdout"}
{"timestamp":"2026-04-03T07:36:22.871033Z","level":"info","event":"\u001b[0m07:36:22  1 of 1 START seed file public.raw_orders ....................................... [RUN]","logger":"task.stdout"}
{"timestamp":"2026-04-03T07:36:22.927992Z","level":"info","event":"\u001b[0m07:36:22  1 of 1 OK loaded seed file public.raw_orders ................................... [\u001b[32mCREATE 99\u001b[0m in 0.06s]","logger":"task.stdout"}
{"timestamp":"2026-04-03T07:36:22.936028Z","level":"info","event":"\u001b[0m07:36:22","logger":"task.stdout"}
{"timestamp":"2026-04-03T07:36:22.936190Z","level":"info","event":"\u001b[0m07:36:22  Finished running 1 seed in 0 hours 0 minutes and 0.11 seconds (0.11s).","logger":"task.stdout"}
{"timestamp":"2026-04-03T07:36:22.952949Z","level":"info","event":"\u001b[0m07:36:22","logger":"task.stdout"}
{"timestamp":"2026-04-03T07:36:22.953150Z","level":"info","event":"\u001b[0m07:36:22  \u001b[32mCompleted successfully\u001b[0m","logger":"task.stdout"}
{"timestamp":"2026-04-03T07:36:22.953242Z","level":"info","event":"\u001b[0m07:36:22","logger":"task.stdout"}
{"timestamp":"2026-04-03T07:36:22.953341Z","level":"info","event":"\u001b[0m07:36:22  Done. PASS=1 WARN=0 ERROR=0 SKIP=0 NO-OP=0 TOTAL=1","logger":"task.stdout"}
{"timestamp":"2026-04-03T07:36:22.953615Z","level":"info","event":"\u001b[0m07:36:22  [\u001b[33mWARNING\u001b[0m][DeprecationsSummary]: Deprecated functionality","logger":"task.stdout"}
{"timestamp":"2026-04-03T07:36:22.953701Z","level":"info","event":"Summary of encountered deprecations:","logger":"task.stdout"}
{"timestamp":"2026-04-03T07:36:22.953820Z","level":"info","event":"- MissingPlusPrefixDeprecation: 2 occurrences","logger":"task.stdout"}
{"timestamp":"2026-04-03T07:36:22.953927Z","level":"info","event":"To see all deprecation instances instead of just the first occurrence of each,","logger":"task.stdout"}
{"timestamp":"2026-04-03T07:36:22.954151Z","level":"info","event":"run command again with the `--show-all-deprecations` flag. You may also need to","logger":"task.stdout"}
{"timestamp":"2026-04-03T07:36:22.954388Z","level":"info","event":"run with `--no-partial-parse` as some deprecations are only encountered during","logger":"task.stdout"}
{"timestamp":"2026-04-03T07:36:22.954648Z","level":"info","event":"parsing.","logger":"task.stdout"}
{"timestamp":"2026-04-03T07:36:23.543342Z","level":"info","event":"Inlets: []","logger":"cosmos.operators.local","filename":"local.py","lineno":571}
{"timestamp":"2026-04-03T07:36:23.543409Z","level":"info","event":"Outlets: []","logger":"cosmos.operators.local","filename":"local.py","lineno":572}
{"timestamp":"2026-04-03T07:36:23.543453Z","level":"info","event":"Assigning outlets with DatasetAlias in Airflow 3","logger":"cosmos.operators.local","filename":"local.py","lineno":839}
