{"timestamp":"2026-04-02T20:15:31.404976Z","level":"info","event":"Stats instance was created in PID 7 but accessed in PID 1458. Re-initializing.","logger":"airflow.stats","filename":"stats.py","lineno":57}
{"timestamp":"2026-04-02T20:15:31.419571Z","level":"info","event":"DAG bundles loaded: dags-folder","logger":"airflow.dag_processing.bundles.manager.DagBundlesManager","filename":"manager.py","lineno":179}
{"timestamp":"2026-04-02T20:15:31.419832Z","level":"info","event":"Filling up the DagBag from /opt/airflow/dags/product_reporting.py","logger":"airflow.models.dagbag.BundleDagBag","filename":"dagbag.py","lineno":593}
{"timestamp":"2026-04-02T20:15:31.422393Z","level":"info","event":"::group::Cosmos DAG parsing logs","logger":"cosmos.converter","filename":"converter.py","lineno":274}
{"timestamp":"2026-04-02T20:15:31.422763Z","level":"info","event":"Trying to parse the dbt project using dbt ls cache cosmos_cache__basic_cosmos_dag...","logger":"cosmos.dbt.graph","filename":"graph.py","lineno":689}
{"timestamp":"2026-04-02T20:15:31.435407Z","level":"info","event":"Cosmos performance: time to calculate cache identifier cosmos_cache__basic_cosmos_dag for current version: 0.0053985409995220834","logger":"cosmos.cache","filename":"cache.py","lineno":345}
{"timestamp":"2026-04-02T20:15:31.435493Z","level":"info","event":"Cosmos performance [39c1bccfc631|1458]: The cache size for cosmos_cache__basic_cosmos_dag is 21741","logger":"cosmos.dbt.graph","filename":"graph.py","lineno":706}
{"timestamp":"2026-04-02T20:15:31.435908Z","level":"info","event":"Cosmos performance: Cache hit for cosmos_cache__basic_cosmos_dag - d98397bc68fa791628916bda9a565a1d,d41d8cd98f00b204e9800998ecf8427e","logger":"cosmos.dbt.graph","filename":"graph.py","lineno":714}
{"timestamp":"2026-04-02T20:15:31.436245Z","level":"info","event":"Total nodes: 28","logger":"cosmos.dbt.graph","filename":"graph.py","lineno":619}
{"timestamp":"2026-04-02T20:15:31.436277Z","level":"info","event":"Total filtered nodes: 28","logger":"cosmos.dbt.graph","filename":"graph.py","lineno":620}
{"timestamp":"2026-04-02T20:15:31.441520Z","level":"info","event":"Cosmos performance (basic_cosmos_dag) -  [39c1bccfc631|1458]: It took 0.0188s to parse the dbt project for DAG using LoadMode.DBT_LS_CACHE","logger":"cosmos.converter","filename":"converter.py","lineno":321}
{"timestamp":"2026-04-02T20:15:31.447264Z","level":"info","event":"Cosmos performance (basic_cosmos_dag) - [39c1bccfc631|1458]: It took 0.00577s to build the Airflow DAG.","logger":"cosmos.converter","filename":"converter.py","lineno":367}
{"timestamp":"2026-04-02T20:15:31.447320Z","level":"info","event":"::endgroup::Cosmos DAG parsing logs","logger":"cosmos.converter","filename":"converter.py","lineno":370}
{"timestamp":"2026-04-02T20:15:31.906672Z","level":"info","event":"dbtRunner is available. Using dbtRunner for invoking dbt.","logger":"cosmos.operators.local","filename":"local.py","lineno":262}
{"timestamp":"2026-04-02T20:15:31.906898Z","level":"info","event":"Cloning project to writable temp directory /tmp/tmp59no6hx5 from /opt/airflow/dags/include/jaffle_shop","logger":"cosmos.operators.local","filename":"local.py","lineno":494}
{"timestamp":"2026-04-02T20:15:31.909034Z","level":"info","event":"Partial parse is enabled and the latest partial parse file is /tmp/cosmos/basic_cosmos_dag/target/partial_parse.msgpack","logger":"cosmos.operators.local","filename":"local.py","lineno":514}
{"timestamp":"2026-04-02T20:15:31.912862Z","level":"info","event":"Profile caching is enable.","logger":"cosmos.config","filename":"config.py","lineno":384}
{"timestamp":"2026-04-02T20:15:31.919669Z","level":"info","event":"Profile found in cache using profile: /tmp/cosmos/profile/ff9ee88690030f97e4d80e74a591a9f71c64d9142b7e48e1a3bcfebe23a7f63d/profiles.yml.","logger":"cosmos.config","filename":"config.py","lineno":364}
{"timestamp":"2026-04-02T20:15:31.920258Z","level":"info","event":"Trying to run dbtRunner with:\n ['deps', '--project-dir', '/tmp/tmp59no6hx5', '--profiles-dir', '/tmp/cosmos/profile/ff9ee88690030f97e4d80e74a591a9f71c64d9142b7e48e1a3bcfebe23a7f63d', '--profile', 'jaffle_shop', '--target', 'dev', '--no-static-parser']\n in /tmp/tmp59no6hx5","logger":"cosmos.dbt.runner","filename":"runner.py","lineno":98}
{"timestamp":"2026-04-02T20:15:31.947972Z","level":"info","event":"\u001b[0m20:15:31  Running with dbt=1.11.7","logger":"task.stdout"}
{"timestamp":"2026-04-02T20:15:31.949530Z","level":"info","event":"\u001b[0m20:15:31  [\u001b[33mWARNING\u001b[0m][MissingPlusPrefixDeprecation]: Deprecated functionality","logger":"task.stdout"}
{"timestamp":"2026-04-02T20:15:31.949601Z","level":"info","event":"Missing '+' prefix on `materialized` found at `jaffle_shop.staging.materialized`","logger":"task.stdout"}
{"timestamp":"2026-04-02T20:15:31.949670Z","level":"info","event":"in file `/tmp/tmp59no6hx5/dbt_project.yml`. Hierarchical config values without a","logger":"task.stdout"}
{"timestamp":"2026-04-02T20:15:31.949761Z","level":"info","event":"'+' prefix are deprecated in dbt_project.yml.","logger":"task.stdout"}
{"timestamp":"2026-04-02T20:15:32.111391Z","level":"info","event":"\u001b[0m20:15:32  Updating lock file in file path: /tmp/tmp59no6hx5/package-lock.yml","logger":"task.stdout"}
{"timestamp":"2026-04-02T20:15:32.114072Z","level":"info","event":"\u001b[0m20:15:32  Installing dbt-labs/dbt_utils","logger":"task.stdout"}
{"timestamp":"2026-04-02T20:15:32.450304Z","level":"info","event":"\u001b[0m20:15:32  Installed from version 1.1.1","logger":"task.stdout"}
{"timestamp":"2026-04-02T20:15:32.450493Z","level":"info","event":"\u001b[0m20:15:32  Updated version available: 1.3.3","logger":"task.stdout"}
{"timestamp":"2026-04-02T20:15:32.450999Z","level":"info","event":"\u001b[0m20:15:32","logger":"task.stdout"}
{"timestamp":"2026-04-02T20:15:32.451199Z","level":"info","event":"\u001b[0m20:15:32  Updates available for packages: ['dbt-labs/dbt_utils']","logger":"task.stdout"}
{"timestamp":"2026-04-02T20:15:32.451274Z","level":"info","event":"Update your versions in packages.yml, then run dbt deps","logger":"task.stdout"}
{"timestamp":"2026-04-02T20:15:32.451669Z","level":"info","event":"\u001b[0m20:15:32  [\u001b[33mWARNING\u001b[0m][DeprecationsSummary]: Deprecated functionality","logger":"task.stdout"}
{"timestamp":"2026-04-02T20:15:32.451768Z","level":"info","event":"Summary of encountered deprecations:","logger":"task.stdout"}
{"timestamp":"2026-04-02T20:15:32.451854Z","level":"info","event":"- MissingPlusPrefixDeprecation: 2 occurrences","logger":"task.stdout"}
{"timestamp":"2026-04-02T20:15:32.451935Z","level":"info","event":"To see all deprecation instances instead of just the first occurrence of each,","logger":"task.stdout"}
{"timestamp":"2026-04-02T20:15:32.452024Z","level":"info","event":"run command again with the `--show-all-deprecations` flag. You may also need to","logger":"task.stdout"}
{"timestamp":"2026-04-02T20:15:32.452123Z","level":"info","event":"run with `--no-partial-parse` as some deprecations are only encountered during","logger":"task.stdout"}
{"timestamp":"2026-04-02T20:15:32.452236Z","level":"info","event":"parsing.","logger":"task.stdout"}
{"timestamp":"2026-04-02T20:15:33.065328Z","level":"info","event":"Trying to run dbtRunner with:\n ['seed', '--select', 'fqn:jaffle_shop.raw_payments', '--full-refresh', '--project-dir', '/tmp/tmp59no6hx5', '--profiles-dir', '/tmp/cosmos/profile/ff9ee88690030f97e4d80e74a591a9f71c64d9142b7e48e1a3bcfebe23a7f63d', '--profile', 'jaffle_shop', '--target', 'dev', '--no-static-parser']\n in /tmp/tmp59no6hx5","logger":"cosmos.dbt.runner","filename":"runner.py","lineno":98}
{"timestamp":"2026-04-02T20:15:33.068682Z","level":"info","event":"\u001b[0m20:15:33  Running with dbt=1.11.7","logger":"task.stdout"}
{"timestamp":"2026-04-02T20:15:33.136308Z","level":"info","event":"\u001b[0m20:15:33  Registered adapter: postgres=1.10.0","logger":"task.stdout"}
{"timestamp":"2026-04-02T20:15:33.449735Z","level":"info","event":"\u001b[0m20:15:33  Found 5 models, 3 seeds, 20 data tests, 580 macros","logger":"task.stdout"}
{"timestamp":"2026-04-02T20:15:33.450722Z","level":"info","event":"\u001b[0m20:15:33","logger":"task.stdout"}
{"timestamp":"2026-04-02T20:15:33.450890Z","level":"info","event":"\u001b[0m20:15:33  Concurrency: 1 threads (target='dev')","logger":"task.stdout"}
{"timestamp":"2026-04-02T20:15:33.451008Z","level":"info","event":"\u001b[0m20:15:33","logger":"task.stdout"}
{"timestamp":"2026-04-02T20:15:33.497390Z","level":"info","event":"\u001b[0m20:15:33  1 of 1 START seed file public.raw_payments ..................................... [RUN]","logger":"task.stdout"}
{"timestamp":"2026-04-02T20:15:33.554834Z","level":"info","event":"\u001b[0m20:15:33  1 of 1 OK loaded seed file public.raw_payments ................................. [\u001b[32mCREATE 113\u001b[0m in 0.06s]","logger":"task.stdout"}
{"timestamp":"2026-04-02T20:15:33.561512Z","level":"info","event":"\u001b[0m20:15:33","logger":"task.stdout"}
{"timestamp":"2026-04-02T20:15:33.561683Z","level":"info","event":"\u001b[0m20:15:33  Finished running 1 seed in 0 hours 0 minutes and 0.11 seconds (0.11s).","logger":"task.stdout"}
{"timestamp":"2026-04-02T20:15:33.577698Z","level":"info","event":"\u001b[0m20:15:33","logger":"task.stdout"}
{"timestamp":"2026-04-02T20:15:33.577768Z","level":"info","event":"\u001b[0m20:15:33  \u001b[32mCompleted successfully\u001b[0m","logger":"task.stdout"}
{"timestamp":"2026-04-02T20:15:33.577831Z","level":"info","event":"\u001b[0m20:15:33","logger":"task.stdout"}
{"timestamp":"2026-04-02T20:15:33.578157Z","level":"info","event":"\u001b[0m20:15:33  Done. PASS=1 WARN=0 ERROR=0 SKIP=0 NO-OP=0 TOTAL=1","logger":"task.stdout"}
{"timestamp":"2026-04-02T20:15:33.578359Z","level":"info","event":"\u001b[0m20:15:33  [\u001b[33mWARNING\u001b[0m][DeprecationsSummary]: Deprecated functionality","logger":"task.stdout"}
{"timestamp":"2026-04-02T20:15:33.578402Z","level":"info","event":"Summary of encountered deprecations:","logger":"task.stdout"}
{"timestamp":"2026-04-02T20:15:33.578435Z","level":"info","event":"- MissingPlusPrefixDeprecation: 2 occurrences","logger":"task.stdout"}
{"timestamp":"2026-04-02T20:15:33.578466Z","level":"info","event":"To see all deprecation instances instead of just the first occurrence of each,","logger":"task.stdout"}
{"timestamp":"2026-04-02T20:15:33.578497Z","level":"info","event":"run command again with the `--show-all-deprecations` flag. You may also need to","logger":"task.stdout"}
{"timestamp":"2026-04-02T20:15:33.578526Z","level":"info","event":"run with `--no-partial-parse` as some deprecations are only encountered during","logger":"task.stdout"}
{"timestamp":"2026-04-02T20:15:33.578756Z","level":"info","event":"parsing.","logger":"task.stdout"}
{"timestamp":"2026-04-02T20:15:34.224647Z","level":"info","event":"Inlets: []","logger":"cosmos.operators.local","filename":"local.py","lineno":571}
{"timestamp":"2026-04-02T20:15:34.224746Z","level":"info","event":"Outlets: []","logger":"cosmos.operators.local","filename":"local.py","lineno":572}
{"timestamp":"2026-04-02T20:15:34.224807Z","level":"info","event":"Assigning outlets with DatasetAlias in Airflow 3","logger":"cosmos.operators.local","filename":"local.py","lineno":839}
