{"timestamp":"2026-04-02T20:14:38.115627Z","level":"info","event":"Stats instance was created in PID 7 but accessed in PID 1143. Re-initializing.","logger":"airflow.stats","filename":"stats.py","lineno":57}
{"timestamp":"2026-04-02T20:14:38.129928Z","level":"info","event":"DAG bundles loaded: dags-folder","logger":"airflow.dag_processing.bundles.manager.DagBundlesManager","filename":"manager.py","lineno":179}
{"timestamp":"2026-04-02T20:14:38.130238Z","level":"info","event":"Filling up the DagBag from /opt/airflow/dags/product_reporting.py","logger":"airflow.models.dagbag.BundleDagBag","filename":"dagbag.py","lineno":593}
{"timestamp":"2026-04-02T20:14:38.132593Z","level":"info","event":"::group::Cosmos DAG parsing logs","logger":"cosmos.converter","filename":"converter.py","lineno":274}
{"timestamp":"2026-04-02T20:14:38.132946Z","level":"info","event":"Trying to parse the dbt project using dbt ls cache cosmos_cache__basic_cosmos_dag...","logger":"cosmos.dbt.graph","filename":"graph.py","lineno":689}
{"timestamp":"2026-04-02T20:14:38.145491Z","level":"info","event":"Cosmos performance: time to calculate cache identifier cosmos_cache__basic_cosmos_dag for current version: 0.005396709000706323","logger":"cosmos.cache","filename":"cache.py","lineno":345}
{"timestamp":"2026-04-02T20:14:38.145577Z","level":"info","event":"Cosmos performance [39c1bccfc631|1143]: The cache size for cosmos_cache__basic_cosmos_dag is 21741","logger":"cosmos.dbt.graph","filename":"graph.py","lineno":706}
{"timestamp":"2026-04-02T20:14:38.145866Z","level":"info","event":"Cosmos performance: Cache hit for cosmos_cache__basic_cosmos_dag - d98397bc68fa791628916bda9a565a1d,d41d8cd98f00b204e9800998ecf8427e","logger":"cosmos.dbt.graph","filename":"graph.py","lineno":714}
{"timestamp":"2026-04-02T20:14:38.146305Z","level":"info","event":"Total nodes: 28","logger":"cosmos.dbt.graph","filename":"graph.py","lineno":619}
{"timestamp":"2026-04-02T20:14:38.146360Z","level":"info","event":"Total filtered nodes: 28","logger":"cosmos.dbt.graph","filename":"graph.py","lineno":620}
{"timestamp":"2026-04-02T20:14:38.151743Z","level":"info","event":"Cosmos performance (basic_cosmos_dag) -  [39c1bccfc631|1143]: It took 0.0188s to parse the dbt project for DAG using LoadMode.DBT_LS_CACHE","logger":"cosmos.converter","filename":"converter.py","lineno":321}
{"timestamp":"2026-04-02T20:14:38.158019Z","level":"info","event":"Cosmos performance (basic_cosmos_dag) - [39c1bccfc631|1143]: It took 0.00629s to build the Airflow DAG.","logger":"cosmos.converter","filename":"converter.py","lineno":367}
{"timestamp":"2026-04-02T20:14:38.158075Z","level":"info","event":"::endgroup::Cosmos DAG parsing logs","logger":"cosmos.converter","filename":"converter.py","lineno":370}
{"timestamp":"2026-04-02T20:14:38.622413Z","level":"info","event":"dbtRunner is available. Using dbtRunner for invoking dbt.","logger":"cosmos.operators.local","filename":"local.py","lineno":262}
{"timestamp":"2026-04-02T20:14:38.622628Z","level":"info","event":"Cloning project to writable temp directory /tmp/tmpzzy8oibe from /opt/airflow/dags/include/jaffle_shop","logger":"cosmos.operators.local","filename":"local.py","lineno":494}
{"timestamp":"2026-04-02T20:14:38.624774Z","level":"info","event":"Partial parse is enabled and the latest partial parse file is /tmp/cosmos/basic_cosmos_dag/target/partial_parse.msgpack","logger":"cosmos.operators.local","filename":"local.py","lineno":514}
{"timestamp":"2026-04-02T20:14:38.628634Z","level":"info","event":"Profile caching is enable.","logger":"cosmos.config","filename":"config.py","lineno":384}
{"timestamp":"2026-04-02T20:14:38.636123Z","level":"info","event":"Profile found in cache using profile: /tmp/cosmos/profile/ff9ee88690030f97e4d80e74a591a9f71c64d9142b7e48e1a3bcfebe23a7f63d/profiles.yml.","logger":"cosmos.config","filename":"config.py","lineno":364}
{"timestamp":"2026-04-02T20:14:38.636729Z","level":"info","event":"Trying to run dbtRunner with:\n ['deps', '--project-dir', '/tmp/tmpzzy8oibe', '--profiles-dir', '/tmp/cosmos/profile/ff9ee88690030f97e4d80e74a591a9f71c64d9142b7e48e1a3bcfebe23a7f63d', '--profile', 'jaffle_shop', '--target', 'dev', '--no-static-parser']\n in /tmp/tmpzzy8oibe","logger":"cosmos.dbt.runner","filename":"runner.py","lineno":98}
{"timestamp":"2026-04-02T20:14:38.663472Z","level":"info","event":"\u001b[0m20:14:38  Running with dbt=1.11.7","logger":"task.stdout"}
{"timestamp":"2026-04-02T20:14:38.665109Z","level":"info","event":"\u001b[0m20:14:38  [\u001b[33mWARNING\u001b[0m][MissingPlusPrefixDeprecation]: Deprecated functionality","logger":"task.stdout"}
{"timestamp":"2026-04-02T20:14:38.665212Z","level":"info","event":"Missing '+' prefix on `materialized` found at `jaffle_shop.staging.materialized`","logger":"task.stdout"}
{"timestamp":"2026-04-02T20:14:38.665365Z","level":"info","event":"in file `/tmp/tmpzzy8oibe/dbt_project.yml`. Hierarchical config values without a","logger":"task.stdout"}
{"timestamp":"2026-04-02T20:14:38.665448Z","level":"info","event":"'+' prefix are deprecated in dbt_project.yml.","logger":"task.stdout"}
{"timestamp":"2026-04-02T20:14:38.833931Z","level":"info","event":"\u001b[0m20:14:38  Updating lock file in file path: /tmp/tmpzzy8oibe/package-lock.yml","logger":"task.stdout"}
{"timestamp":"2026-04-02T20:14:38.836610Z","level":"info","event":"\u001b[0m20:14:38  Installing dbt-labs/dbt_utils","logger":"task.stdout"}
{"timestamp":"2026-04-02T20:14:39.195881Z","level":"info","event":"\u001b[0m20:14:39  Installed from version 1.1.1","logger":"task.stdout"}
{"timestamp":"2026-04-02T20:14:39.196310Z","level":"info","event":"\u001b[0m20:14:39  Updated version available: 1.3.3","logger":"task.stdout"}
{"timestamp":"2026-04-02T20:14:39.196485Z","level":"info","event":"\u001b[0m20:14:39","logger":"task.stdout"}
{"timestamp":"2026-04-02T20:14:39.196666Z","level":"info","event":"\u001b[0m20:14:39  Updates available for packages: ['dbt-labs/dbt_utils']","logger":"task.stdout"}
{"timestamp":"2026-04-02T20:14:39.197224Z","level":"info","event":"Update your versions in packages.yml, then run dbt deps","logger":"task.stdout"}
{"timestamp":"2026-04-02T20:14:39.197352Z","level":"info","event":"\u001b[0m20:14:39  [\u001b[33mWARNING\u001b[0m][DeprecationsSummary]: Deprecated functionality","logger":"task.stdout"}
{"timestamp":"2026-04-02T20:14:39.198036Z","level":"info","event":"Summary of encountered deprecations:","logger":"task.stdout"}
{"timestamp":"2026-04-02T20:14:39.198108Z","level":"info","event":"- MissingPlusPrefixDeprecation: 2 occurrences","logger":"task.stdout"}
{"timestamp":"2026-04-02T20:14:39.198195Z","level":"info","event":"To see all deprecation instances instead of just the first occurrence of each,","logger":"task.stdout"}
{"timestamp":"2026-04-02T20:14:39.198280Z","level":"info","event":"run command again with the `--show-all-deprecations` flag. You may also need to","logger":"task.stdout"}
{"timestamp":"2026-04-02T20:14:39.198373Z","level":"info","event":"run with `--no-partial-parse` as some deprecations are only encountered during","logger":"task.stdout"}
{"timestamp":"2026-04-02T20:14:39.198467Z","level":"info","event":"parsing.","logger":"task.stdout"}
{"timestamp":"2026-04-02T20:14:39.783688Z","level":"info","event":"Trying to run dbtRunner with:\n ['seed', '--select', 'fqn:jaffle_shop.raw_customers', '--full-refresh', '--project-dir', '/tmp/tmpzzy8oibe', '--profiles-dir', '/tmp/cosmos/profile/ff9ee88690030f97e4d80e74a591a9f71c64d9142b7e48e1a3bcfebe23a7f63d', '--profile', 'jaffle_shop', '--target', 'dev', '--no-static-parser']\n in /tmp/tmpzzy8oibe","logger":"cosmos.dbt.runner","filename":"runner.py","lineno":98}
{"timestamp":"2026-04-02T20:14:39.786812Z","level":"info","event":"\u001b[0m20:14:39  Running with dbt=1.11.7","logger":"task.stdout"}
{"timestamp":"2026-04-02T20:14:39.855692Z","level":"info","event":"\u001b[0m20:14:39  Registered adapter: postgres=1.10.0","logger":"task.stdout"}
{"timestamp":"2026-04-02T20:14:40.158697Z","level":"info","event":"\u001b[0m20:14:40  Found 5 models, 3 seeds, 20 data tests, 580 macros","logger":"task.stdout"}
{"timestamp":"2026-04-02T20:14:40.159701Z","level":"info","event":"\u001b[0m20:14:40","logger":"task.stdout"}
{"timestamp":"2026-04-02T20:14:40.159849Z","level":"info","event":"\u001b[0m20:14:40  Concurrency: 1 threads (target='dev')","logger":"task.stdout"}
{"timestamp":"2026-04-02T20:14:40.159980Z","level":"info","event":"\u001b[0m20:14:40","logger":"task.stdout"}
{"timestamp":"2026-04-02T20:14:40.206452Z","level":"info","event":"\u001b[0m20:14:40  1 of 1 START seed file public.raw_customers .................................... [RUN]","logger":"task.stdout"}
{"timestamp":"2026-04-02T20:14:40.260353Z","level":"info","event":"\u001b[0m20:14:40  1 of 1 OK loaded seed file public.raw_customers ................................ [\u001b[32mCREATE 100\u001b[0m in 0.05s]","logger":"task.stdout"}
{"timestamp":"2026-04-02T20:14:40.267692Z","level":"info","event":"\u001b[0m20:14:40","logger":"task.stdout"}
{"timestamp":"2026-04-02T20:14:40.267919Z","level":"info","event":"\u001b[0m20:14:40  Finished running 1 seed in 0 hours 0 minutes and 0.11 seconds (0.11s).","logger":"task.stdout"}
{"timestamp":"2026-04-02T20:14:40.284156Z","level":"info","event":"\u001b[0m20:14:40","logger":"task.stdout"}
{"timestamp":"2026-04-02T20:14:40.284302Z","level":"info","event":"\u001b[0m20:14:40  \u001b[32mCompleted successfully\u001b[0m","logger":"task.stdout"}
{"timestamp":"2026-04-02T20:14:40.284460Z","level":"info","event":"\u001b[0m20:14:40","logger":"task.stdout"}
{"timestamp":"2026-04-02T20:14:40.284609Z","level":"info","event":"\u001b[0m20:14:40  Done. PASS=1 WARN=0 ERROR=0 SKIP=0 NO-OP=0 TOTAL=1","logger":"task.stdout"}
{"timestamp":"2026-04-02T20:14:40.284872Z","level":"info","event":"\u001b[0m20:14:40  [\u001b[33mWARNING\u001b[0m][DeprecationsSummary]: Deprecated functionality","logger":"task.stdout"}
{"timestamp":"2026-04-02T20:14:40.284909Z","level":"info","event":"Summary of encountered deprecations:","logger":"task.stdout"}
{"timestamp":"2026-04-02T20:14:40.284942Z","level":"info","event":"- MissingPlusPrefixDeprecation: 2 occurrences","logger":"task.stdout"}
{"timestamp":"2026-04-02T20:14:40.284974Z","level":"info","event":"To see all deprecation instances instead of just the first occurrence of each,","logger":"task.stdout"}
{"timestamp":"2026-04-02T20:14:40.285008Z","level":"info","event":"run command again with the `--show-all-deprecations` flag. You may also need to","logger":"task.stdout"}
{"timestamp":"2026-04-02T20:14:40.285042Z","level":"info","event":"run with `--no-partial-parse` as some deprecations are only encountered during","logger":"task.stdout"}
{"timestamp":"2026-04-02T20:14:40.285073Z","level":"info","event":"parsing.","logger":"task.stdout"}
{"timestamp":"2026-04-02T20:14:40.878740Z","level":"info","event":"Inlets: []","logger":"cosmos.operators.local","filename":"local.py","lineno":571}
{"timestamp":"2026-04-02T20:14:40.878802Z","level":"info","event":"Outlets: []","logger":"cosmos.operators.local","filename":"local.py","lineno":572}
{"timestamp":"2026-04-02T20:14:40.878856Z","level":"info","event":"Assigning outlets with DatasetAlias in Airflow 3","logger":"cosmos.operators.local","filename":"local.py","lineno":839}
