{"timestamp":"2026-04-02T20:08:30.304955Z","level":"info","event":"Stats instance was created in PID 7 but accessed in PID 247. Re-initializing.","logger":"airflow.stats","filename":"stats.py","lineno":57}
{"timestamp":"2026-04-02T20:08:30.317058Z","level":"info","event":"DAG bundles loaded: dags-folder","logger":"airflow.dag_processing.bundles.manager.DagBundlesManager","filename":"manager.py","lineno":179}
{"timestamp":"2026-04-02T20:08:30.317665Z","level":"info","event":"Filling up the DagBag from /opt/airflow/dags/product_reporting.py","logger":"airflow.models.dagbag.BundleDagBag","filename":"dagbag.py","lineno":593}
{"timestamp":"2026-04-02T20:08:30.319816Z","level":"info","event":"::group::Cosmos DAG parsing logs","logger":"cosmos.converter","filename":"converter.py","lineno":274}
{"timestamp":"2026-04-02T20:08:30.320139Z","level":"info","event":"Trying to parse the dbt project using dbt ls cache cosmos_cache__basic_cosmos_dag...","logger":"cosmos.dbt.graph","filename":"graph.py","lineno":689}
{"timestamp":"2026-04-02T20:08:30.327906Z","level":"info","event":"Cosmos performance: time to calculate cache identifier cosmos_cache__basic_cosmos_dag for current version: 0.0037755419998575235","logger":"cosmos.cache","filename":"cache.py","lineno":345}
{"timestamp":"2026-04-02T20:08:30.327971Z","level":"info","event":"Cosmos performance [39c1bccfc631|247]: The cache size for cosmos_cache__basic_cosmos_dag is 21741","logger":"cosmos.dbt.graph","filename":"graph.py","lineno":706}
{"timestamp":"2026-04-02T20:08:30.328295Z","level":"info","event":"Cosmos performance: Cache hit for cosmos_cache__basic_cosmos_dag - d98397bc68fa791628916bda9a565a1d,d41d8cd98f00b204e9800998ecf8427e","logger":"cosmos.dbt.graph","filename":"graph.py","lineno":714}
{"timestamp":"2026-04-02T20:08:30.328532Z","level":"info","event":"Total nodes: 28","logger":"cosmos.dbt.graph","filename":"graph.py","lineno":619}
{"timestamp":"2026-04-02T20:08:30.328558Z","level":"info","event":"Total filtered nodes: 28","logger":"cosmos.dbt.graph","filename":"graph.py","lineno":620}
{"timestamp":"2026-04-02T20:08:30.332227Z","level":"info","event":"Cosmos performance (basic_cosmos_dag) -  [39c1bccfc631|247]: It took 0.0121s to parse the dbt project for DAG using LoadMode.DBT_LS_CACHE","logger":"cosmos.converter","filename":"converter.py","lineno":321}
{"timestamp":"2026-04-02T20:08:30.338188Z","level":"info","event":"Cosmos performance (basic_cosmos_dag) - [39c1bccfc631|247]: It took 0.00596s to build the Airflow DAG.","logger":"cosmos.converter","filename":"converter.py","lineno":367}
{"timestamp":"2026-04-02T20:08:30.338329Z","level":"info","event":"::endgroup::Cosmos DAG parsing logs","logger":"cosmos.converter","filename":"converter.py","lineno":370}
{"timestamp":"2026-04-02T20:08:30.750708Z","level":"info","event":"dbtRunner is available. Using dbtRunner for invoking dbt.","logger":"cosmos.operators.local","filename":"local.py","lineno":262}
{"timestamp":"2026-04-02T20:08:30.751106Z","level":"info","event":"Cloning project to writable temp directory /tmp/tmp_yyb7pfc from /opt/airflow/dags/include/jaffle_shop","logger":"cosmos.operators.local","filename":"local.py","lineno":494}
{"timestamp":"2026-04-02T20:08:30.753068Z","level":"info","event":"Partial parse is enabled and the latest partial parse file is /tmp/cosmos/basic_cosmos_dag/target/partial_parse.msgpack","logger":"cosmos.operators.local","filename":"local.py","lineno":514}
{"timestamp":"2026-04-02T20:08:30.756727Z","level":"info","event":"Profile caching is enable.","logger":"cosmos.config","filename":"config.py","lineno":384}
{"timestamp":"2026-04-02T20:08:30.760567Z","level":"info","event":"Profile found in cache using profile: /tmp/cosmos/profile/be59d156b1f5ad15a74db0cb26dd2774dca7cdd836ebe6b77714bc101ba0d930/profiles.yml.","logger":"cosmos.config","filename":"config.py","lineno":364}
{"timestamp":"2026-04-02T20:08:30.761102Z","level":"info","event":"Trying to run dbtRunner with:\n ['deps', '--project-dir', '/tmp/tmp_yyb7pfc', '--profiles-dir', '/tmp/cosmos/profile/be59d156b1f5ad15a74db0cb26dd2774dca7cdd836ebe6b77714bc101ba0d930', '--profile', 'jaffle_shop', '--target', 'dev', '--no-static-parser']\n in /tmp/tmp_yyb7pfc","logger":"cosmos.dbt.runner","filename":"runner.py","lineno":98}
{"timestamp":"2026-04-02T20:08:30.786559Z","level":"info","event":"\u001b[0m20:08:30  Running with dbt=1.11.7","logger":"task.stdout"}
{"timestamp":"2026-04-02T20:08:30.788073Z","level":"info","event":"\u001b[0m20:08:30  [\u001b[33mWARNING\u001b[0m][MissingPlusPrefixDeprecation]: Deprecated functionality","logger":"task.stdout"}
{"timestamp":"2026-04-02T20:08:30.788130Z","level":"info","event":"Missing '+' prefix on `materialized` found at `jaffle_shop.staging.materialized`","logger":"task.stdout"}
{"timestamp":"2026-04-02T20:08:30.788173Z","level":"info","event":"in file `/tmp/tmp_yyb7pfc/dbt_project.yml`. Hierarchical config values without a","logger":"task.stdout"}
{"timestamp":"2026-04-02T20:08:30.788209Z","level":"info","event":"'+' prefix are deprecated in dbt_project.yml.","logger":"task.stdout"}
{"timestamp":"2026-04-02T20:08:30.948751Z","level":"info","event":"\u001b[0m20:08:30  Updating lock file in file path: /tmp/tmp_yyb7pfc/package-lock.yml","logger":"task.stdout"}
{"timestamp":"2026-04-02T20:08:30.951631Z","level":"info","event":"\u001b[0m20:08:30  Installing dbt-labs/dbt_utils","logger":"task.stdout"}
{"timestamp":"2026-04-02T20:08:31.294753Z","level":"info","event":"\u001b[0m20:08:31  Installed from version 1.1.1","logger":"task.stdout"}
{"timestamp":"2026-04-02T20:08:31.295909Z","level":"info","event":"\u001b[0m20:08:31  Updated version available: 1.3.3","logger":"task.stdout"}
{"timestamp":"2026-04-02T20:08:31.295981Z","level":"info","event":"\u001b[0m20:08:31","logger":"task.stdout"}
{"timestamp":"2026-04-02T20:08:31.296064Z","level":"info","event":"\u001b[0m20:08:31  Updates available for packages: ['dbt-labs/dbt_utils']","logger":"task.stdout"}
{"timestamp":"2026-04-02T20:08:31.296120Z","level":"info","event":"Update your versions in packages.yml, then run dbt deps","logger":"task.stdout"}
{"timestamp":"2026-04-02T20:08:31.296677Z","level":"info","event":"\u001b[0m20:08:31  [\u001b[33mWARNING\u001b[0m][DeprecationsSummary]: Deprecated functionality","logger":"task.stdout"}
{"timestamp":"2026-04-02T20:08:31.296746Z","level":"info","event":"Summary of encountered deprecations:","logger":"task.stdout"}
{"timestamp":"2026-04-02T20:08:31.296802Z","level":"info","event":"- MissingPlusPrefixDeprecation: 2 occurrences","logger":"task.stdout"}
{"timestamp":"2026-04-02T20:08:31.296852Z","level":"info","event":"To see all deprecation instances instead of just the first occurrence of each,","logger":"task.stdout"}
{"timestamp":"2026-04-02T20:08:31.297895Z","level":"info","event":"run command again with the `--show-all-deprecations` flag. You may also need to","logger":"task.stdout"}
{"timestamp":"2026-04-02T20:08:31.298092Z","level":"info","event":"run with `--no-partial-parse` as some deprecations are only encountered during","logger":"task.stdout"}
{"timestamp":"2026-04-02T20:08:31.298533Z","level":"info","event":"parsing.","logger":"task.stdout"}
{"timestamp":"2026-04-02T20:08:31.945164Z","level":"info","event":"Trying to run dbtRunner with:\n ['seed', '--select', 'fqn:jaffle_shop.raw_payments', '--full-refresh', '--project-dir', '/tmp/tmp_yyb7pfc', '--profiles-dir', '/tmp/cosmos/profile/be59d156b1f5ad15a74db0cb26dd2774dca7cdd836ebe6b77714bc101ba0d930', '--profile', 'jaffle_shop', '--target', 'dev', '--no-static-parser']\n in /tmp/tmp_yyb7pfc","logger":"cosmos.dbt.runner","filename":"runner.py","lineno":98}
{"timestamp":"2026-04-02T20:08:31.948226Z","level":"info","event":"\u001b[0m20:08:31  Running with dbt=1.11.7","logger":"task.stdout"}
{"timestamp":"2026-04-02T20:08:32.006589Z","level":"info","event":"\u001b[0m20:08:32  Registered adapter: postgres=1.10.0","logger":"task.stdout"}
{"timestamp":"2026-04-02T20:08:32.276173Z","level":"info","event":"\u001b[0m20:08:32  Found 5 models, 3 seeds, 20 data tests, 580 macros","logger":"task.stdout"}
{"timestamp":"2026-04-02T20:08:32.277197Z","level":"info","event":"\u001b[0m20:08:32","logger":"task.stdout"}
{"timestamp":"2026-04-02T20:08:32.277410Z","level":"info","event":"\u001b[0m20:08:32  Concurrency: 1 threads (target='dev')","logger":"task.stdout"}
{"timestamp":"2026-04-02T20:08:32.277582Z","level":"info","event":"\u001b[0m20:08:32","logger":"task.stdout"}
{"timestamp":"2026-04-02T20:08:32.290523Z","level":"info","event":"\u001b[0m20:08:32","logger":"task.stdout"}
{"timestamp":"2026-04-02T20:08:32.292269Z","level":"info","event":"\u001b[0m20:08:32  Finished running  in 0 hours 0 minutes and 0.01 seconds (0.01s).","logger":"task.stdout"}
{"timestamp":"2026-04-02T20:08:32.292362Z","level":"info","event":"\u001b[0m20:08:32  Encountered an error:","logger":"task.stdout"}
{"timestamp":"2026-04-02T20:08:32.292451Z","level":"info","event":"Database Error","logger":"task.stdout"}
{"timestamp":"2026-04-02T20:08:32.292539Z","level":"info","event":"  connection to server at \"localhost\" (::1), port 5432 failed: Connection refused","logger":"task.stdout"}
{"timestamp":"2026-04-02T20:08:32.292626Z","level":"info","event":"  \tIs the server running on that host and accepting TCP/IP connections?","logger":"task.stdout"}
{"timestamp":"2026-04-02T20:08:32.292700Z","level":"info","event":"  connection to server at \"localhost\" (127.0.0.1), port 5432 failed: Connection refused","logger":"task.stdout"}
{"timestamp":"2026-04-02T20:08:32.292775Z","level":"info","event":"  \tIs the server running on that host and accepting TCP/IP connections?","logger":"task.stdout"}
{"timestamp":"2026-04-02T20:08:32.292867Z","level":"info","event":"","logger":"task.stdout"}
{"timestamp":"2026-04-02T20:08:32.292965Z","level":"info","event":"\u001b[0m20:08:32  [\u001b[33mWARNING\u001b[0m][DeprecationsSummary]: Deprecated functionality","logger":"task.stdout"}
{"timestamp":"2026-04-02T20:08:32.293017Z","level":"info","event":"Summary of encountered deprecations:","logger":"task.stdout"}
{"timestamp":"2026-04-02T20:08:32.293082Z","level":"info","event":"- MissingPlusPrefixDeprecation: 2 occurrences","logger":"task.stdout"}
{"timestamp":"2026-04-02T20:08:32.293147Z","level":"info","event":"To see all deprecation instances instead of just the first occurrence of each,","logger":"task.stdout"}
{"timestamp":"2026-04-02T20:08:32.293216Z","level":"info","event":"run command again with the `--show-all-deprecations` flag. You may also need to","logger":"task.stdout"}
{"timestamp":"2026-04-02T20:08:32.293282Z","level":"info","event":"run with `--no-partial-parse` as some deprecations are only encountered during","logger":"task.stdout"}
{"timestamp":"2026-04-02T20:08:32.293341Z","level":"info","event":"parsing.","logger":"task.stdout"}
{"timestamp":"2026-04-02T20:08:32.910479Z","level":"info","event":"Inlets: []","logger":"cosmos.operators.local","filename":"local.py","lineno":571}
{"timestamp":"2026-04-02T20:08:32.910645Z","level":"info","event":"Outlets: []","logger":"cosmos.operators.local","filename":"local.py","lineno":572}
{"timestamp":"2026-04-02T20:08:32.910708Z","level":"info","event":"Assigning outlets with DatasetAlias in Airflow 3","logger":"cosmos.operators.local","filename":"local.py","lineno":839}
{"timestamp":"2026-04-02T20:08:32.913085Z","level":"error","event":"Task failed with exception","logger":"task","filename":"task_runner.py","lineno":1186,"error_detail":[{"exc_type":"CosmosDbtRunError","exc_value":"dbt invocation did not complete with unhandled error: Database Error\n  connection to server at \"localhost\" (::1), port 5432 failed: Connection refused\n  \tIs the server running on that host and accepting TCP/IP connections?\n  connection to server at \"localhost\" (127.0.0.1), port 5432 failed: Connection refused\n  \tIs the server running on that host and accepting TCP/IP connections?\n  ","exc_notes":[],"syntax_error":null,"is_cause":false,"frames":[{"filename":"/home/airflow/.local/lib/python3.12/site-packages/airflow/sdk/execution_time/task_runner.py","lineno":1112,"name":"run"},{"filename":"/home/airflow/.local/lib/python3.12/site-packages/airflow/sdk/execution_time/task_runner.py","lineno":1528,"name":"_execute_task"},{"filename":"/home/airflow/.local/lib/python3.12/site-packages/cosmos/operators/base.py","lineno":318,"name":"execute"},{"filename":"/home/airflow/.local/lib/python3.12/site-packages/cosmos/operators/local.py","lineno":902,"name":"build_and_run_cmd"},{"filename":"/home/airflow/.local/lib/python3.12/site-packages/cosmos/operators/local.py","lineno":702,"name":"run_command"},{"filename":"/home/airflow/.local/lib/python3.12/site-packages/cosmos/operators/local.py","lineno":276,"name":"handle_exception_dbt_runner"},{"filename":"/home/airflow/.local/lib/python3.12/site-packages/cosmos/dbt/runner.py","lineno":153,"name":"handle_exception_if_needed"}],"is_group":false,"exceptions":[]}]}
{"timestamp":"2026-04-02T20:08:33.261732Z","level":"error","event":"Top level error","logger":"task","filename":"task_runner.py","lineno":1704,"error_detail":[{"exc_type":"RecursionError","exc_value":"maximum recursion depth exceeded while calling a Python object","exc_notes":[],"syntax_error":null,"is_cause":false,"frames":[{"filename":"/home/airflow/.local/lib/python3.12/site-packages/airflow/sdk/execution_time/task_runner.py","lineno":1699,"name":"main"},{"filename":"/home/airflow/.local/lib/python3.12/site-packages/airflow/sdk/execution_time/task_runner.py","lineno":1629,"name":"finalize"},{"filename":"/home/airflow/.local/lib/python3.12/site-packages/structlog/_native.py","lineno":47,"name":"exception"},{"filename":"/home/airflow/.local/lib/python3.12/site-packages/airflow/sdk/_shared/logging/structlog.py","lineno":95,"name":"meth"},{"filename":"/home/airflow/.local/lib/python3.12/site-packages/structlog/_base.py","lineno":222,"name":"_proxy_to_logger"},{"filename":"/home/airflow/.local/lib/python3.12/site-packages/structlog/_base.py","lineno":173,"name":"_process_event"},{"filename":"/home/airflow/.local/lib/python3.12/site-packages/structlog/processors.py","lineno":353,"name":"__call__"},{"filename":"/home/airflow/.local/lib/python3.12/site-packages/airflow/sdk/_shared/logging/structlog.py","lineno":316,"name":"json_dumps"},{"filename":"/home/airflow/.local/lib/python3.12/site-packages/structlog/processors.py","lineno":369,"name":"_json_fallback_handler"},{"filename":"/home/airflow/.local/lib/python3.12/site-packages/airflow/sdk/definitions/param.py","lineno":183,"name":"__repr__"},{"filename":"/home/airflow/.local/lib/python3.12/site-packages/airflow/sdk/definitions/param.py","lineno":233,"name":"dump"},{"filename":"/home/airflow/.local/lib/python3.12/site-packages/airflow/sdk/definitions/param.py","lineno":98,"name":"resolve"},{"filename":"/home/airflow/.local/lib/python3.12/site-packages/jsonschema/validators.py","lineno":1328,"name":"validate"},{"filename":"/home/airflow/.local/lib/python3.12/site-packages/jsonschema/validators.py","lineno":311,"name":"check_schema"},{"filename":"<attrs generated methods jsonschema.validators.create.<locals>.Validator>","lineno":32,"name":"__init__"},{"filename":"/home/airflow/.local/lib/python3.12/site-packages/jsonschema/validators.py","lineno":287,"name":"__attrs_post_init__"},{"filename":"/home/airflow/.local/lib/python3.12/site-packages/referencing/_core.py","lineno":169,"name":"create_resource"},{"filename":"<attrs generated methods referencing._core.Resource>","lineno":30,"name":"__init__"}],"is_group":false,"exceptions":[]},{"exc_type":"AttributeError","exc_value":"'ParamsDict' object has no attribute '__structlog__'","exc_notes":[],"syntax_error":null,"is_cause":false,"frames":[{"filename":"/home/airflow/.local/lib/python3.12/site-packages/structlog/processors.py","lineno":367,"name":"_json_fallback_handler"}],"is_group":false,"exceptions":[]},{"exc_type":"AirflowRuntimeError","exc_value":"API_SERVER_ERROR: {'status_code': 404, 'message': 'Not Found', 'detail': {'detail': 'Not Found'}}","exc_notes":[],"syntax_error":null,"is_cause":false,"frames":[{"filename":"/home/airflow/.local/lib/python3.12/site-packages/airflow/sdk/execution_time/task_runner.py","lineno":1627,"name":"finalize"},{"filename":"/home/airflow/.local/lib/python3.12/site-packages/airflow/sdk/execution_time/comms.py","lineno":206,"name":"send"},{"filename":"/home/airflow/.local/lib/python3.12/site-packages/airflow/sdk/execution_time/comms.py","lineno":270,"name":"_get_response"},{"filename":"/home/airflow/.local/lib/python3.12/site-packages/airflow/sdk/execution_time/comms.py","lineno":257,"name":"_from_frame"}],"is_group":false,"exceptions":[]}]}
{"timestamp":"2026-04-02T20:08:33.270147Z","level":"error","event":"/usr/python/lib/python3.12/multiprocessing/resource_tracker.py:279: UserWarning: resource_tracker: There appear to be 2 leaked semaphore objects to clean up at shutdown","logger":"task.stderr"}
{"timestamp":"2026-04-02T20:08:33.270293Z","level":"error","event":"  warnings.warn('resource_tracker: There appear to be %d '","logger":"task.stderr"}
{"timestamp":"2026-04-02T20:08:33.270426Z","level":"warning","event":"Process exited abnormally","exit_code":1,"logger":"task"}
