{"timestamp":"2026-04-02T20:10:08.250166Z","level":"info","event":"Stats instance was created in PID 7 but accessed in PID 277. Re-initializing.","logger":"airflow.stats","filename":"stats.py","lineno":57}
{"timestamp":"2026-04-02T20:10:08.262728Z","level":"info","event":"DAG bundles loaded: dags-folder","logger":"airflow.dag_processing.bundles.manager.DagBundlesManager","filename":"manager.py","lineno":179}
{"timestamp":"2026-04-02T20:10:08.263331Z","level":"info","event":"Filling up the DagBag from /opt/airflow/dags/product_reporting.py","logger":"airflow.models.dagbag.BundleDagBag","filename":"dagbag.py","lineno":593}
{"timestamp":"2026-04-02T20:10:08.266048Z","level":"info","event":"::group::Cosmos DAG parsing logs","logger":"cosmos.converter","filename":"converter.py","lineno":274}
{"timestamp":"2026-04-02T20:10:08.266519Z","level":"info","event":"Trying to parse the dbt project using dbt ls cache cosmos_cache__basic_cosmos_dag...","logger":"cosmos.dbt.graph","filename":"graph.py","lineno":689}
{"timestamp":"2026-04-02T20:10:08.275988Z","level":"info","event":"Cosmos performance: time to calculate cache identifier cosmos_cache__basic_cosmos_dag for current version: 0.004603875000611879","logger":"cosmos.cache","filename":"cache.py","lineno":345}
{"timestamp":"2026-04-02T20:10:08.276090Z","level":"info","event":"Cosmos performance [39c1bccfc631|277]: The cache size for cosmos_cache__basic_cosmos_dag is 21741","logger":"cosmos.dbt.graph","filename":"graph.py","lineno":706}
{"timestamp":"2026-04-02T20:10:08.276482Z","level":"info","event":"Cosmos performance: Cache hit for cosmos_cache__basic_cosmos_dag - d98397bc68fa791628916bda9a565a1d,d41d8cd98f00b204e9800998ecf8427e","logger":"cosmos.dbt.graph","filename":"graph.py","lineno":714}
{"timestamp":"2026-04-02T20:10:08.276783Z","level":"info","event":"Total nodes: 28","logger":"cosmos.dbt.graph","filename":"graph.py","lineno":619}
{"timestamp":"2026-04-02T20:10:08.276810Z","level":"info","event":"Total filtered nodes: 28","logger":"cosmos.dbt.graph","filename":"graph.py","lineno":620}
{"timestamp":"2026-04-02T20:10:08.282522Z","level":"info","event":"Cosmos performance (basic_cosmos_dag) -  [39c1bccfc631|277]: It took 0.016s to parse the dbt project for DAG using LoadMode.DBT_LS_CACHE","logger":"cosmos.converter","filename":"converter.py","lineno":321}
{"timestamp":"2026-04-02T20:10:08.291075Z","level":"info","event":"Cosmos performance (basic_cosmos_dag) - [39c1bccfc631|277]: It took 0.00858s to build the Airflow DAG.","logger":"cosmos.converter","filename":"converter.py","lineno":367}
{"timestamp":"2026-04-02T20:10:08.291261Z","level":"info","event":"::endgroup::Cosmos DAG parsing logs","logger":"cosmos.converter","filename":"converter.py","lineno":370}
{"timestamp":"2026-04-02T20:10:08.725668Z","level":"info","event":"dbtRunner is available. Using dbtRunner for invoking dbt.","logger":"cosmos.operators.local","filename":"local.py","lineno":262}
{"timestamp":"2026-04-02T20:10:08.725917Z","level":"info","event":"Cloning project to writable temp directory /tmp/tmp7nmwi71w from /opt/airflow/dags/include/jaffle_shop","logger":"cosmos.operators.local","filename":"local.py","lineno":494}
{"timestamp":"2026-04-02T20:10:08.728076Z","level":"info","event":"Partial parse is enabled and the latest partial parse file is /tmp/cosmos/basic_cosmos_dag/target/partial_parse.msgpack","logger":"cosmos.operators.local","filename":"local.py","lineno":514}
{"timestamp":"2026-04-02T20:10:08.731702Z","level":"info","event":"Profile caching is enable.","logger":"cosmos.config","filename":"config.py","lineno":384}
{"timestamp":"2026-04-02T20:10:08.736378Z","level":"info","event":"Using real values for profile jaffle_shop","logger":"cosmos.profiles.base","filename":"base.py","lineno":248}
{"timestamp":"2026-04-02T20:10:08.736842Z","level":"info","event":"Profile not found in cache storing and using profile: /tmp/cosmos/profile/ff9ee88690030f97e4d80e74a591a9f71c64d9142b7e48e1a3bcfebe23a7f63d/profiles.yml.","logger":"cosmos.config","filename":"config.py","lineno":371}
{"timestamp":"2026-04-02T20:10:08.737532Z","level":"info","event":"Trying to run dbtRunner with:\n ['deps', '--project-dir', '/tmp/tmp7nmwi71w', '--profiles-dir', '/tmp/cosmos/profile/ff9ee88690030f97e4d80e74a591a9f71c64d9142b7e48e1a3bcfebe23a7f63d', '--profile', 'jaffle_shop', '--target', 'dev', '--no-static-parser']\n in /tmp/tmp7nmwi71w","logger":"cosmos.dbt.runner","filename":"runner.py","lineno":98}
{"timestamp":"2026-04-02T20:10:08.763259Z","level":"info","event":"\u001b[0m20:10:08  Running with dbt=1.11.7","logger":"task.stdout"}
{"timestamp":"2026-04-02T20:10:08.764779Z","level":"info","event":"\u001b[0m20:10:08  [\u001b[33mWARNING\u001b[0m][MissingPlusPrefixDeprecation]: Deprecated functionality","logger":"task.stdout"}
{"timestamp":"2026-04-02T20:10:08.764838Z","level":"info","event":"Missing '+' prefix on `materialized` found at `jaffle_shop.staging.materialized`","logger":"task.stdout"}
{"timestamp":"2026-04-02T20:10:08.764877Z","level":"info","event":"in file `/tmp/tmp7nmwi71w/dbt_project.yml`. Hierarchical config values without a","logger":"task.stdout"}
{"timestamp":"2026-04-02T20:10:08.764914Z","level":"info","event":"'+' prefix are deprecated in dbt_project.yml.","logger":"task.stdout"}
{"timestamp":"2026-04-02T20:10:08.935455Z","level":"info","event":"\u001b[0m20:10:08  Updating lock file in file path: /tmp/tmp7nmwi71w/package-lock.yml","logger":"task.stdout"}
{"timestamp":"2026-04-02T20:10:08.938376Z","level":"info","event":"\u001b[0m20:10:08  Installing dbt-labs/dbt_utils","logger":"task.stdout"}
{"timestamp":"2026-04-02T20:10:09.288037Z","level":"info","event":"\u001b[0m20:10:09  Installed from version 1.1.1","logger":"task.stdout"}
{"timestamp":"2026-04-02T20:10:09.289103Z","level":"info","event":"\u001b[0m20:10:09  Updated version available: 1.3.3","logger":"task.stdout"}
{"timestamp":"2026-04-02T20:10:09.289182Z","level":"info","event":"\u001b[0m20:10:09","logger":"task.stdout"}
{"timestamp":"2026-04-02T20:10:09.289402Z","level":"info","event":"\u001b[0m20:10:09  Updates available for packages: ['dbt-labs/dbt_utils']","logger":"task.stdout"}
{"timestamp":"2026-04-02T20:10:09.289462Z","level":"info","event":"Update your versions in packages.yml, then run dbt deps","logger":"task.stdout"}
{"timestamp":"2026-04-02T20:10:09.290078Z","level":"info","event":"\u001b[0m20:10:09  [\u001b[33mWARNING\u001b[0m][DeprecationsSummary]: Deprecated functionality","logger":"task.stdout"}
{"timestamp":"2026-04-02T20:10:09.290140Z","level":"info","event":"Summary of encountered deprecations:","logger":"task.stdout"}
{"timestamp":"2026-04-02T20:10:09.290190Z","level":"info","event":"- MissingPlusPrefixDeprecation: 2 occurrences","logger":"task.stdout"}
{"timestamp":"2026-04-02T20:10:09.290236Z","level":"info","event":"To see all deprecation instances instead of just the first occurrence of each,","logger":"task.stdout"}
{"timestamp":"2026-04-02T20:10:09.290288Z","level":"info","event":"run command again with the `--show-all-deprecations` flag. You may also need to","logger":"task.stdout"}
{"timestamp":"2026-04-02T20:10:09.290329Z","level":"info","event":"run with `--no-partial-parse` as some deprecations are only encountered during","logger":"task.stdout"}
{"timestamp":"2026-04-02T20:10:09.290368Z","level":"info","event":"parsing.","logger":"task.stdout"}
{"timestamp":"2026-04-02T20:10:09.903231Z","level":"info","event":"Trying to run dbtRunner with:\n ['seed', '--select', 'fqn:jaffle_shop.raw_payments', '--full-refresh', '--project-dir', '/tmp/tmp7nmwi71w', '--profiles-dir', '/tmp/cosmos/profile/ff9ee88690030f97e4d80e74a591a9f71c64d9142b7e48e1a3bcfebe23a7f63d', '--profile', 'jaffle_shop', '--target', 'dev', '--no-static-parser']\n in /tmp/tmp7nmwi71w","logger":"cosmos.dbt.runner","filename":"runner.py","lineno":98}
{"timestamp":"2026-04-02T20:10:09.906434Z","level":"info","event":"\u001b[0m20:10:09  Running with dbt=1.11.7","logger":"task.stdout"}
{"timestamp":"2026-04-02T20:10:09.967098Z","level":"info","event":"\u001b[0m20:10:09  Registered adapter: postgres=1.10.0","logger":"task.stdout"}
{"timestamp":"2026-04-02T20:10:10.160145Z","level":"info","event":"\u001b[0m20:10:10  Unable to do partial parsing because profile has changed","logger":"task.stdout"}
{"timestamp":"2026-04-02T20:10:10.756874Z","level":"info","event":"\u001b[0m20:10:10  [\u001b[33mWARNING\u001b[0m][MissingArgumentsPropertyInGenericTestDeprecation]: Deprecated","logger":"task.stdout"}
{"timestamp":"2026-04-02T20:10:10.758086Z","level":"info","event":"functionality","logger":"task.stdout"}
{"timestamp":"2026-04-02T20:10:10.760033Z","level":"info","event":"Found top-level arguments to test `relationships` defined on 'orders' in package","logger":"task.stdout"}
{"timestamp":"2026-04-02T20:10:10.760088Z","level":"info","event":"'jaffle_shop' (models/schema.yml). Arguments to generic tests should be nested","logger":"task.stdout"}
{"timestamp":"2026-04-02T20:10:10.760127Z","level":"info","event":"under the `arguments` property.","logger":"task.stdout"}
{"timestamp":"2026-04-02T20:10:10.887135Z","level":"info","event":"\u001b[0m20:10:10  Found 5 models, 3 seeds, 20 data tests, 580 macros","logger":"task.stdout"}
{"timestamp":"2026-04-02T20:10:10.888246Z","level":"info","event":"\u001b[0m20:10:10","logger":"task.stdout"}
{"timestamp":"2026-04-02T20:10:10.888463Z","level":"info","event":"\u001b[0m20:10:10  Concurrency: 1 threads (target='dev')","logger":"task.stdout"}
{"timestamp":"2026-04-02T20:10:10.888641Z","level":"info","event":"\u001b[0m20:10:10","logger":"task.stdout"}
{"timestamp":"2026-04-02T20:10:10.933268Z","level":"info","event":"\u001b[0m20:10:10  1 of 1 START seed file public.raw_payments ..................................... [RUN]","logger":"task.stdout"}
{"timestamp":"2026-04-02T20:10:10.983180Z","level":"info","event":"\u001b[0m20:10:10  1 of 1 OK loaded seed file public.raw_payments ................................. [\u001b[32mCREATE 113\u001b[0m in 0.05s]","logger":"task.stdout"}
{"timestamp":"2026-04-02T20:10:10.990520Z","level":"info","event":"\u001b[0m20:10:10","logger":"task.stdout"}
{"timestamp":"2026-04-02T20:10:10.990672Z","level":"info","event":"\u001b[0m20:10:10  Finished running 1 seed in 0 hours 0 minutes and 0.10 seconds (0.10s).","logger":"task.stdout"}
{"timestamp":"2026-04-02T20:10:11.006290Z","level":"info","event":"\u001b[0m20:10:11","logger":"task.stdout"}
{"timestamp":"2026-04-02T20:10:11.006422Z","level":"info","event":"\u001b[0m20:10:11  \u001b[32mCompleted successfully\u001b[0m","logger":"task.stdout"}
{"timestamp":"2026-04-02T20:10:11.006544Z","level":"info","event":"\u001b[0m20:10:11","logger":"task.stdout"}
{"timestamp":"2026-04-02T20:10:11.006703Z","level":"info","event":"\u001b[0m20:10:11  Done. PASS=1 WARN=0 ERROR=0 SKIP=0 NO-OP=0 TOTAL=1","logger":"task.stdout"}
{"timestamp":"2026-04-02T20:10:11.006985Z","level":"info","event":"\u001b[0m20:10:11  [\u001b[33mWARNING\u001b[0m][DeprecationsSummary]: Deprecated functionality","logger":"task.stdout"}
{"timestamp":"2026-04-02T20:10:11.007020Z","level":"info","event":"Summary of encountered deprecations:","logger":"task.stdout"}
{"timestamp":"2026-04-02T20:10:11.007057Z","level":"info","event":"- MissingPlusPrefixDeprecation: 2 occurrences","logger":"task.stdout"}
{"timestamp":"2026-04-02T20:10:11.007089Z","level":"info","event":"- MissingArgumentsPropertyInGenericTestDeprecation: 4 occurrences","logger":"task.stdout"}
{"timestamp":"2026-04-02T20:10:11.007120Z","level":"info","event":"To see all deprecation instances instead of just the first occurrence of each,","logger":"task.stdout"}
{"timestamp":"2026-04-02T20:10:11.007151Z","level":"info","event":"run command again with the `--show-all-deprecations` flag. You may also need to","logger":"task.stdout"}
{"timestamp":"2026-04-02T20:10:11.007195Z","level":"info","event":"run with `--no-partial-parse` as some deprecations are only encountered during","logger":"task.stdout"}
{"timestamp":"2026-04-02T20:10:11.007227Z","level":"info","event":"parsing.","logger":"task.stdout"}
{"timestamp":"2026-04-02T20:10:11.596404Z","level":"info","event":"Inlets: []","logger":"cosmos.operators.local","filename":"local.py","lineno":571}
{"timestamp":"2026-04-02T20:10:11.596499Z","level":"info","event":"Outlets: []","logger":"cosmos.operators.local","filename":"local.py","lineno":572}
{"timestamp":"2026-04-02T20:10:11.596613Z","level":"info","event":"Assigning outlets with DatasetAlias in Airflow 3","logger":"cosmos.operators.local","filename":"local.py","lineno":839}
