{"timestamp":"2026-04-02T18:28:35.376243Z","level":"info","event":"Stats instance was created in PID 7 but accessed in PID 194. Re-initializing.","logger":"airflow.stats","filename":"stats.py","lineno":57}
{"timestamp":"2026-04-02T18:28:35.388653Z","level":"info","event":"DAG bundles loaded: dags-folder","logger":"airflow.dag_processing.bundles.manager.DagBundlesManager","filename":"manager.py","lineno":179}
{"timestamp":"2026-04-02T18:28:35.388900Z","level":"info","event":"Filling up the DagBag from /opt/airflow/dags/product_reporting.py","logger":"airflow.models.dagbag.BundleDagBag","filename":"dagbag.py","lineno":593}
{"timestamp":"2026-04-02T18:28:35.391387Z","level":"info","event":"::group::Cosmos DAG parsing logs","logger":"cosmos.converter","filename":"converter.py","lineno":274}
{"timestamp":"2026-04-02T18:28:35.391780Z","level":"info","event":"Trying to parse the dbt project using dbt ls cache cosmos_cache__basic_cosmos_dag...","logger":"cosmos.dbt.graph","filename":"graph.py","lineno":689}
{"timestamp":"2026-04-02T18:28:35.397606Z","level":"info","event":"Cosmos performance: time to calculate cache identifier cosmos_cache__basic_cosmos_dag for current version: 0.0018189160000474658","logger":"cosmos.cache","filename":"cache.py","lineno":345}
{"timestamp":"2026-04-02T18:28:35.397669Z","level":"info","event":"Cosmos performance [de7ee0b79df9|194]: The cache size for cosmos_cache__basic_cosmos_dag is 4678","logger":"cosmos.dbt.graph","filename":"graph.py","lineno":706}
{"timestamp":"2026-04-02T18:28:35.397798Z","level":"info","event":"Cosmos performance: Cache hit for cosmos_cache__basic_cosmos_dag - f0ceb1cb480e846a9f124df8c49bcf77,d41d8cd98f00b204e9800998ecf8427e","logger":"cosmos.dbt.graph","filename":"graph.py","lineno":714}
{"timestamp":"2026-04-02T18:28:35.398013Z","level":"info","event":"Total nodes: 6","logger":"cosmos.dbt.graph","filename":"graph.py","lineno":619}
{"timestamp":"2026-04-02T18:28:35.398037Z","level":"info","event":"Total filtered nodes: 6","logger":"cosmos.dbt.graph","filename":"graph.py","lineno":620}
{"timestamp":"2026-04-02T18:28:35.399723Z","level":"info","event":"Cosmos performance (basic_cosmos_dag) -  [de7ee0b79df9|194]: It took 0.008s to parse the dbt project for DAG using LoadMode.DBT_LS_CACHE","logger":"cosmos.converter","filename":"converter.py","lineno":321}
{"timestamp":"2026-04-02T18:28:35.399928Z","level":"info","event":"Project /opt/airflow/dags/include/jaffle_shop does not have {'dependencies.yml', 'packages.yml'}","logger":"cosmos.dbt.project","filename":"project.py","lineno":40}
{"timestamp":"2026-04-02T18:28:35.400958Z","level":"info","event":"Project /opt/airflow/dags/include/jaffle_shop does not have {'dependencies.yml', 'packages.yml'}","logger":"cosmos.dbt.project","filename":"project.py","lineno":40}
{"timestamp":"2026-04-02T18:28:35.401760Z","level":"info","event":"Project /opt/airflow/dags/include/jaffle_shop does not have {'dependencies.yml', 'packages.yml'}","logger":"cosmos.dbt.project","filename":"project.py","lineno":40}
{"timestamp":"2026-04-02T18:28:35.402426Z","level":"info","event":"Project /opt/airflow/dags/include/jaffle_shop does not have {'dependencies.yml', 'packages.yml'}","logger":"cosmos.dbt.project","filename":"project.py","lineno":40}
{"timestamp":"2026-04-02T18:28:35.402897Z","level":"info","event":"Project /opt/airflow/dags/include/jaffle_shop does not have {'dependencies.yml', 'packages.yml'}","logger":"cosmos.dbt.project","filename":"project.py","lineno":40}
{"timestamp":"2026-04-02T18:28:35.403282Z","level":"info","event":"Cosmos performance (basic_cosmos_dag) - [de7ee0b79df9|194]: It took 0.00357s to build the Airflow DAG.","logger":"cosmos.converter","filename":"converter.py","lineno":367}
{"timestamp":"2026-04-02T18:28:35.403312Z","level":"info","event":"::endgroup::Cosmos DAG parsing logs","logger":"cosmos.converter","filename":"converter.py","lineno":370}
{"timestamp":"2026-04-02T18:28:35.838689Z","level":"info","event":"dbtRunner is available. Using dbtRunner for invoking dbt.","logger":"cosmos.operators.local","filename":"local.py","lineno":262}
{"timestamp":"2026-04-02T18:28:35.839135Z","level":"info","event":"Cloning project to writable temp directory /tmp/tmp1dd8m_9u from /opt/airflow/dags/include/jaffle_shop","logger":"cosmos.operators.local","filename":"local.py","lineno":494}
{"timestamp":"2026-04-02T18:28:35.840164Z","level":"info","event":"Partial parse is enabled and the latest partial parse file is /tmp/cosmos/basic_cosmos_dag/target/partial_parse.msgpack","logger":"cosmos.operators.local","filename":"local.py","lineno":514}
{"timestamp":"2026-04-02T18:28:35.842286Z","level":"info","event":"Profile caching is enable.","logger":"cosmos.config","filename":"config.py","lineno":384}
{"timestamp":"2026-04-02T18:28:35.846565Z","level":"info","event":"Profile found in cache using profile: /tmp/cosmos/profile/ff9ee88690030f97e4d80e74a591a9f71c64d9142b7e48e1a3bcfebe23a7f63d/profiles.yml.","logger":"cosmos.config","filename":"config.py","lineno":364}
{"timestamp":"2026-04-02T18:28:35.846793Z","level":"info","event":"Trying to run dbtRunner with:\n ['run', '--select', 'fqn:jaffle_shop.example.my_first_dbt_model', '--full-refresh', '--project-dir', '/tmp/tmp1dd8m_9u', '--profiles-dir', '/tmp/cosmos/profile/ff9ee88690030f97e4d80e74a591a9f71c64d9142b7e48e1a3bcfebe23a7f63d', '--profile', 'jaffle_shop', '--target', 'dev', '--no-static-parser']\n in /tmp/tmp1dd8m_9u","logger":"cosmos.dbt.runner","filename":"runner.py","lineno":98}
{"timestamp":"2026-04-02T18:28:35.873004Z","level":"info","event":"\u001b[0m18:28:35  Running with dbt=1.11.7","logger":"task.stdout"}
{"timestamp":"2026-04-02T18:28:35.987501Z","level":"info","event":"\u001b[0m18:28:35  Registered adapter: postgres=1.10.0","logger":"task.stdout"}
{"timestamp":"2026-04-02T18:28:36.238002Z","level":"info","event":"\u001b[0m18:28:36  Found 2 models, 4 data tests, 465 macros","logger":"task.stdout"}
{"timestamp":"2026-04-02T18:28:36.239067Z","level":"info","event":"\u001b[0m18:28:36","logger":"task.stdout"}
{"timestamp":"2026-04-02T18:28:36.239281Z","level":"info","event":"\u001b[0m18:28:36  Concurrency: 1 threads (target='dev')","logger":"task.stdout"}
{"timestamp":"2026-04-02T18:28:36.239455Z","level":"info","event":"\u001b[0m18:28:36","logger":"task.stdout"}
{"timestamp":"2026-04-02T18:28:36.412206Z","level":"info","event":"\u001b[0m18:28:36  1 of 1 START sql table model public.my_first_dbt_model ......................... [RUN]","logger":"task.stdout"}
{"timestamp":"2026-04-02T18:28:36.457362Z","level":"info","event":"\u001b[0m18:28:36  1 of 1 OK created sql table model public.my_first_dbt_model .................... [\u001b[32mSELECT 2\u001b[0m in 0.04s]","logger":"task.stdout"}
{"timestamp":"2026-04-02T18:28:36.465752Z","level":"info","event":"\u001b[0m18:28:36","logger":"task.stdout"}
{"timestamp":"2026-04-02T18:28:36.466746Z","level":"info","event":"\u001b[0m18:28:36  Finished running 1 table model in 0 hours 0 minutes and 0.22 seconds (0.22s).","logger":"task.stdout"}
{"timestamp":"2026-04-02T18:28:36.475268Z","level":"info","event":"\u001b[0m18:28:36","logger":"task.stdout"}
{"timestamp":"2026-04-02T18:28:36.475506Z","level":"info","event":"\u001b[0m18:28:36  \u001b[32mCompleted successfully\u001b[0m","logger":"task.stdout"}
{"timestamp":"2026-04-02T18:28:36.475690Z","level":"info","event":"\u001b[0m18:28:36","logger":"task.stdout"}
{"timestamp":"2026-04-02T18:28:36.475907Z","level":"info","event":"\u001b[0m18:28:36  Done. PASS=1 WARN=0 ERROR=0 SKIP=0 NO-OP=0 TOTAL=1","logger":"task.stdout"}
{"timestamp":"2026-04-02T18:28:37.004874Z","level":"warning","event":"\n                Airflow 3.0.0 Asset (Dataset) URIs validation rules changed and OpenLineage URIs (standard used by Cosmos) are no longer accepted.\n                Therefore, if using Cosmos with Airflow 3, the Airflow Asset (Dataset) URI is now <postgres://postgres:5432/airflow/public/my_first_dbt_model>.\n                Before, with Airflow 2.x, the URI used to be <postgres://postgres:5432/airflow.public.my_first_dbt_model>.\n                Please, change any DAGs that were scheduled using the old standard to the new one.\n                ","logger":"cosmos.operators.local","filename":"local.py","lineno":766}
{"timestamp":"2026-04-02T18:28:37.022879Z","level":"info","event":"Inlets: []","logger":"cosmos.operators.local","filename":"local.py","lineno":571}
{"timestamp":"2026-04-02T18:28:37.023004Z","level":"info","event":"Outlets: [Asset(name='postgres://postgres:5432/airflow/public/my_first_dbt_model', uri='postgres://postgres:5432/airflow/public/my_first_dbt_model', group='asset', extra={}, watchers=[])]","logger":"cosmos.operators.local","filename":"local.py","lineno":572}
{"timestamp":"2026-04-02T18:28:37.023159Z","level":"info","event":"Assigning outlets with DatasetAlias in Airflow 3","logger":"cosmos.operators.local","filename":"local.py","lineno":839}
