{"timestamp":"2026-04-02T18:25:14.677544Z","level":"info","event":"Stats instance was created in PID 7 but accessed in PID 120. Re-initializing.","logger":"airflow.stats","filename":"stats.py","lineno":57}
{"timestamp":"2026-04-02T18:25:14.691407Z","level":"info","event":"DAG bundles loaded: dags-folder","logger":"airflow.dag_processing.bundles.manager.DagBundlesManager","filename":"manager.py","lineno":179}
{"timestamp":"2026-04-02T18:25:14.691812Z","level":"info","event":"Filling up the DagBag from /opt/airflow/dags/product_reporting.py","logger":"airflow.models.dagbag.BundleDagBag","filename":"dagbag.py","lineno":593}
{"timestamp":"2026-04-02T18:25:14.695189Z","level":"info","event":"::group::Cosmos DAG parsing logs","logger":"cosmos.converter","filename":"converter.py","lineno":274}
{"timestamp":"2026-04-02T18:25:14.695846Z","level":"info","event":"Trying to parse the dbt project using dbt ls cache cosmos_cache__basic_cosmos_dag...","logger":"cosmos.dbt.graph","filename":"graph.py","lineno":689}
{"timestamp":"2026-04-02T18:25:14.707710Z","level":"info","event":"Cosmos performance: time to calculate cache identifier cosmos_cache__basic_cosmos_dag for current version: 0.00274974999956612","logger":"cosmos.cache","filename":"cache.py","lineno":345}
{"timestamp":"2026-04-02T18:25:14.707790Z","level":"info","event":"Cosmos performance [de7ee0b79df9|120]: The cache size for cosmos_cache__basic_cosmos_dag is 4678","logger":"cosmos.dbt.graph","filename":"graph.py","lineno":706}
{"timestamp":"2026-04-02T18:25:14.707941Z","level":"info","event":"Cosmos performance: Cache hit for cosmos_cache__basic_cosmos_dag - f0ceb1cb480e846a9f124df8c49bcf77,d41d8cd98f00b204e9800998ecf8427e","logger":"cosmos.dbt.graph","filename":"graph.py","lineno":714}
{"timestamp":"2026-04-02T18:25:14.708176Z","level":"info","event":"Total nodes: 6","logger":"cosmos.dbt.graph","filename":"graph.py","lineno":619}
{"timestamp":"2026-04-02T18:25:14.708208Z","level":"info","event":"Total filtered nodes: 6","logger":"cosmos.dbt.graph","filename":"graph.py","lineno":620}
{"timestamp":"2026-04-02T18:25:14.710885Z","level":"info","event":"Cosmos performance (basic_cosmos_dag) -  [de7ee0b79df9|120]: It took 0.0151s to parse the dbt project for DAG using LoadMode.DBT_LS_CACHE","logger":"cosmos.converter","filename":"converter.py","lineno":321}
{"timestamp":"2026-04-02T18:25:14.711074Z","level":"info","event":"Project /opt/airflow/dags/include/jaffle_shop does not have {'dependencies.yml', 'packages.yml'}","logger":"cosmos.dbt.project","filename":"project.py","lineno":40}
{"timestamp":"2026-04-02T18:25:14.712178Z","level":"info","event":"Project /opt/airflow/dags/include/jaffle_shop does not have {'dependencies.yml', 'packages.yml'}","logger":"cosmos.dbt.project","filename":"project.py","lineno":40}
{"timestamp":"2026-04-02T18:25:14.713253Z","level":"info","event":"Project /opt/airflow/dags/include/jaffle_shop does not have {'dependencies.yml', 'packages.yml'}","logger":"cosmos.dbt.project","filename":"project.py","lineno":40}
{"timestamp":"2026-04-02T18:25:14.714146Z","level":"info","event":"Project /opt/airflow/dags/include/jaffle_shop does not have {'dependencies.yml', 'packages.yml'}","logger":"cosmos.dbt.project","filename":"project.py","lineno":40}
{"timestamp":"2026-04-02T18:25:14.714683Z","level":"info","event":"Project /opt/airflow/dags/include/jaffle_shop does not have {'dependencies.yml', 'packages.yml'}","logger":"cosmos.dbt.project","filename":"project.py","lineno":40}
{"timestamp":"2026-04-02T18:25:14.714978Z","level":"info","event":"Cosmos performance (basic_cosmos_dag) - [de7ee0b79df9|120]: It took 0.0041s to build the Airflow DAG.","logger":"cosmos.converter","filename":"converter.py","lineno":367}
{"timestamp":"2026-04-02T18:25:14.715011Z","level":"info","event":"::endgroup::Cosmos DAG parsing logs","logger":"cosmos.converter","filename":"converter.py","lineno":370}
{"timestamp":"2026-04-02T18:25:15.234065Z","level":"info","event":"dbtRunner is available. Using dbtRunner for invoking dbt.","logger":"cosmos.operators.local","filename":"local.py","lineno":262}
{"timestamp":"2026-04-02T18:25:15.234326Z","level":"info","event":"Cloning project to writable temp directory /tmp/tmpqkzrqxub from /opt/airflow/dags/include/jaffle_shop","logger":"cosmos.operators.local","filename":"local.py","lineno":494}
{"timestamp":"2026-04-02T18:25:15.235389Z","level":"info","event":"Partial parse is enabled and the latest partial parse file is None","logger":"cosmos.operators.local","filename":"local.py","lineno":514}
{"timestamp":"2026-04-02T18:25:15.235451Z","level":"info","event":"Profile caching is enable.","logger":"cosmos.config","filename":"config.py","lineno":384}
{"timestamp":"2026-04-02T18:25:15.242829Z","level":"info","event":"Using real values for profile jaffle_shop","logger":"cosmos.profiles.base","filename":"base.py","lineno":248}
{"timestamp":"2026-04-02T18:25:15.243493Z","level":"info","event":"Profile not found in cache storing and using profile: /tmp/cosmos/profile/be59d156b1f5ad15a74db0cb26dd2774dca7cdd836ebe6b77714bc101ba0d930/profiles.yml.","logger":"cosmos.config","filename":"config.py","lineno":371}
{"timestamp":"2026-04-02T18:25:15.243691Z","level":"info","event":"Trying to run dbtRunner with:\n ['run', '--select', 'fqn:jaffle_shop.example.my_first_dbt_model', '--full-refresh', '--project-dir', '/tmp/tmpqkzrqxub', '--profiles-dir', '/tmp/cosmos/profile/be59d156b1f5ad15a74db0cb26dd2774dca7cdd836ebe6b77714bc101ba0d930', '--profile', 'jaffle_shop', '--target', 'dev', '--no-static-parser']\n in /tmp/tmpqkzrqxub","logger":"cosmos.dbt.runner","filename":"runner.py","lineno":98}
{"timestamp":"2026-04-02T18:25:15.270170Z","level":"info","event":"\u001b[0m18:25:15  Running with dbt=1.11.7","logger":"task.stdout"}
{"timestamp":"2026-04-02T18:25:15.398546Z","level":"info","event":"\u001b[0m18:25:15  Registered adapter: postgres=1.10.0","logger":"task.stdout"}
{"timestamp":"2026-04-02T18:25:15.525912Z","level":"info","event":"\u001b[0m18:25:15  Unable to do partial parsing because saved manifest not found. Starting full parse.","logger":"task.stdout"}
{"timestamp":"2026-04-02T18:25:16.273572Z","level":"info","event":"\u001b[0m18:25:16  Found 2 models, 4 data tests, 465 macros","logger":"task.stdout"}
{"timestamp":"2026-04-02T18:25:16.274537Z","level":"info","event":"\u001b[0m18:25:16","logger":"task.stdout"}
{"timestamp":"2026-04-02T18:25:16.274695Z","level":"info","event":"\u001b[0m18:25:16  Concurrency: 1 threads (target='dev')","logger":"task.stdout"}
{"timestamp":"2026-04-02T18:25:16.274824Z","level":"info","event":"\u001b[0m18:25:16","logger":"task.stdout"}
{"timestamp":"2026-04-02T18:25:16.290078Z","level":"info","event":"\u001b[0m18:25:16","logger":"task.stdout"}
{"timestamp":"2026-04-02T18:25:16.290172Z","level":"info","event":"\u001b[0m18:25:16  Finished running  in 0 hours 0 minutes and 0.02 seconds (0.02s).","logger":"task.stdout"}
{"timestamp":"2026-04-02T18:25:16.290417Z","level":"info","event":"\u001b[0m18:25:16  Encountered an error:","logger":"task.stdout"}
{"timestamp":"2026-04-02T18:25:16.290487Z","level":"info","event":"Database Error","logger":"task.stdout"}
{"timestamp":"2026-04-02T18:25:16.290548Z","level":"info","event":"  connection to server at \"localhost\" (::1), port 5432 failed: Connection refused","logger":"task.stdout"}
{"timestamp":"2026-04-02T18:25:16.290618Z","level":"info","event":"  \tIs the server running on that host and accepting TCP/IP connections?","logger":"task.stdout"}
{"timestamp":"2026-04-02T18:25:16.290680Z","level":"info","event":"  connection to server at \"localhost\" (127.0.0.1), port 5432 failed: Connection refused","logger":"task.stdout"}
{"timestamp":"2026-04-02T18:25:16.290735Z","level":"info","event":"  \tIs the server running on that host and accepting TCP/IP connections?","logger":"task.stdout"}
{"timestamp":"2026-04-02T18:25:16.290803Z","level":"info","event":"","logger":"task.stdout"}
{"timestamp":"2026-04-02T18:25:16.877580Z","level":"info","event":"Inlets: []","logger":"cosmos.operators.local","filename":"local.py","lineno":571}
{"timestamp":"2026-04-02T18:25:16.877663Z","level":"info","event":"Outlets: []","logger":"cosmos.operators.local","filename":"local.py","lineno":572}
{"timestamp":"2026-04-02T18:25:16.877715Z","level":"info","event":"Assigning outlets with DatasetAlias in Airflow 3","logger":"cosmos.operators.local","filename":"local.py","lineno":839}
{"timestamp":"2026-04-02T18:25:16.878493Z","level":"error","event":"Task failed with exception","logger":"task","filename":"task_runner.py","lineno":1186,"error_detail":[{"exc_type":"CosmosDbtRunError","exc_value":"dbt invocation did not complete with unhandled error: Database Error\n  connection to server at \"localhost\" (::1), port 5432 failed: Connection refused\n  \tIs the server running on that host and accepting TCP/IP connections?\n  connection to server at \"localhost\" (127.0.0.1), port 5432 failed: Connection refused\n  \tIs the server running on that host and accepting TCP/IP connections?\n  ","exc_notes":[],"syntax_error":null,"is_cause":false,"frames":[{"filename":"/home/airflow/.local/lib/python3.12/site-packages/airflow/sdk/execution_time/task_runner.py","lineno":1112,"name":"run"},{"filename":"/home/airflow/.local/lib/python3.12/site-packages/airflow/sdk/execution_time/task_runner.py","lineno":1528,"name":"_execute_task"},{"filename":"/home/airflow/.local/lib/python3.12/site-packages/cosmos/operators/base.py","lineno":318,"name":"execute"},{"filename":"/home/airflow/.local/lib/python3.12/site-packages/cosmos/operators/local.py","lineno":902,"name":"build_and_run_cmd"},{"filename":"/home/airflow/.local/lib/python3.12/site-packages/cosmos/operators/local.py","lineno":702,"name":"run_command"},{"filename":"/home/airflow/.local/lib/python3.12/site-packages/cosmos/operators/local.py","lineno":276,"name":"handle_exception_dbt_runner"},{"filename":"/home/airflow/.local/lib/python3.12/site-packages/cosmos/dbt/runner.py","lineno":153,"name":"handle_exception_if_needed"}],"is_group":false,"exceptions":[]}]}
{"timestamp":"2026-04-02T18:25:17.240035Z","level":"error","event":"Top level error","logger":"task","filename":"task_runner.py","lineno":1704,"error_detail":[{"exc_type":"RecursionError","exc_value":"maximum recursion depth exceeded","exc_notes":[],"syntax_error":null,"is_cause":false,"frames":[{"filename":"/home/airflow/.local/lib/python3.12/site-packages/airflow/sdk/execution_time/task_runner.py","lineno":1699,"name":"main"},{"filename":"/home/airflow/.local/lib/python3.12/site-packages/airflow/sdk/execution_time/task_runner.py","lineno":1629,"name":"finalize"},{"filename":"/home/airflow/.local/lib/python3.12/site-packages/structlog/_native.py","lineno":47,"name":"exception"},{"filename":"/home/airflow/.local/lib/python3.12/site-packages/airflow/sdk/_shared/logging/structlog.py","lineno":95,"name":"meth"},{"filename":"/home/airflow/.local/lib/python3.12/site-packages/structlog/_base.py","lineno":222,"name":"_proxy_to_logger"},{"filename":"/home/airflow/.local/lib/python3.12/site-packages/structlog/_base.py","lineno":173,"name":"_process_event"},{"filename":"/home/airflow/.local/lib/python3.12/site-packages/structlog/processors.py","lineno":353,"name":"__call__"},{"filename":"/home/airflow/.local/lib/python3.12/site-packages/airflow/sdk/_shared/logging/structlog.py","lineno":316,"name":"json_dumps"},{"filename":"/home/airflow/.local/lib/python3.12/site-packages/structlog/processors.py","lineno":369,"name":"_json_fallback_handler"},{"filename":"/home/airflow/.local/lib/python3.12/site-packages/airflow/sdk/definitions/param.py","lineno":183,"name":"__repr__"},{"filename":"/home/airflow/.local/lib/python3.12/site-packages/airflow/sdk/definitions/param.py","lineno":233,"name":"dump"},{"filename":"/home/airflow/.local/lib/python3.12/site-packages/airflow/sdk/definitions/param.py","lineno":98,"name":"resolve"},{"filename":"/home/airflow/.local/lib/python3.12/site-packages/jsonschema/validators.py","lineno":1328,"name":"validate"},{"filename":"/home/airflow/.local/lib/python3.12/site-packages/jsonschema/validators.py","lineno":311,"name":"check_schema"},{"filename":"<attrs generated methods jsonschema.validators.create.<locals>.Validator>","lineno":32,"name":"__init__"},{"filename":"/home/airflow/.local/lib/python3.12/site-packages/jsonschema/validators.py","lineno":287,"name":"__attrs_post_init__"},{"filename":"/home/airflow/.local/lib/python3.12/site-packages/referencing/_core.py","lineno":169,"name":"create_resource"}],"is_group":false,"exceptions":[]},{"exc_type":"AttributeError","exc_value":"'ParamsDict' object has no attribute '__structlog__'","exc_notes":[],"syntax_error":null,"is_cause":false,"frames":[{"filename":"/home/airflow/.local/lib/python3.12/site-packages/structlog/processors.py","lineno":367,"name":"_json_fallback_handler"}],"is_group":false,"exceptions":[]},{"exc_type":"AirflowRuntimeError","exc_value":"API_SERVER_ERROR: {'status_code': 404, 'message': 'Not Found', 'detail': {'detail': 'Not Found'}}","exc_notes":[],"syntax_error":null,"is_cause":false,"frames":[{"filename":"/home/airflow/.local/lib/python3.12/site-packages/airflow/sdk/execution_time/task_runner.py","lineno":1627,"name":"finalize"},{"filename":"/home/airflow/.local/lib/python3.12/site-packages/airflow/sdk/execution_time/comms.py","lineno":206,"name":"send"},{"filename":"/home/airflow/.local/lib/python3.12/site-packages/airflow/sdk/execution_time/comms.py","lineno":270,"name":"_get_response"},{"filename":"/home/airflow/.local/lib/python3.12/site-packages/airflow/sdk/execution_time/comms.py","lineno":257,"name":"_from_frame"}],"is_group":false,"exceptions":[]}]}
{"timestamp":"2026-04-02T18:25:17.248001Z","level":"error","event":"/usr/python/lib/python3.12/multiprocessing/resource_tracker.py:279: UserWarning: resource_tracker: There appear to be 2 leaked semaphore objects to clean up at shutdown","logger":"task.stderr"}
{"timestamp":"2026-04-02T18:25:17.248104Z","level":"error","event":"  warnings.warn('resource_tracker: There appear to be %d '","logger":"task.stderr"}
{"timestamp":"2026-04-02T18:25:17.248212Z","level":"warning","event":"Process exited abnormally","exit_code":1,"logger":"task"}
