{"timestamp":"2026-04-02T20:14:55.420621Z","level":"info","event":"Stats instance was created in PID 7 but accessed in PID 1251. Re-initializing.","logger":"airflow.stats","filename":"stats.py","lineno":57}
{"timestamp":"2026-04-02T20:14:55.434014Z","level":"info","event":"DAG bundles loaded: dags-folder","logger":"airflow.dag_processing.bundles.manager.DagBundlesManager","filename":"manager.py","lineno":179}
{"timestamp":"2026-04-02T20:14:55.434326Z","level":"info","event":"Filling up the DagBag from /opt/airflow/dags/product_reporting.py","logger":"airflow.models.dagbag.BundleDagBag","filename":"dagbag.py","lineno":593}
{"timestamp":"2026-04-02T20:14:55.436884Z","level":"info","event":"::group::Cosmos DAG parsing logs","logger":"cosmos.converter","filename":"converter.py","lineno":274}
{"timestamp":"2026-04-02T20:14:55.437240Z","level":"info","event":"Trying to parse the dbt project using dbt ls cache cosmos_cache__basic_cosmos_dag...","logger":"cosmos.dbt.graph","filename":"graph.py","lineno":689}
{"timestamp":"2026-04-02T20:14:55.451884Z","level":"info","event":"Cosmos performance: time to calculate cache identifier cosmos_cache__basic_cosmos_dag for current version: 0.005801916999189416","logger":"cosmos.cache","filename":"cache.py","lineno":345}
{"timestamp":"2026-04-02T20:14:55.451972Z","level":"info","event":"Cosmos performance [39c1bccfc631|1251]: The cache size for cosmos_cache__basic_cosmos_dag is 21741","logger":"cosmos.dbt.graph","filename":"graph.py","lineno":706}
{"timestamp":"2026-04-02T20:14:55.452267Z","level":"info","event":"Cosmos performance: Cache hit for cosmos_cache__basic_cosmos_dag - d98397bc68fa791628916bda9a565a1d,d41d8cd98f00b204e9800998ecf8427e","logger":"cosmos.dbt.graph","filename":"graph.py","lineno":714}
{"timestamp":"2026-04-02T20:14:55.452605Z","level":"info","event":"Total nodes: 28","logger":"cosmos.dbt.graph","filename":"graph.py","lineno":619}
{"timestamp":"2026-04-02T20:14:55.452635Z","level":"info","event":"Total filtered nodes: 28","logger":"cosmos.dbt.graph","filename":"graph.py","lineno":620}
{"timestamp":"2026-04-02T20:14:55.458227Z","level":"info","event":"Cosmos performance (basic_cosmos_dag) -  [39c1bccfc631|1251]: It took 0.021s to parse the dbt project for DAG using LoadMode.DBT_LS_CACHE","logger":"cosmos.converter","filename":"converter.py","lineno":321}
{"timestamp":"2026-04-02T20:14:55.463576Z","level":"info","event":"Cosmos performance (basic_cosmos_dag) - [39c1bccfc631|1251]: It took 0.00536s to build the Airflow DAG.","logger":"cosmos.converter","filename":"converter.py","lineno":367}
{"timestamp":"2026-04-02T20:14:55.463628Z","level":"info","event":"::endgroup::Cosmos DAG parsing logs","logger":"cosmos.converter","filename":"converter.py","lineno":370}
{"timestamp":"2026-04-02T20:14:55.940567Z","level":"info","event":"dbtRunner is available. Using dbtRunner for invoking dbt.","logger":"cosmos.operators.local","filename":"local.py","lineno":262}
{"timestamp":"2026-04-02T20:14:55.940831Z","level":"info","event":"Cloning project to writable temp directory /tmp/tmpxghnwmly from /opt/airflow/dags/include/jaffle_shop","logger":"cosmos.operators.local","filename":"local.py","lineno":494}
{"timestamp":"2026-04-02T20:14:55.943254Z","level":"info","event":"Partial parse is enabled and the latest partial parse file is /tmp/cosmos/basic_cosmos_dag/target/partial_parse.msgpack","logger":"cosmos.operators.local","filename":"local.py","lineno":514}
{"timestamp":"2026-04-02T20:14:55.947537Z","level":"info","event":"Profile caching is enable.","logger":"cosmos.config","filename":"config.py","lineno":384}
{"timestamp":"2026-04-02T20:14:55.953687Z","level":"info","event":"Profile found in cache using profile: /tmp/cosmos/profile/ff9ee88690030f97e4d80e74a591a9f71c64d9142b7e48e1a3bcfebe23a7f63d/profiles.yml.","logger":"cosmos.config","filename":"config.py","lineno":364}
{"timestamp":"2026-04-02T20:14:55.954403Z","level":"info","event":"Trying to run dbtRunner with:\n ['deps', '--project-dir', '/tmp/tmpxghnwmly', '--profiles-dir', '/tmp/cosmos/profile/ff9ee88690030f97e4d80e74a591a9f71c64d9142b7e48e1a3bcfebe23a7f63d', '--profile', 'jaffle_shop', '--target', 'dev', '--no-static-parser']\n in /tmp/tmpxghnwmly","logger":"cosmos.dbt.runner","filename":"runner.py","lineno":98}
{"timestamp":"2026-04-02T20:14:55.983552Z","level":"info","event":"\u001b[0m20:14:55  Running with dbt=1.11.7","logger":"task.stdout"}
{"timestamp":"2026-04-02T20:14:55.985136Z","level":"info","event":"\u001b[0m20:14:55  [\u001b[33mWARNING\u001b[0m][MissingPlusPrefixDeprecation]: Deprecated functionality","logger":"task.stdout"}
{"timestamp":"2026-04-02T20:14:55.985225Z","level":"info","event":"Missing '+' prefix on `materialized` found at `jaffle_shop.staging.materialized`","logger":"task.stdout"}
{"timestamp":"2026-04-02T20:14:55.985320Z","level":"info","event":"in file `/tmp/tmpxghnwmly/dbt_project.yml`. Hierarchical config values without a","logger":"task.stdout"}
{"timestamp":"2026-04-02T20:14:55.985372Z","level":"info","event":"'+' prefix are deprecated in dbt_project.yml.","logger":"task.stdout"}
{"timestamp":"2026-04-02T20:14:56.163108Z","level":"info","event":"\u001b[0m20:14:56  Updating lock file in file path: /tmp/tmpxghnwmly/package-lock.yml","logger":"task.stdout"}
{"timestamp":"2026-04-02T20:14:56.166286Z","level":"info","event":"\u001b[0m20:14:56  Installing dbt-labs/dbt_utils","logger":"task.stdout"}
{"timestamp":"2026-04-02T20:14:56.488492Z","level":"info","event":"\u001b[0m20:14:56  Installed from version 1.1.1","logger":"task.stdout"}
{"timestamp":"2026-04-02T20:14:56.488714Z","level":"info","event":"\u001b[0m20:14:56  Updated version available: 1.3.3","logger":"task.stdout"}
{"timestamp":"2026-04-02T20:14:56.489088Z","level":"info","event":"\u001b[0m20:14:56","logger":"task.stdout"}
{"timestamp":"2026-04-02T20:14:56.489262Z","level":"info","event":"\u001b[0m20:14:56  Updates available for packages: ['dbt-labs/dbt_utils']","logger":"task.stdout"}
{"timestamp":"2026-04-02T20:14:56.489373Z","level":"info","event":"Update your versions in packages.yml, then run dbt deps","logger":"task.stdout"}
{"timestamp":"2026-04-02T20:14:56.489893Z","level":"info","event":"\u001b[0m20:14:56  [\u001b[33mWARNING\u001b[0m][DeprecationsSummary]: Deprecated functionality","logger":"task.stdout"}
{"timestamp":"2026-04-02T20:14:56.490001Z","level":"info","event":"Summary of encountered deprecations:","logger":"task.stdout"}
{"timestamp":"2026-04-02T20:14:56.490072Z","level":"info","event":"- MissingPlusPrefixDeprecation: 2 occurrences","logger":"task.stdout"}
{"timestamp":"2026-04-02T20:14:56.490123Z","level":"info","event":"To see all deprecation instances instead of just the first occurrence of each,","logger":"task.stdout"}
{"timestamp":"2026-04-02T20:14:56.491075Z","level":"info","event":"run command again with the `--show-all-deprecations` flag. You may also need to","logger":"task.stdout"}
{"timestamp":"2026-04-02T20:14:56.491138Z","level":"info","event":"run with `--no-partial-parse` as some deprecations are only encountered during","logger":"task.stdout"}
{"timestamp":"2026-04-02T20:14:56.491188Z","level":"info","event":"parsing.","logger":"task.stdout"}
{"timestamp":"2026-04-02T20:14:57.097710Z","level":"info","event":"Trying to run dbtRunner with:\n ['seed', '--select', 'fqn:jaffle_shop.raw_orders', '--full-refresh', '--project-dir', '/tmp/tmpxghnwmly', '--profiles-dir', '/tmp/cosmos/profile/ff9ee88690030f97e4d80e74a591a9f71c64d9142b7e48e1a3bcfebe23a7f63d', '--profile', 'jaffle_shop', '--target', 'dev', '--no-static-parser']\n in /tmp/tmpxghnwmly","logger":"cosmos.dbt.runner","filename":"runner.py","lineno":98}
{"timestamp":"2026-04-02T20:14:57.101087Z","level":"info","event":"\u001b[0m20:14:57  Running with dbt=1.11.7","logger":"task.stdout"}
{"timestamp":"2026-04-02T20:14:57.168950Z","level":"info","event":"\u001b[0m20:14:57  Registered adapter: postgres=1.10.0","logger":"task.stdout"}
{"timestamp":"2026-04-02T20:14:57.480191Z","level":"info","event":"\u001b[0m20:14:57  Found 5 models, 3 seeds, 20 data tests, 580 macros","logger":"task.stdout"}
{"timestamp":"2026-04-02T20:14:57.481180Z","level":"info","event":"\u001b[0m20:14:57","logger":"task.stdout"}
{"timestamp":"2026-04-02T20:14:57.481333Z","level":"info","event":"\u001b[0m20:14:57  Concurrency: 1 threads (target='dev')","logger":"task.stdout"}
{"timestamp":"2026-04-02T20:14:57.481456Z","level":"info","event":"\u001b[0m20:14:57","logger":"task.stdout"}
{"timestamp":"2026-04-02T20:14:57.527793Z","level":"info","event":"\u001b[0m20:14:57  1 of 1 START seed file public.raw_orders ....................................... [RUN]","logger":"task.stdout"}
{"timestamp":"2026-04-02T20:14:57.585039Z","level":"info","event":"\u001b[0m20:14:57  1 of 1 OK loaded seed file public.raw_orders ................................... [\u001b[32mCREATE 99\u001b[0m in 0.06s]","logger":"task.stdout"}
{"timestamp":"2026-04-02T20:14:57.592473Z","level":"info","event":"\u001b[0m20:14:57","logger":"task.stdout"}
{"timestamp":"2026-04-02T20:14:57.592615Z","level":"info","event":"\u001b[0m20:14:57  Finished running 1 seed in 0 hours 0 minutes and 0.11 seconds (0.11s).","logger":"task.stdout"}
{"timestamp":"2026-04-02T20:14:57.608693Z","level":"info","event":"\u001b[0m20:14:57","logger":"task.stdout"}
{"timestamp":"2026-04-02T20:14:57.608837Z","level":"info","event":"\u001b[0m20:14:57  \u001b[32mCompleted successfully\u001b[0m","logger":"task.stdout"}
{"timestamp":"2026-04-02T20:14:57.608971Z","level":"info","event":"\u001b[0m20:14:57","logger":"task.stdout"}
{"timestamp":"2026-04-02T20:14:57.609141Z","level":"info","event":"\u001b[0m20:14:57  Done. PASS=1 WARN=0 ERROR=0 SKIP=0 NO-OP=0 TOTAL=1","logger":"task.stdout"}
{"timestamp":"2026-04-02T20:14:57.609416Z","level":"info","event":"\u001b[0m20:14:57  [\u001b[33mWARNING\u001b[0m][DeprecationsSummary]: Deprecated functionality","logger":"task.stdout"}
{"timestamp":"2026-04-02T20:14:57.609474Z","level":"info","event":"Summary of encountered deprecations:","logger":"task.stdout"}
{"timestamp":"2026-04-02T20:14:57.609512Z","level":"info","event":"- MissingPlusPrefixDeprecation: 2 occurrences","logger":"task.stdout"}
{"timestamp":"2026-04-02T20:14:57.609547Z","level":"info","event":"To see all deprecation instances instead of just the first occurrence of each,","logger":"task.stdout"}
{"timestamp":"2026-04-02T20:14:57.609581Z","level":"info","event":"run command again with the `--show-all-deprecations` flag. You may also need to","logger":"task.stdout"}
{"timestamp":"2026-04-02T20:14:57.609614Z","level":"info","event":"run with `--no-partial-parse` as some deprecations are only encountered during","logger":"task.stdout"}
{"timestamp":"2026-04-02T20:14:57.609646Z","level":"info","event":"parsing.","logger":"task.stdout"}
{"timestamp":"2026-04-02T20:14:58.182256Z","level":"info","event":"Inlets: []","logger":"cosmos.operators.local","filename":"local.py","lineno":571}
{"timestamp":"2026-04-02T20:14:58.182331Z","level":"info","event":"Outlets: []","logger":"cosmos.operators.local","filename":"local.py","lineno":572}
{"timestamp":"2026-04-02T20:14:58.182387Z","level":"info","event":"Assigning outlets with DatasetAlias in Airflow 3","logger":"cosmos.operators.local","filename":"local.py","lineno":839}
