{"timestamp":"2026-04-02T20:12:44.267640Z","level":"info","event":"Stats instance was created in PID 7 but accessed in PID 492. Re-initializing.","logger":"airflow.stats","filename":"stats.py","lineno":57}
{"timestamp":"2026-04-02T20:12:44.280612Z","level":"info","event":"DAG bundles loaded: dags-folder","logger":"airflow.dag_processing.bundles.manager.DagBundlesManager","filename":"manager.py","lineno":179}
{"timestamp":"2026-04-02T20:12:44.280870Z","level":"info","event":"Filling up the DagBag from /opt/airflow/dags/product_reporting.py","logger":"airflow.models.dagbag.BundleDagBag","filename":"dagbag.py","lineno":593}
{"timestamp":"2026-04-02T20:12:44.283391Z","level":"info","event":"::group::Cosmos DAG parsing logs","logger":"cosmos.converter","filename":"converter.py","lineno":274}
{"timestamp":"2026-04-02T20:12:44.283733Z","level":"info","event":"Trying to parse the dbt project using dbt ls cache cosmos_cache__basic_cosmos_dag...","logger":"cosmos.dbt.graph","filename":"graph.py","lineno":689}
{"timestamp":"2026-04-02T20:12:44.293555Z","level":"info","event":"Cosmos performance: time to calculate cache identifier cosmos_cache__basic_cosmos_dag for current version: 0.004536166999969282","logger":"cosmos.cache","filename":"cache.py","lineno":345}
{"timestamp":"2026-04-02T20:12:44.293640Z","level":"info","event":"Cosmos performance [39c1bccfc631|492]: The cache size for cosmos_cache__basic_cosmos_dag is 21741","logger":"cosmos.dbt.graph","filename":"graph.py","lineno":706}
{"timestamp":"2026-04-02T20:12:44.294496Z","level":"info","event":"Cosmos performance: Cache hit for cosmos_cache__basic_cosmos_dag - d98397bc68fa791628916bda9a565a1d,d41d8cd98f00b204e9800998ecf8427e","logger":"cosmos.dbt.graph","filename":"graph.py","lineno":714}
{"timestamp":"2026-04-02T20:12:44.294791Z","level":"info","event":"Total nodes: 28","logger":"cosmos.dbt.graph","filename":"graph.py","lineno":619}
{"timestamp":"2026-04-02T20:12:44.294825Z","level":"info","event":"Total filtered nodes: 28","logger":"cosmos.dbt.graph","filename":"graph.py","lineno":620}
{"timestamp":"2026-04-02T20:12:44.298986Z","level":"info","event":"Cosmos performance (basic_cosmos_dag) -  [39c1bccfc631|492]: It took 0.0153s to parse the dbt project for DAG using LoadMode.DBT_LS_CACHE","logger":"cosmos.converter","filename":"converter.py","lineno":321}
{"timestamp":"2026-04-02T20:12:44.304509Z","level":"info","event":"Cosmos performance (basic_cosmos_dag) - [39c1bccfc631|492]: It took 0.00553s to build the Airflow DAG.","logger":"cosmos.converter","filename":"converter.py","lineno":367}
{"timestamp":"2026-04-02T20:12:44.304579Z","level":"info","event":"::endgroup::Cosmos DAG parsing logs","logger":"cosmos.converter","filename":"converter.py","lineno":370}
{"timestamp":"2026-04-02T20:12:44.734811Z","level":"info","event":"dbtRunner is available. Using dbtRunner for invoking dbt.","logger":"cosmos.operators.local","filename":"local.py","lineno":262}
{"timestamp":"2026-04-02T20:12:44.735083Z","level":"info","event":"Cloning project to writable temp directory /tmp/tmpchkgcjo1 from /opt/airflow/dags/include/jaffle_shop","logger":"cosmos.operators.local","filename":"local.py","lineno":494}
{"timestamp":"2026-04-02T20:12:44.737319Z","level":"info","event":"Partial parse is enabled and the latest partial parse file is /tmp/cosmos/basic_cosmos_dag/target/partial_parse.msgpack","logger":"cosmos.operators.local","filename":"local.py","lineno":514}
{"timestamp":"2026-04-02T20:12:44.740991Z","level":"info","event":"Profile caching is enable.","logger":"cosmos.config","filename":"config.py","lineno":384}
{"timestamp":"2026-04-02T20:12:44.746553Z","level":"info","event":"Profile found in cache using profile: /tmp/cosmos/profile/ff9ee88690030f97e4d80e74a591a9f71c64d9142b7e48e1a3bcfebe23a7f63d/profiles.yml.","logger":"cosmos.config","filename":"config.py","lineno":364}
{"timestamp":"2026-04-02T20:12:44.747013Z","level":"info","event":"Trying to run dbtRunner with:\n ['deps', '--project-dir', '/tmp/tmpchkgcjo1', '--profiles-dir', '/tmp/cosmos/profile/ff9ee88690030f97e4d80e74a591a9f71c64d9142b7e48e1a3bcfebe23a7f63d', '--profile', 'jaffle_shop', '--target', 'dev', '--no-static-parser']\n in /tmp/tmpchkgcjo1","logger":"cosmos.dbt.runner","filename":"runner.py","lineno":98}
{"timestamp":"2026-04-02T20:12:44.772725Z","level":"info","event":"\u001b[0m20:12:44  Running with dbt=1.11.7","logger":"task.stdout"}
{"timestamp":"2026-04-02T20:12:44.774218Z","level":"info","event":"\u001b[0m20:12:44  [\u001b[33mWARNING\u001b[0m][MissingPlusPrefixDeprecation]: Deprecated functionality","logger":"task.stdout"}
{"timestamp":"2026-04-02T20:12:44.774280Z","level":"info","event":"Missing '+' prefix on `materialized` found at `jaffle_shop.staging.materialized`","logger":"task.stdout"}
{"timestamp":"2026-04-02T20:12:44.774337Z","level":"info","event":"in file `/tmp/tmpchkgcjo1/dbt_project.yml`. Hierarchical config values without a","logger":"task.stdout"}
{"timestamp":"2026-04-02T20:12:44.774388Z","level":"info","event":"'+' prefix are deprecated in dbt_project.yml.","logger":"task.stdout"}
{"timestamp":"2026-04-02T20:12:44.927960Z","level":"info","event":"\u001b[0m20:12:44  Updating lock file in file path: /tmp/tmpchkgcjo1/package-lock.yml","logger":"task.stdout"}
{"timestamp":"2026-04-02T20:12:44.930767Z","level":"info","event":"\u001b[0m20:12:44  Installing dbt-labs/dbt_utils","logger":"task.stdout"}
{"timestamp":"2026-04-02T20:12:45.272073Z","level":"info","event":"\u001b[0m20:12:45  Installed from version 1.1.1","logger":"task.stdout"}
{"timestamp":"2026-04-02T20:12:45.273041Z","level":"info","event":"\u001b[0m20:12:45  Updated version available: 1.3.3","logger":"task.stdout"}
{"timestamp":"2026-04-02T20:12:45.273158Z","level":"info","event":"\u001b[0m20:12:45","logger":"task.stdout"}
{"timestamp":"2026-04-02T20:12:45.273220Z","level":"info","event":"\u001b[0m20:12:45  Updates available for packages: ['dbt-labs/dbt_utils']","logger":"task.stdout"}
{"timestamp":"2026-04-02T20:12:45.274084Z","level":"info","event":"Update your versions in packages.yml, then run dbt deps","logger":"task.stdout"}
{"timestamp":"2026-04-02T20:12:45.274809Z","level":"info","event":"\u001b[0m20:12:45  [\u001b[33mWARNING\u001b[0m][DeprecationsSummary]: Deprecated functionality","logger":"task.stdout"}
{"timestamp":"2026-04-02T20:12:45.274954Z","level":"info","event":"Summary of encountered deprecations:","logger":"task.stdout"}
{"timestamp":"2026-04-02T20:12:45.275063Z","level":"info","event":"- MissingPlusPrefixDeprecation: 2 occurrences","logger":"task.stdout"}
{"timestamp":"2026-04-02T20:12:45.275183Z","level":"info","event":"To see all deprecation instances instead of just the first occurrence of each,","logger":"task.stdout"}
{"timestamp":"2026-04-02T20:12:45.275634Z","level":"info","event":"run command again with the `--show-all-deprecations` flag. You may also need to","logger":"task.stdout"}
{"timestamp":"2026-04-02T20:12:45.275767Z","level":"info","event":"run with `--no-partial-parse` as some deprecations are only encountered during","logger":"task.stdout"}
{"timestamp":"2026-04-02T20:12:45.275878Z","level":"info","event":"parsing.","logger":"task.stdout"}
{"timestamp":"2026-04-02T20:12:45.868261Z","level":"info","event":"Trying to run dbtRunner with:\n ['run', '--select', 'fqn:jaffle_shop.customers', '--full-refresh', '--project-dir', '/tmp/tmpchkgcjo1', '--profiles-dir', '/tmp/cosmos/profile/ff9ee88690030f97e4d80e74a591a9f71c64d9142b7e48e1a3bcfebe23a7f63d', '--profile', 'jaffle_shop', '--target', 'dev', '--no-static-parser']\n in /tmp/tmpchkgcjo1","logger":"cosmos.dbt.runner","filename":"runner.py","lineno":98}
{"timestamp":"2026-04-02T20:12:45.871675Z","level":"info","event":"\u001b[0m20:12:45  Running with dbt=1.11.7","logger":"task.stdout"}
{"timestamp":"2026-04-02T20:12:45.936451Z","level":"info","event":"\u001b[0m20:12:45  Registered adapter: postgres=1.10.0","logger":"task.stdout"}
{"timestamp":"2026-04-02T20:12:46.238880Z","level":"info","event":"\u001b[0m20:12:46  Found 5 models, 3 seeds, 20 data tests, 580 macros","logger":"task.stdout"}
{"timestamp":"2026-04-02T20:12:46.239830Z","level":"info","event":"\u001b[0m20:12:46","logger":"task.stdout"}
{"timestamp":"2026-04-02T20:12:46.239982Z","level":"info","event":"\u001b[0m20:12:46  Concurrency: 1 threads (target='dev')","logger":"task.stdout"}
{"timestamp":"2026-04-02T20:12:46.240091Z","level":"info","event":"\u001b[0m20:12:46","logger":"task.stdout"}
{"timestamp":"2026-04-02T20:12:46.283461Z","level":"info","event":"\u001b[0m20:12:46  1 of 1 START sql table model public.customers .................................. [RUN]","logger":"task.stdout"}
{"timestamp":"2026-04-02T20:12:46.331130Z","level":"info","event":"\u001b[0m20:12:46  1 of 1 OK created sql table model public.customers ............................. [\u001b[32mSELECT 100\u001b[0m in 0.05s]","logger":"task.stdout"}
{"timestamp":"2026-04-02T20:12:46.337702Z","level":"info","event":"\u001b[0m20:12:46","logger":"task.stdout"}
{"timestamp":"2026-04-02T20:12:46.337839Z","level":"info","event":"\u001b[0m20:12:46  Finished running 1 table model in 0 hours 0 minutes and 0.10 seconds (0.10s).","logger":"task.stdout"}
{"timestamp":"2026-04-02T20:12:46.353558Z","level":"info","event":"\u001b[0m20:12:46","logger":"task.stdout"}
{"timestamp":"2026-04-02T20:12:46.353700Z","level":"info","event":"\u001b[0m20:12:46  \u001b[32mCompleted successfully\u001b[0m","logger":"task.stdout"}
{"timestamp":"2026-04-02T20:12:46.353837Z","level":"info","event":"\u001b[0m20:12:46","logger":"task.stdout"}
{"timestamp":"2026-04-02T20:12:46.353988Z","level":"info","event":"\u001b[0m20:12:46  Done. PASS=1 WARN=0 ERROR=0 SKIP=0 NO-OP=0 TOTAL=1","logger":"task.stdout"}
{"timestamp":"2026-04-02T20:12:46.354256Z","level":"info","event":"\u001b[0m20:12:46  [\u001b[33mWARNING\u001b[0m][DeprecationsSummary]: Deprecated functionality","logger":"task.stdout"}
{"timestamp":"2026-04-02T20:12:46.354309Z","level":"info","event":"Summary of encountered deprecations:","logger":"task.stdout"}
{"timestamp":"2026-04-02T20:12:46.354356Z","level":"info","event":"- MissingPlusPrefixDeprecation: 2 occurrences","logger":"task.stdout"}
{"timestamp":"2026-04-02T20:12:46.354391Z","level":"info","event":"To see all deprecation instances instead of just the first occurrence of each,","logger":"task.stdout"}
{"timestamp":"2026-04-02T20:12:46.354424Z","level":"info","event":"run command again with the `--show-all-deprecations` flag. You may also need to","logger":"task.stdout"}
{"timestamp":"2026-04-02T20:12:46.354460Z","level":"info","event":"run with `--no-partial-parse` as some deprecations are only encountered during","logger":"task.stdout"}
{"timestamp":"2026-04-02T20:12:46.354509Z","level":"info","event":"parsing.","logger":"task.stdout"}
{"timestamp":"2026-04-02T20:12:46.951434Z","level":"warning","event":"\n                Airflow 3.0.0 Asset (Dataset) URIs validation rules changed and OpenLineage URIs (standard used by Cosmos) are no longer accepted.\n                Therefore, if using Cosmos with Airflow 3, the Airflow Asset (Dataset) URI is now <postgres://postgres:5432/airflow/public/stg_customers>.\n                Before, with Airflow 2.x, the URI used to be <postgres://postgres:5432/airflow.public.stg_customers>.\n                Please, change any DAGs that were scheduled using the old standard to the new one.\n                ","logger":"cosmos.operators.local","filename":"local.py","lineno":766}
{"timestamp":"2026-04-02T20:12:46.951529Z","level":"warning","event":"\n                Airflow 3.0.0 Asset (Dataset) URIs validation rules changed and OpenLineage URIs (standard used by Cosmos) are no longer accepted.\n                Therefore, if using Cosmos with Airflow 3, the Airflow Asset (Dataset) URI is now <postgres://postgres:5432/airflow/public/stg_orders>.\n                Before, with Airflow 2.x, the URI used to be <postgres://postgres:5432/airflow.public.stg_orders>.\n                Please, change any DAGs that were scheduled using the old standard to the new one.\n                ","logger":"cosmos.operators.local","filename":"local.py","lineno":766}
{"timestamp":"2026-04-02T20:12:46.951563Z","level":"warning","event":"\n                Airflow 3.0.0 Asset (Dataset) URIs validation rules changed and OpenLineage URIs (standard used by Cosmos) are no longer accepted.\n                Therefore, if using Cosmos with Airflow 3, the Airflow Asset (Dataset) URI is now <postgres://postgres:5432/airflow/public/stg_payments>.\n                Before, with Airflow 2.x, the URI used to be <postgres://postgres:5432/airflow.public.stg_payments>.\n                Please, change any DAGs that were scheduled using the old standard to the new one.\n                ","logger":"cosmos.operators.local","filename":"local.py","lineno":766}
{"timestamp":"2026-04-02T20:12:46.970514Z","level":"warning","event":"\n                Airflow 3.0.0 Asset (Dataset) URIs validation rules changed and OpenLineage URIs (standard used by Cosmos) are no longer accepted.\n                Therefore, if using Cosmos with Airflow 3, the Airflow Asset (Dataset) URI is now <postgres://postgres:5432/airflow/public/customers>.\n                Before, with Airflow 2.x, the URI used to be <postgres://postgres:5432/airflow.public.customers>.\n                Please, change any DAGs that were scheduled using the old standard to the new one.\n                ","logger":"cosmos.operators.local","filename":"local.py","lineno":766}
{"timestamp":"2026-04-02T20:12:46.970604Z","level":"info","event":"Inlets: [Asset(name='postgres://postgres:5432/airflow/public/stg_customers', uri='postgres://postgres:5432/airflow/public/stg_customers', group='asset', extra={}, watchers=[]), Asset(name='postgres://postgres:5432/airflow/public/stg_orders', uri='postgres://postgres:5432/airflow/public/stg_orders', group='asset', extra={}, watchers=[]), Asset(name='postgres://postgres:5432/airflow/public/stg_payments', uri='postgres://postgres:5432/airflow/public/stg_payments', group='asset', extra={}, watchers=[])]","logger":"cosmos.operators.local","filename":"local.py","lineno":571}
{"timestamp":"2026-04-02T20:12:46.970651Z","level":"info","event":"Outlets: [Asset(name='postgres://postgres:5432/airflow/public/customers', uri='postgres://postgres:5432/airflow/public/customers', group='asset', extra={}, watchers=[])]","logger":"cosmos.operators.local","filename":"local.py","lineno":572}
{"timestamp":"2026-04-02T20:12:46.970699Z","level":"info","event":"Assigning outlets with DatasetAlias in Airflow 3","logger":"cosmos.operators.local","filename":"local.py","lineno":839}
