{"timestamp":"2026-04-02T18:28:30.105299Z","level":"info","event":"Stats instance was created in PID 7 but accessed in PID 179. Re-initializing.","logger":"airflow.stats","filename":"stats.py","lineno":57}
{"timestamp":"2026-04-02T18:28:30.118706Z","level":"info","event":"DAG bundles loaded: dags-folder","logger":"airflow.dag_processing.bundles.manager.DagBundlesManager","filename":"manager.py","lineno":179}
{"timestamp":"2026-04-02T18:28:30.118981Z","level":"info","event":"Filling up the DagBag from /opt/airflow/dags/product_reporting.py","logger":"airflow.models.dagbag.BundleDagBag","filename":"dagbag.py","lineno":593}
{"timestamp":"2026-04-02T18:28:30.122832Z","level":"info","event":"::group::Cosmos DAG parsing logs","logger":"cosmos.converter","filename":"converter.py","lineno":274}
{"timestamp":"2026-04-02T18:28:30.123239Z","level":"info","event":"Trying to parse the dbt project using dbt ls cache cosmos_cache__basic_cosmos_dag...","logger":"cosmos.dbt.graph","filename":"graph.py","lineno":689}
{"timestamp":"2026-04-02T18:28:30.132512Z","level":"info","event":"Cosmos performance: time to calculate cache identifier cosmos_cache__basic_cosmos_dag for current version: 0.0023704169998381985","logger":"cosmos.cache","filename":"cache.py","lineno":345}
{"timestamp":"2026-04-02T18:28:30.132598Z","level":"info","event":"Cosmos performance [de7ee0b79df9|179]: The cache size for cosmos_cache__basic_cosmos_dag is 4678","logger":"cosmos.dbt.graph","filename":"graph.py","lineno":706}
{"timestamp":"2026-04-02T18:28:30.132732Z","level":"info","event":"Cosmos performance: Cache hit for cosmos_cache__basic_cosmos_dag - f0ceb1cb480e846a9f124df8c49bcf77,d41d8cd98f00b204e9800998ecf8427e","logger":"cosmos.dbt.graph","filename":"graph.py","lineno":714}
{"timestamp":"2026-04-02T18:28:30.134122Z","level":"info","event":"Total nodes: 6","logger":"cosmos.dbt.graph","filename":"graph.py","lineno":619}
{"timestamp":"2026-04-02T18:28:30.134174Z","level":"info","event":"Total filtered nodes: 6","logger":"cosmos.dbt.graph","filename":"graph.py","lineno":620}
{"timestamp":"2026-04-02T18:28:30.139494Z","level":"info","event":"Cosmos performance (basic_cosmos_dag) -  [de7ee0b79df9|179]: It took 0.0163s to parse the dbt project for DAG using LoadMode.DBT_LS_CACHE","logger":"cosmos.converter","filename":"converter.py","lineno":321}
{"timestamp":"2026-04-02T18:28:30.139754Z","level":"info","event":"Project /opt/airflow/dags/include/jaffle_shop does not have {'dependencies.yml', 'packages.yml'}","logger":"cosmos.dbt.project","filename":"project.py","lineno":40}
{"timestamp":"2026-04-02T18:28:30.140977Z","level":"info","event":"Project /opt/airflow/dags/include/jaffle_shop does not have {'dependencies.yml', 'packages.yml'}","logger":"cosmos.dbt.project","filename":"project.py","lineno":40}
{"timestamp":"2026-04-02T18:28:30.144969Z","level":"info","event":"Project /opt/airflow/dags/include/jaffle_shop does not have {'dependencies.yml', 'packages.yml'}","logger":"cosmos.dbt.project","filename":"project.py","lineno":40}
{"timestamp":"2026-04-02T18:28:30.145800Z","level":"info","event":"Project /opt/airflow/dags/include/jaffle_shop does not have {'dependencies.yml', 'packages.yml'}","logger":"cosmos.dbt.project","filename":"project.py","lineno":40}
{"timestamp":"2026-04-02T18:28:30.146272Z","level":"info","event":"Project /opt/airflow/dags/include/jaffle_shop does not have {'dependencies.yml', 'packages.yml'}","logger":"cosmos.dbt.project","filename":"project.py","lineno":40}
{"timestamp":"2026-04-02T18:28:30.146624Z","level":"info","event":"Cosmos performance (basic_cosmos_dag) - [de7ee0b79df9|179]: It took 0.00714s to build the Airflow DAG.","logger":"cosmos.converter","filename":"converter.py","lineno":367}
{"timestamp":"2026-04-02T18:28:30.146726Z","level":"info","event":"::endgroup::Cosmos DAG parsing logs","logger":"cosmos.converter","filename":"converter.py","lineno":370}
{"timestamp":"2026-04-02T18:28:30.631167Z","level":"info","event":"dbtRunner is available. Using dbtRunner for invoking dbt.","logger":"cosmos.operators.local","filename":"local.py","lineno":262}
{"timestamp":"2026-04-02T18:28:30.631415Z","level":"info","event":"Cloning project to writable temp directory /tmp/tmpinq4sscp from /opt/airflow/dags/include/jaffle_shop","logger":"cosmos.operators.local","filename":"local.py","lineno":494}
{"timestamp":"2026-04-02T18:28:30.632445Z","level":"info","event":"Partial parse is enabled and the latest partial parse file is /tmp/cosmos/basic_cosmos_dag/target/partial_parse.msgpack","logger":"cosmos.operators.local","filename":"local.py","lineno":514}
{"timestamp":"2026-04-02T18:28:30.634498Z","level":"info","event":"Profile caching is enable.","logger":"cosmos.config","filename":"config.py","lineno":384}
{"timestamp":"2026-04-02T18:28:30.638847Z","level":"info","event":"Using real values for profile jaffle_shop","logger":"cosmos.profiles.base","filename":"base.py","lineno":248}
{"timestamp":"2026-04-02T18:28:30.639568Z","level":"info","event":"Profile not found in cache storing and using profile: /tmp/cosmos/profile/ff9ee88690030f97e4d80e74a591a9f71c64d9142b7e48e1a3bcfebe23a7f63d/profiles.yml.","logger":"cosmos.config","filename":"config.py","lineno":371}
{"timestamp":"2026-04-02T18:28:30.639740Z","level":"info","event":"Trying to run dbtRunner with:\n ['run', '--select', 'fqn:jaffle_shop.example.my_first_dbt_model', '--full-refresh', '--project-dir', '/tmp/tmpinq4sscp', '--profiles-dir', '/tmp/cosmos/profile/ff9ee88690030f97e4d80e74a591a9f71c64d9142b7e48e1a3bcfebe23a7f63d', '--profile', 'jaffle_shop', '--target', 'dev', '--no-static-parser']\n in /tmp/tmpinq4sscp","logger":"cosmos.dbt.runner","filename":"runner.py","lineno":98}
{"timestamp":"2026-04-02T18:28:30.665775Z","level":"info","event":"\u001b[0m18:28:30  Running with dbt=1.11.7","logger":"task.stdout"}
{"timestamp":"2026-04-02T18:28:30.784394Z","level":"info","event":"\u001b[0m18:28:30  Registered adapter: postgres=1.10.0","logger":"task.stdout"}
{"timestamp":"2026-04-02T18:28:30.955330Z","level":"info","event":"\u001b[0m18:28:30  Unable to do partial parsing because profile has changed","logger":"task.stdout"}
{"timestamp":"2026-04-02T18:28:31.606244Z","level":"info","event":"\u001b[0m18:28:31  Found 2 models, 4 data tests, 465 macros","logger":"task.stdout"}
{"timestamp":"2026-04-02T18:28:31.607211Z","level":"info","event":"\u001b[0m18:28:31","logger":"task.stdout"}
{"timestamp":"2026-04-02T18:28:31.607413Z","level":"info","event":"\u001b[0m18:28:31  Concurrency: 1 threads (target='dev')","logger":"task.stdout"}
{"timestamp":"2026-04-02T18:28:31.607594Z","level":"info","event":"\u001b[0m18:28:31","logger":"task.stdout"}
{"timestamp":"2026-04-02T18:28:31.651924Z","level":"info","event":"\u001b[0m18:28:31  1 of 1 START sql table model public.my_first_dbt_model ......................... [RUN]","logger":"task.stdout"}
{"timestamp":"2026-04-02T18:28:31.695757Z","level":"info","event":"\u001b[0m18:28:31  1 of 1 OK created sql table model public.my_first_dbt_model .................... [\u001b[32mSELECT 2\u001b[0m in 0.04s]","logger":"task.stdout"}
{"timestamp":"2026-04-02T18:28:31.703886Z","level":"info","event":"\u001b[0m18:28:31","logger":"task.stdout"}
{"timestamp":"2026-04-02T18:28:31.704876Z","level":"info","event":"\u001b[0m18:28:31  Finished running 1 table model in 0 hours 0 minutes and 0.09 seconds (0.09s).","logger":"task.stdout"}
{"timestamp":"2026-04-02T18:28:31.714477Z","level":"info","event":"\u001b[0m18:28:31","logger":"task.stdout"}
{"timestamp":"2026-04-02T18:28:31.714718Z","level":"info","event":"\u001b[0m18:28:31  \u001b[32mCompleted successfully\u001b[0m","logger":"task.stdout"}
{"timestamp":"2026-04-02T18:28:31.714909Z","level":"info","event":"\u001b[0m18:28:31","logger":"task.stdout"}
{"timestamp":"2026-04-02T18:28:31.715136Z","level":"info","event":"\u001b[0m18:28:31  Done. PASS=1 WARN=0 ERROR=0 SKIP=0 NO-OP=0 TOTAL=1","logger":"task.stdout"}
{"timestamp":"2026-04-02T18:28:32.278762Z","level":"warning","event":"\n                Airflow 3.0.0 Asset (Dataset) URIs validation rules changed and OpenLineage URIs (standard used by Cosmos) are no longer accepted.\n                Therefore, if using Cosmos with Airflow 3, the Airflow Asset (Dataset) URI is now <postgres://postgres:5432/airflow/public/my_first_dbt_model>.\n                Before, with Airflow 2.x, the URI used to be <postgres://postgres:5432/airflow.public.my_first_dbt_model>.\n                Please, change any DAGs that were scheduled using the old standard to the new one.\n                ","logger":"cosmos.operators.local","filename":"local.py","lineno":766}
{"timestamp":"2026-04-02T18:28:32.347888Z","level":"info","event":"Inlets: []","logger":"cosmos.operators.local","filename":"local.py","lineno":571}
{"timestamp":"2026-04-02T18:28:32.348110Z","level":"info","event":"Outlets: [Asset(name='postgres://postgres:5432/airflow/public/my_first_dbt_model', uri='postgres://postgres:5432/airflow/public/my_first_dbt_model', group='asset', extra={}, watchers=[])]","logger":"cosmos.operators.local","filename":"local.py","lineno":572}
{"timestamp":"2026-04-02T18:28:32.348256Z","level":"info","event":"Assigning outlets with DatasetAlias in Airflow 3","logger":"cosmos.operators.local","filename":"local.py","lineno":839}
