{"timestamp":"2026-04-02T20:14:20.101219Z","level":"info","event":"Stats instance was created in PID 7 but accessed in PID 1045. Re-initializing.","logger":"airflow.stats","filename":"stats.py","lineno":57}
{"timestamp":"2026-04-02T20:14:20.115879Z","level":"info","event":"DAG bundles loaded: dags-folder","logger":"airflow.dag_processing.bundles.manager.DagBundlesManager","filename":"manager.py","lineno":179}
{"timestamp":"2026-04-02T20:14:20.116194Z","level":"info","event":"Filling up the DagBag from /opt/airflow/dags/product_reporting.py","logger":"airflow.models.dagbag.BundleDagBag","filename":"dagbag.py","lineno":593}
{"timestamp":"2026-04-02T20:14:20.118693Z","level":"info","event":"::group::Cosmos DAG parsing logs","logger":"cosmos.converter","filename":"converter.py","lineno":274}
{"timestamp":"2026-04-02T20:14:20.119124Z","level":"info","event":"Trying to parse the dbt project using dbt ls cache cosmos_cache__basic_cosmos_dag...","logger":"cosmos.dbt.graph","filename":"graph.py","lineno":689}
{"timestamp":"2026-04-02T20:14:20.128824Z","level":"info","event":"Cosmos performance: time to calculate cache identifier cosmos_cache__basic_cosmos_dag for current version: 0.004856541998378816","logger":"cosmos.cache","filename":"cache.py","lineno":345}
{"timestamp":"2026-04-02T20:14:20.128936Z","level":"info","event":"Cosmos performance [39c1bccfc631|1045]: The cache size for cosmos_cache__basic_cosmos_dag is 21741","logger":"cosmos.dbt.graph","filename":"graph.py","lineno":706}
{"timestamp":"2026-04-02T20:14:20.129492Z","level":"info","event":"Cosmos performance: Cache hit for cosmos_cache__basic_cosmos_dag - d98397bc68fa791628916bda9a565a1d,d41d8cd98f00b204e9800998ecf8427e","logger":"cosmos.dbt.graph","filename":"graph.py","lineno":714}
{"timestamp":"2026-04-02T20:14:20.130475Z","level":"info","event":"Total nodes: 28","logger":"cosmos.dbt.graph","filename":"graph.py","lineno":619}
{"timestamp":"2026-04-02T20:14:20.130879Z","level":"info","event":"Total filtered nodes: 28","logger":"cosmos.dbt.graph","filename":"graph.py","lineno":620}
{"timestamp":"2026-04-02T20:14:20.136753Z","level":"info","event":"Cosmos performance (basic_cosmos_dag) -  [39c1bccfc631|1045]: It took 0.0175s to parse the dbt project for DAG using LoadMode.DBT_LS_CACHE","logger":"cosmos.converter","filename":"converter.py","lineno":321}
{"timestamp":"2026-04-02T20:14:20.146234Z","level":"info","event":"Cosmos performance (basic_cosmos_dag) - [39c1bccfc631|1045]: It took 0.00968s to build the Airflow DAG.","logger":"cosmos.converter","filename":"converter.py","lineno":367}
{"timestamp":"2026-04-02T20:14:20.146405Z","level":"info","event":"::endgroup::Cosmos DAG parsing logs","logger":"cosmos.converter","filename":"converter.py","lineno":370}
{"timestamp":"2026-04-02T20:14:20.625312Z","level":"info","event":"dbtRunner is available. Using dbtRunner for invoking dbt.","logger":"cosmos.operators.local","filename":"local.py","lineno":262}
{"timestamp":"2026-04-02T20:14:20.625616Z","level":"info","event":"Cloning project to writable temp directory /tmp/tmpbw9c5lym from /opt/airflow/dags/include/jaffle_shop","logger":"cosmos.operators.local","filename":"local.py","lineno":494}
{"timestamp":"2026-04-02T20:14:20.628045Z","level":"info","event":"Partial parse is enabled and the latest partial parse file is /tmp/cosmos/basic_cosmos_dag/target/partial_parse.msgpack","logger":"cosmos.operators.local","filename":"local.py","lineno":514}
{"timestamp":"2026-04-02T20:14:20.632170Z","level":"info","event":"Profile caching is enable.","logger":"cosmos.config","filename":"config.py","lineno":384}
{"timestamp":"2026-04-02T20:14:20.639482Z","level":"info","event":"Profile found in cache using profile: /tmp/cosmos/profile/ff9ee88690030f97e4d80e74a591a9f71c64d9142b7e48e1a3bcfebe23a7f63d/profiles.yml.","logger":"cosmos.config","filename":"config.py","lineno":364}
{"timestamp":"2026-04-02T20:14:20.640098Z","level":"info","event":"Trying to run dbtRunner with:\n ['deps', '--project-dir', '/tmp/tmpbw9c5lym', '--profiles-dir', '/tmp/cosmos/profile/ff9ee88690030f97e4d80e74a591a9f71c64d9142b7e48e1a3bcfebe23a7f63d', '--profile', 'jaffle_shop', '--target', 'dev', '--no-static-parser']\n in /tmp/tmpbw9c5lym","logger":"cosmos.dbt.runner","filename":"runner.py","lineno":98}
{"timestamp":"2026-04-02T20:14:20.668983Z","level":"info","event":"\u001b[0m20:14:20  Running with dbt=1.11.7","logger":"task.stdout"}
{"timestamp":"2026-04-02T20:14:20.670665Z","level":"info","event":"\u001b[0m20:14:20  [\u001b[33mWARNING\u001b[0m][MissingPlusPrefixDeprecation]: Deprecated functionality","logger":"task.stdout"}
{"timestamp":"2026-04-02T20:14:20.670774Z","level":"info","event":"Missing '+' prefix on `materialized` found at `jaffle_shop.staging.materialized`","logger":"task.stdout"}
{"timestamp":"2026-04-02T20:14:20.670828Z","level":"info","event":"in file `/tmp/tmpbw9c5lym/dbt_project.yml`. Hierarchical config values without a","logger":"task.stdout"}
{"timestamp":"2026-04-02T20:14:20.670972Z","level":"info","event":"'+' prefix are deprecated in dbt_project.yml.","logger":"task.stdout"}
{"timestamp":"2026-04-02T20:14:20.843742Z","level":"info","event":"\u001b[0m20:14:20  Updating lock file in file path: /tmp/tmpbw9c5lym/package-lock.yml","logger":"task.stdout"}
{"timestamp":"2026-04-02T20:14:20.846337Z","level":"info","event":"\u001b[0m20:14:20  Installing dbt-labs/dbt_utils","logger":"task.stdout"}
{"timestamp":"2026-04-02T20:14:21.191532Z","level":"info","event":"\u001b[0m20:14:21  Installed from version 1.1.1","logger":"task.stdout"}
{"timestamp":"2026-04-02T20:14:21.191710Z","level":"info","event":"\u001b[0m20:14:21  Updated version available: 1.3.3","logger":"task.stdout"}
{"timestamp":"2026-04-02T20:14:21.192072Z","level":"info","event":"\u001b[0m20:14:21","logger":"task.stdout"}
{"timestamp":"2026-04-02T20:14:21.192229Z","level":"info","event":"\u001b[0m20:14:21  Updates available for packages: ['dbt-labs/dbt_utils']","logger":"task.stdout"}
{"timestamp":"2026-04-02T20:14:21.192291Z","level":"info","event":"Update your versions in packages.yml, then run dbt deps","logger":"task.stdout"}
{"timestamp":"2026-04-02T20:14:21.192611Z","level":"info","event":"\u001b[0m20:14:21  [\u001b[33mWARNING\u001b[0m][DeprecationsSummary]: Deprecated functionality","logger":"task.stdout"}
{"timestamp":"2026-04-02T20:14:21.192670Z","level":"info","event":"Summary of encountered deprecations:","logger":"task.stdout"}
{"timestamp":"2026-04-02T20:14:21.192731Z","level":"info","event":"- MissingPlusPrefixDeprecation: 2 occurrences","logger":"task.stdout"}
{"timestamp":"2026-04-02T20:14:21.192786Z","level":"info","event":"To see all deprecation instances instead of just the first occurrence of each,","logger":"task.stdout"}
{"timestamp":"2026-04-02T20:14:21.192839Z","level":"info","event":"run command again with the `--show-all-deprecations` flag. You may also need to","logger":"task.stdout"}
{"timestamp":"2026-04-02T20:14:21.192896Z","level":"info","event":"run with `--no-partial-parse` as some deprecations are only encountered during","logger":"task.stdout"}
{"timestamp":"2026-04-02T20:14:21.192948Z","level":"info","event":"parsing.","logger":"task.stdout"}
{"timestamp":"2026-04-02T20:14:21.777578Z","level":"info","event":"Trying to run dbtRunner with:\n ['seed', '--select', 'fqn:jaffle_shop.raw_payments', '--full-refresh', '--project-dir', '/tmp/tmpbw9c5lym', '--profiles-dir', '/tmp/cosmos/profile/ff9ee88690030f97e4d80e74a591a9f71c64d9142b7e48e1a3bcfebe23a7f63d', '--profile', 'jaffle_shop', '--target', 'dev', '--no-static-parser']\n in /tmp/tmpbw9c5lym","logger":"cosmos.dbt.runner","filename":"runner.py","lineno":98}
{"timestamp":"2026-04-02T20:14:21.780841Z","level":"info","event":"\u001b[0m20:14:21  Running with dbt=1.11.7","logger":"task.stdout"}
{"timestamp":"2026-04-02T20:14:21.852710Z","level":"info","event":"\u001b[0m20:14:21  Registered adapter: postgres=1.10.0","logger":"task.stdout"}
{"timestamp":"2026-04-02T20:14:22.206798Z","level":"info","event":"\u001b[0m20:14:22  Found 5 models, 3 seeds, 20 data tests, 580 macros","logger":"task.stdout"}
{"timestamp":"2026-04-02T20:14:22.207821Z","level":"info","event":"\u001b[0m20:14:22","logger":"task.stdout"}
{"timestamp":"2026-04-02T20:14:22.207974Z","level":"info","event":"\u001b[0m20:14:22  Concurrency: 1 threads (target='dev')","logger":"task.stdout"}
{"timestamp":"2026-04-02T20:14:22.208064Z","level":"info","event":"\u001b[0m20:14:22","logger":"task.stdout"}
{"timestamp":"2026-04-02T20:14:22.259224Z","level":"info","event":"\u001b[0m20:14:22  1 of 1 START seed file public.raw_payments ..................................... [RUN]","logger":"task.stdout"}
{"timestamp":"2026-04-02T20:14:22.322077Z","level":"info","event":"\u001b[0m20:14:22  1 of 1 OK loaded seed file public.raw_payments ................................. [\u001b[32mCREATE 113\u001b[0m in 0.06s]","logger":"task.stdout"}
{"timestamp":"2026-04-02T20:14:22.329322Z","level":"info","event":"\u001b[0m20:14:22","logger":"task.stdout"}
{"timestamp":"2026-04-02T20:14:22.329480Z","level":"info","event":"\u001b[0m20:14:22  Finished running 1 seed in 0 hours 0 minutes and 0.12 seconds (0.12s).","logger":"task.stdout"}
{"timestamp":"2026-04-02T20:14:22.346061Z","level":"info","event":"\u001b[0m20:14:22","logger":"task.stdout"}
{"timestamp":"2026-04-02T20:14:22.346246Z","level":"info","event":"\u001b[0m20:14:22  \u001b[32mCompleted successfully\u001b[0m","logger":"task.stdout"}
{"timestamp":"2026-04-02T20:14:22.346361Z","level":"info","event":"\u001b[0m20:14:22","logger":"task.stdout"}
{"timestamp":"2026-04-02T20:14:22.346451Z","level":"info","event":"\u001b[0m20:14:22  Done. PASS=1 WARN=0 ERROR=0 SKIP=0 NO-OP=0 TOTAL=1","logger":"task.stdout"}
{"timestamp":"2026-04-02T20:14:22.346718Z","level":"info","event":"\u001b[0m20:14:22  [\u001b[33mWARNING\u001b[0m][DeprecationsSummary]: Deprecated functionality","logger":"task.stdout"}
{"timestamp":"2026-04-02T20:14:22.346795Z","level":"info","event":"Summary of encountered deprecations:","logger":"task.stdout"}
{"timestamp":"2026-04-02T20:14:22.346861Z","level":"info","event":"- MissingPlusPrefixDeprecation: 2 occurrences","logger":"task.stdout"}
{"timestamp":"2026-04-02T20:14:22.346920Z","level":"info","event":"To see all deprecation instances instead of just the first occurrence of each,","logger":"task.stdout"}
{"timestamp":"2026-04-02T20:14:22.346976Z","level":"info","event":"run command again with the `--show-all-deprecations` flag. You may also need to","logger":"task.stdout"}
{"timestamp":"2026-04-02T20:14:22.347027Z","level":"info","event":"run with `--no-partial-parse` as some deprecations are only encountered during","logger":"task.stdout"}
{"timestamp":"2026-04-02T20:14:22.347067Z","level":"info","event":"parsing.","logger":"task.stdout"}
{"timestamp":"2026-04-02T20:14:22.933270Z","level":"info","event":"Inlets: []","logger":"cosmos.operators.local","filename":"local.py","lineno":571}
{"timestamp":"2026-04-02T20:14:22.933339Z","level":"info","event":"Outlets: []","logger":"cosmos.operators.local","filename":"local.py","lineno":572}
{"timestamp":"2026-04-02T20:14:22.933396Z","level":"info","event":"Assigning outlets with DatasetAlias in Airflow 3","logger":"cosmos.operators.local","filename":"local.py","lineno":839}
