{"timestamp":"2026-04-02T16:39:18.537600Z","level":"info","event":"Filling up the DagBag from /opt/airflow/dags/sample_dag.py","logger":"airflow.models.dagbag.BundleDagBag","filename":"dagbag.py","lineno":593}
{"timestamp":"2026-04-02T16:39:18.541041Z","level":"error","event":"Failed to import: /opt/airflow/dags/sample_dag.py","logger":"airflow.models.dagbag.BundleDagBag","filename":"dagbag.py","lineno":415,"error_detail":[{"exc_type":"ImportError","exc_value":"cannot import name 'days_ago' from 'airflow.utils.dates' (/home/airflow/.local/lib/python3.12/site-packages/airflow/utils/dates.py)","exc_notes":[],"syntax_error":null,"is_cause":false,"frames":[{"filename":"/home/airflow/.local/lib/python3.12/site-packages/airflow/models/dagbag.py","lineno":405,"name":"parse"},{"filename":"<frozen importlib._bootstrap_external>","lineno":999,"name":"exec_module"},{"filename":"<frozen importlib._bootstrap>","lineno":488,"name":"_call_with_frames_removed"},{"filename":"/opt/airflow/dags/sample_dag.py","lineno":34,"name":"<module>"}],"is_group":false,"exceptions":[]}]}
{"timestamp":"2026-04-02T16:39:18.542923Z","level":"warning","event":"The `airflow.operators.bash.BashOperator` attribute is deprecated. Please use `'airflow.providers.standard.operators.bash.BashOperator'`.","category":"DeprecatedImportWarning","filename":"/opt/airflow/dags/sample_dag.py","lineno":33,"logger":"py.warnings"}
{"timestamp":"2026-04-02T16:39:48.616353Z","level":"info","event":"Filling up the DagBag from /opt/airflow/dags/sample_dag.py","logger":"airflow.models.dagbag.BundleDagBag","filename":"dagbag.py","lineno":593}
{"timestamp":"2026-04-02T16:39:48.618552Z","level":"error","event":"Failed to import: /opt/airflow/dags/sample_dag.py","logger":"airflow.models.dagbag.BundleDagBag","filename":"dagbag.py","lineno":415,"error_detail":[{"exc_type":"ImportError","exc_value":"cannot import name 'days_ago' from 'airflow.utils.dates' (/home/airflow/.local/lib/python3.12/site-packages/airflow/utils/dates.py)","exc_notes":[],"syntax_error":null,"is_cause":false,"frames":[{"filename":"/home/airflow/.local/lib/python3.12/site-packages/airflow/models/dagbag.py","lineno":405,"name":"parse"},{"filename":"<frozen importlib._bootstrap_external>","lineno":999,"name":"exec_module"},{"filename":"<frozen importlib._bootstrap>","lineno":488,"name":"_call_with_frames_removed"},{"filename":"/opt/airflow/dags/sample_dag.py","lineno":34,"name":"<module>"}],"is_group":false,"exceptions":[]}]}
{"timestamp":"2026-04-02T16:39:48.620064Z","level":"warning","event":"The `airflow.operators.bash.BashOperator` attribute is deprecated. Please use `'airflow.providers.standard.operators.bash.BashOperator'`.","category":"DeprecatedImportWarning","filename":"/opt/airflow/dags/sample_dag.py","lineno":33,"logger":"py.warnings"}
{"timestamp":"2026-04-02T16:39:58.783140Z","level":"info","event":"Filling up the DagBag from /opt/airflow/dags/sample_dag.py","logger":"airflow.models.dagbag.BundleDagBag","filename":"dagbag.py","lineno":593}
{"timestamp":"2026-04-02T16:39:58.787749Z","level":"error","event":"Failed to import: /opt/airflow/dags/sample_dag.py","logger":"airflow.models.dagbag.BundleDagBag","filename":"dagbag.py","lineno":415,"error_detail":[{"exc_type":"ImportError","exc_value":"cannot import name 'days_ago' from 'airflow.utils.dates' (/home/airflow/.local/lib/python3.12/site-packages/airflow/utils/dates.py)","exc_notes":[],"syntax_error":null,"is_cause":false,"frames":[{"filename":"/home/airflow/.local/lib/python3.12/site-packages/airflow/models/dagbag.py","lineno":405,"name":"parse"},{"filename":"<frozen importlib._bootstrap_external>","lineno":999,"name":"exec_module"},{"filename":"<frozen importlib._bootstrap>","lineno":488,"name":"_call_with_frames_removed"},{"filename":"/opt/airflow/dags/sample_dag.py","lineno":34,"name":"<module>"}],"is_group":false,"exceptions":[]}]}
{"timestamp":"2026-04-02T16:39:58.789511Z","level":"warning","event":"The `airflow.operators.bash.BashOperator` attribute is deprecated. Please use `'airflow.providers.standard.operators.bash.BashOperator'`.","category":"DeprecatedImportWarning","filename":"/opt/airflow/dags/sample_dag.py","lineno":33,"logger":"py.warnings"}
{"timestamp":"2026-04-02T16:40:29.814893Z","level":"info","event":"Filling up the DagBag from /opt/airflow/dags/sample_dag.py","logger":"airflow.models.dagbag.BundleDagBag","filename":"dagbag.py","lineno":593}
{"timestamp":"2026-04-02T16:40:29.817052Z","level":"error","event":"Failed to import: /opt/airflow/dags/sample_dag.py","logger":"airflow.models.dagbag.BundleDagBag","filename":"dagbag.py","lineno":415,"error_detail":[{"exc_type":"ImportError","exc_value":"cannot import name 'days_ago' from 'airflow.utils.dates' (/home/airflow/.local/lib/python3.12/site-packages/airflow/utils/dates.py)","exc_notes":[],"syntax_error":null,"is_cause":false,"frames":[{"filename":"/home/airflow/.local/lib/python3.12/site-packages/airflow/models/dagbag.py","lineno":405,"name":"parse"},{"filename":"<frozen importlib._bootstrap_external>","lineno":999,"name":"exec_module"},{"filename":"<frozen importlib._bootstrap>","lineno":488,"name":"_call_with_frames_removed"},{"filename":"/opt/airflow/dags/sample_dag.py","lineno":34,"name":"<module>"}],"is_group":false,"exceptions":[]}]}
{"timestamp":"2026-04-02T16:40:29.818595Z","level":"warning","event":"The `airflow.operators.bash.BashOperator` attribute is deprecated. Please use `'airflow.providers.standard.operators.bash.BashOperator'`.","category":"DeprecatedImportWarning","filename":"/opt/airflow/dags/sample_dag.py","lineno":33,"logger":"py.warnings"}
{"timestamp":"2026-04-02T16:41:00.854017Z","level":"info","event":"Filling up the DagBag from /opt/airflow/dags/sample_dag.py","logger":"airflow.models.dagbag.BundleDagBag","filename":"dagbag.py","lineno":593}
{"timestamp":"2026-04-02T16:41:00.856065Z","level":"error","event":"Failed to import: /opt/airflow/dags/sample_dag.py","logger":"airflow.models.dagbag.BundleDagBag","filename":"dagbag.py","lineno":415,"error_detail":[{"exc_type":"ImportError","exc_value":"cannot import name 'days_ago' from 'airflow.utils.dates' (/home/airflow/.local/lib/python3.12/site-packages/airflow/utils/dates.py)","exc_notes":[],"syntax_error":null,"is_cause":false,"frames":[{"filename":"/home/airflow/.local/lib/python3.12/site-packages/airflow/models/dagbag.py","lineno":405,"name":"parse"},{"filename":"<frozen importlib._bootstrap_external>","lineno":999,"name":"exec_module"},{"filename":"<frozen importlib._bootstrap>","lineno":488,"name":"_call_with_frames_removed"},{"filename":"/opt/airflow/dags/sample_dag.py","lineno":34,"name":"<module>"}],"is_group":false,"exceptions":[]}]}
{"timestamp":"2026-04-02T16:41:00.857590Z","level":"warning","event":"The `airflow.operators.bash.BashOperator` attribute is deprecated. Please use `'airflow.providers.standard.operators.bash.BashOperator'`.","category":"DeprecatedImportWarning","filename":"/opt/airflow/dags/sample_dag.py","lineno":33,"logger":"py.warnings"}
{"timestamp":"2026-04-02T16:41:31.703790Z","level":"info","event":"Filling up the DagBag from /opt/airflow/dags/sample_dag.py","logger":"airflow.models.dagbag.BundleDagBag","filename":"dagbag.py","lineno":593}
{"timestamp":"2026-04-02T16:41:31.706758Z","level":"error","event":"Failed to import: /opt/airflow/dags/sample_dag.py","logger":"airflow.models.dagbag.BundleDagBag","filename":"dagbag.py","lineno":415,"error_detail":[{"exc_type":"ImportError","exc_value":"cannot import name 'days_ago' from 'airflow.utils.dates' (/home/airflow/.local/lib/python3.12/site-packages/airflow/utils/dates.py)","exc_notes":[],"syntax_error":null,"is_cause":false,"frames":[{"filename":"/home/airflow/.local/lib/python3.12/site-packages/airflow/models/dagbag.py","lineno":405,"name":"parse"},{"filename":"<frozen importlib._bootstrap_external>","lineno":999,"name":"exec_module"},{"filename":"<frozen importlib._bootstrap>","lineno":488,"name":"_call_with_frames_removed"},{"filename":"/opt/airflow/dags/sample_dag.py","lineno":34,"name":"<module>"}],"is_group":false,"exceptions":[]}]}
{"timestamp":"2026-04-02T16:41:31.708799Z","level":"warning","event":"The `airflow.operators.bash.BashOperator` attribute is deprecated. Please use `'airflow.providers.standard.operators.bash.BashOperator'`.","category":"DeprecatedImportWarning","filename":"/opt/airflow/dags/sample_dag.py","lineno":33,"logger":"py.warnings"}
{"timestamp":"2026-04-02T16:41:59.432136Z","level":"info","event":"Filling up the DagBag from /opt/airflow/dags/sample_dag.py","logger":"airflow.models.dagbag.BundleDagBag","filename":"dagbag.py","lineno":593}
{"timestamp":"2026-04-02T16:41:59.437342Z","level":"error","event":"Failed to import: /opt/airflow/dags/sample_dag.py","logger":"airflow.models.dagbag.BundleDagBag","filename":"dagbag.py","lineno":415,"error_detail":[{"exc_type":"TypeError","exc_value":"DAG.__init__() got an unexpected keyword argument 'schedule_interval'","exc_notes":[],"syntax_error":null,"is_cause":false,"frames":[{"filename":"/home/airflow/.local/lib/python3.12/site-packages/airflow/models/dagbag.py","lineno":405,"name":"parse"},{"filename":"<frozen importlib._bootstrap_external>","lineno":999,"name":"exec_module"},{"filename":"<frozen importlib._bootstrap>","lineno":488,"name":"_call_with_frames_removed"},{"filename":"/opt/airflow/dags/sample_dag.py","lineno":66,"name":"<module>"}],"is_group":false,"exceptions":[]}]}
{"timestamp":"2026-04-02T16:41:59.438167Z","level":"warning","event":"The `airflow.operators.bash.BashOperator` attribute is deprecated. Please use `'airflow.providers.standard.operators.bash.BashOperator'`.","category":"DeprecatedImportWarning","filename":"/opt/airflow/dags/sample_dag.py","lineno":33,"logger":"py.warnings"}
{"timestamp":"2026-04-02T16:42:30.382648Z","level":"info","event":"Filling up the DagBag from /opt/airflow/dags/sample_dag.py","logger":"airflow.models.dagbag.BundleDagBag","filename":"dagbag.py","lineno":593}
{"timestamp":"2026-04-02T16:42:30.386578Z","level":"error","event":"Failed to import: /opt/airflow/dags/sample_dag.py","logger":"airflow.models.dagbag.BundleDagBag","filename":"dagbag.py","lineno":415,"error_detail":[{"exc_type":"TypeError","exc_value":"DAG.__init__() got an unexpected keyword argument 'schedule_interval'","exc_notes":[],"syntax_error":null,"is_cause":false,"frames":[{"filename":"/home/airflow/.local/lib/python3.12/site-packages/airflow/models/dagbag.py","lineno":405,"name":"parse"},{"filename":"<frozen importlib._bootstrap_external>","lineno":999,"name":"exec_module"},{"filename":"<frozen importlib._bootstrap>","lineno":488,"name":"_call_with_frames_removed"},{"filename":"/opt/airflow/dags/sample_dag.py","lineno":66,"name":"<module>"}],"is_group":false,"exceptions":[]}]}
{"timestamp":"2026-04-02T16:42:30.387438Z","level":"warning","event":"The `airflow.operators.bash.BashOperator` attribute is deprecated. Please use `'airflow.providers.standard.operators.bash.BashOperator'`.","category":"DeprecatedImportWarning","filename":"/opt/airflow/dags/sample_dag.py","lineno":33,"logger":"py.warnings"}
{"timestamp":"2026-04-02T16:43:01.244554Z","level":"info","event":"Filling up the DagBag from /opt/airflow/dags/sample_dag.py","logger":"airflow.models.dagbag.BundleDagBag","filename":"dagbag.py","lineno":593}
{"timestamp":"2026-04-02T16:43:01.247342Z","level":"error","event":"Failed to import: /opt/airflow/dags/sample_dag.py","logger":"airflow.models.dagbag.BundleDagBag","filename":"dagbag.py","lineno":415,"error_detail":[{"exc_type":"TypeError","exc_value":"DAG.__init__() got an unexpected keyword argument 'schedule_interval'","exc_notes":[],"syntax_error":null,"is_cause":false,"frames":[{"filename":"/home/airflow/.local/lib/python3.12/site-packages/airflow/models/dagbag.py","lineno":405,"name":"parse"},{"filename":"<frozen importlib._bootstrap_external>","lineno":999,"name":"exec_module"},{"filename":"<frozen importlib._bootstrap>","lineno":488,"name":"_call_with_frames_removed"},{"filename":"/opt/airflow/dags/sample_dag.py","lineno":66,"name":"<module>"}],"is_group":false,"exceptions":[]}]}
{"timestamp":"2026-04-02T16:43:01.249022Z","level":"warning","event":"The `airflow.operators.bash.BashOperator` attribute is deprecated. Please use `'airflow.providers.standard.operators.bash.BashOperator'`.","category":"DeprecatedImportWarning","filename":"/opt/airflow/dags/sample_dag.py","lineno":33,"logger":"py.warnings"}
{"timestamp":"2026-04-02T16:43:26.090674Z","level":"info","event":"Filling up the DagBag from /opt/airflow/dags/sample_dag.py","logger":"airflow.models.dagbag.BundleDagBag","filename":"dagbag.py","lineno":593}
{"timestamp":"2026-04-02T16:43:26.095543Z","level":"error","event":"Failed to import: /opt/airflow/dags/sample_dag.py","logger":"airflow.models.dagbag.BundleDagBag","filename":"dagbag.py","lineno":415,"error_detail":[{"exc_type":"TypeError","exc_value":"DAG.__init__() got an unexpected keyword argument 'schedule_interval'","exc_notes":[],"syntax_error":null,"is_cause":false,"frames":[{"filename":"/home/airflow/.local/lib/python3.12/site-packages/airflow/models/dagbag.py","lineno":405,"name":"parse"},{"filename":"<frozen importlib._bootstrap_external>","lineno":999,"name":"exec_module"},{"filename":"<frozen importlib._bootstrap>","lineno":488,"name":"_call_with_frames_removed"},{"filename":"/opt/airflow/dags/sample_dag.py","lineno":66,"name":"<module>"}],"is_group":false,"exceptions":[]}]}
{"timestamp":"2026-04-02T16:43:26.096553Z","level":"warning","event":"The `airflow.operators.bash.BashOperator` attribute is deprecated. Please use `'airflow.providers.standard.operators.bash.BashOperator'`.","category":"DeprecatedImportWarning","filename":"/opt/airflow/dags/sample_dag.py","lineno":33,"logger":"py.warnings"}
{"timestamp":"2026-04-02T16:43:38.762931Z","level":"info","event":"Filling up the DagBag from /opt/airflow/dags/sample_dag.py","logger":"airflow.models.dagbag.BundleDagBag","filename":"dagbag.py","lineno":593}
{"timestamp":"2026-04-02T16:43:38.769154Z","level":"error","event":"Failed to import: /opt/airflow/dags/sample_dag.py","logger":"airflow.models.dagbag.BundleDagBag","filename":"dagbag.py","lineno":415,"error_detail":[{"exc_type":"AttributeError","exc_value":"'str' object has no attribute 'utcoffset'","exc_notes":[],"syntax_error":null,"is_cause":false,"frames":[{"filename":"/home/airflow/.local/lib/python3.12/site-packages/airflow/models/dagbag.py","lineno":405,"name":"parse"},{"filename":"<frozen importlib._bootstrap_external>","lineno":999,"name":"exec_module"},{"filename":"<frozen importlib._bootstrap>","lineno":488,"name":"_call_with_frames_removed"},{"filename":"/opt/airflow/dags/sample_dag.py","lineno":66,"name":"<module>"},{"filename":"<attrs generated methods airflow.sdk.definitions.dag.DAG>","lineno":93,"name":"__init__"},{"filename":"/home/airflow/.local/lib/python3.12/site-packages/airflow/sdk/definitions/dag.py","lineno":524,"name":"__attrs_post_init__"},{"filename":"/home/airflow/.local/lib/python3.12/site-packages/airflow/sdk/_shared/timezones/timezone.py","lineno":89,"name":"convert_to_utc"},{"filename":"/home/airflow/.local/lib/python3.12/site-packages/airflow/sdk/_shared/timezones/timezone.py","lineno":50,"name":"is_localized"}],"is_group":false,"exceptions":[]}]}
{"timestamp":"2026-04-02T16:43:38.770735Z","level":"warning","event":"The `airflow.operators.bash.BashOperator` attribute is deprecated. Please use `'airflow.providers.standard.operators.bash.BashOperator'`.","category":"DeprecatedImportWarning","filename":"/opt/airflow/dags/sample_dag.py","lineno":33,"logger":"py.warnings"}
{"timestamp":"2026-04-02T16:44:07.185748Z","level":"info","event":"Filling up the DagBag from /opt/airflow/dags/sample_dag.py","logger":"airflow.models.dagbag.BundleDagBag","filename":"dagbag.py","lineno":593}
{"timestamp":"2026-04-02T16:44:16.775307Z","level":"info","event":"Filling up the DagBag from /opt/airflow/dags/sample_dag.py","logger":"airflow.models.dagbag.BundleDagBag","filename":"dagbag.py","lineno":593}
{"timestamp":"2026-04-02T16:44:47.666318Z","level":"info","event":"Filling up the DagBag from /opt/airflow/dags/sample_dag.py","logger":"airflow.models.dagbag.BundleDagBag","filename":"dagbag.py","lineno":593}
{"timestamp":"2026-04-02T16:45:18.542738Z","level":"info","event":"Filling up the DagBag from /opt/airflow/dags/sample_dag.py","logger":"airflow.models.dagbag.BundleDagBag","filename":"dagbag.py","lineno":593}
{"timestamp":"2026-04-02T16:45:43.449877Z","level":"info","event":"Filling up the DagBag from /opt/airflow/dags/sample_dag.py","logger":"airflow.models.dagbag.BundleDagBag","filename":"dagbag.py","lineno":593}
{"timestamp":"2026-04-02T16:45:51.598091Z","level":"info","event":"Filling up the DagBag from /opt/airflow/dags/sample_dag.py","logger":"airflow.models.dagbag.BundleDagBag","filename":"dagbag.py","lineno":593}
{"timestamp":"2026-04-02T16:46:12.329470Z","level":"info","event":"Filling up the DagBag from /opt/airflow/dags/sample_dag.py","logger":"airflow.models.dagbag.BundleDagBag","filename":"dagbag.py","lineno":593}
{"timestamp":"2026-04-02T16:46:16.486012Z","level":"info","event":"Filling up the DagBag from /opt/airflow/dags/sample_dag.py","logger":"airflow.models.dagbag.BundleDagBag","filename":"dagbag.py","lineno":593}
{"timestamp":"2026-04-02T16:46:47.449520Z","level":"info","event":"Filling up the DagBag from /opt/airflow/dags/sample_dag.py","logger":"airflow.models.dagbag.BundleDagBag","filename":"dagbag.py","lineno":593}
{"timestamp":"2026-04-02T16:47:18.325382Z","level":"info","event":"Filling up the DagBag from /opt/airflow/dags/sample_dag.py","logger":"airflow.models.dagbag.BundleDagBag","filename":"dagbag.py","lineno":593}
{"timestamp":"2026-04-02T16:47:49.107797Z","level":"info","event":"Filling up the DagBag from /opt/airflow/dags/sample_dag.py","logger":"airflow.models.dagbag.BundleDagBag","filename":"dagbag.py","lineno":593}
{"timestamp":"2026-04-02T16:48:19.897970Z","level":"info","event":"Filling up the DagBag from /opt/airflow/dags/sample_dag.py","logger":"airflow.models.dagbag.BundleDagBag","filename":"dagbag.py","lineno":593}
{"timestamp":"2026-04-02T16:48:50.792600Z","level":"info","event":"Filling up the DagBag from /opt/airflow/dags/sample_dag.py","logger":"airflow.models.dagbag.BundleDagBag","filename":"dagbag.py","lineno":593}
{"timestamp":"2026-04-02T16:49:21.675469Z","level":"info","event":"Filling up the DagBag from /opt/airflow/dags/sample_dag.py","logger":"airflow.models.dagbag.BundleDagBag","filename":"dagbag.py","lineno":593}
{"timestamp":"2026-04-02T16:49:52.466814Z","level":"info","event":"Filling up the DagBag from /opt/airflow/dags/sample_dag.py","logger":"airflow.models.dagbag.BundleDagBag","filename":"dagbag.py","lineno":593}
{"timestamp":"2026-04-02T16:50:23.245895Z","level":"info","event":"Filling up the DagBag from /opt/airflow/dags/sample_dag.py","logger":"airflow.models.dagbag.BundleDagBag","filename":"dagbag.py","lineno":593}
{"timestamp":"2026-04-02T16:50:54.026376Z","level":"info","event":"Filling up the DagBag from /opt/airflow/dags/sample_dag.py","logger":"airflow.models.dagbag.BundleDagBag","filename":"dagbag.py","lineno":593}
{"timestamp":"2026-04-02T16:51:24.855881Z","level":"info","event":"Filling up the DagBag from /opt/airflow/dags/sample_dag.py","logger":"airflow.models.dagbag.BundleDagBag","filename":"dagbag.py","lineno":593}
{"timestamp":"2026-04-02T16:51:55.732736Z","level":"info","event":"Filling up the DagBag from /opt/airflow/dags/sample_dag.py","logger":"airflow.models.dagbag.BundleDagBag","filename":"dagbag.py","lineno":593}
{"timestamp":"2026-04-02T16:52:26.574192Z","level":"info","event":"Filling up the DagBag from /opt/airflow/dags/sample_dag.py","logger":"airflow.models.dagbag.BundleDagBag","filename":"dagbag.py","lineno":593}
{"timestamp":"2026-04-02T16:52:57.422920Z","level":"info","event":"Filling up the DagBag from /opt/airflow/dags/sample_dag.py","logger":"airflow.models.dagbag.BundleDagBag","filename":"dagbag.py","lineno":593}
{"timestamp":"2026-04-02T16:53:28.227774Z","level":"info","event":"Filling up the DagBag from /opt/airflow/dags/sample_dag.py","logger":"airflow.models.dagbag.BundleDagBag","filename":"dagbag.py","lineno":593}
{"timestamp":"2026-04-02T16:53:39.429359Z","level":"info","event":"Filling up the DagBag from /opt/airflow/dags/sample_dag.py","logger":"airflow.models.dagbag.BundleDagBag","filename":"dagbag.py","lineno":593}
{"timestamp":"2026-04-02T16:53:46.550687Z","level":"info","event":"Filling up the DagBag from /opt/airflow/dags/sample_dag.py","logger":"airflow.models.dagbag.BundleDagBag","filename":"dagbag.py","lineno":593}
{"timestamp":"2026-04-02T16:53:50.629571Z","level":"info","event":"Filling up the DagBag from /opt/airflow/dags/sample_dag.py","logger":"airflow.models.dagbag.BundleDagBag","filename":"dagbag.py","lineno":593}
{"timestamp":"2026-04-02T16:54:21.511456Z","level":"info","event":"Filling up the DagBag from /opt/airflow/dags/sample_dag.py","logger":"airflow.models.dagbag.BundleDagBag","filename":"dagbag.py","lineno":593}
{"timestamp":"2026-04-02T16:54:52.429441Z","level":"info","event":"Filling up the DagBag from /opt/airflow/dags/sample_dag.py","logger":"airflow.models.dagbag.BundleDagBag","filename":"dagbag.py","lineno":593}
{"timestamp":"2026-04-02T16:55:23.352713Z","level":"info","event":"Filling up the DagBag from /opt/airflow/dags/sample_dag.py","logger":"airflow.models.dagbag.BundleDagBag","filename":"dagbag.py","lineno":593}
{"timestamp":"2026-04-02T16:55:54.145738Z","level":"info","event":"Filling up the DagBag from /opt/airflow/dags/sample_dag.py","logger":"airflow.models.dagbag.BundleDagBag","filename":"dagbag.py","lineno":593}
{"timestamp":"2026-04-02T16:56:24.981769Z","level":"info","event":"Filling up the DagBag from /opt/airflow/dags/sample_dag.py","logger":"airflow.models.dagbag.BundleDagBag","filename":"dagbag.py","lineno":593}
{"timestamp":"2026-04-02T16:56:55.930209Z","level":"info","event":"Filling up the DagBag from /opt/airflow/dags/sample_dag.py","logger":"airflow.models.dagbag.BundleDagBag","filename":"dagbag.py","lineno":593}
{"timestamp":"2026-04-02T16:57:26.754721Z","level":"info","event":"Filling up the DagBag from /opt/airflow/dags/sample_dag.py","logger":"airflow.models.dagbag.BundleDagBag","filename":"dagbag.py","lineno":593}
{"timestamp":"2026-04-02T16:57:57.545738Z","level":"info","event":"Filling up the DagBag from /opt/airflow/dags/sample_dag.py","logger":"airflow.models.dagbag.BundleDagBag","filename":"dagbag.py","lineno":593}
{"timestamp":"2026-04-02T16:58:27.591233Z","level":"info","event":"Filling up the DagBag from /opt/airflow/dags/sample_dag.py","logger":"airflow.models.dagbag.BundleDagBag","filename":"dagbag.py","lineno":593}
{"timestamp":"2026-04-02T16:58:57.715215Z","level":"info","event":"Filling up the DagBag from /opt/airflow/dags/sample_dag.py","logger":"airflow.models.dagbag.BundleDagBag","filename":"dagbag.py","lineno":593}
{"timestamp":"2026-04-02T16:59:27.789601Z","level":"info","event":"Filling up the DagBag from /opt/airflow/dags/sample_dag.py","logger":"airflow.models.dagbag.BundleDagBag","filename":"dagbag.py","lineno":593}
{"timestamp":"2026-04-02T16:59:58.735881Z","level":"info","event":"Filling up the DagBag from /opt/airflow/dags/sample_dag.py","logger":"airflow.models.dagbag.BundleDagBag","filename":"dagbag.py","lineno":593}
{"timestamp":"2026-04-02T17:00:29.670203Z","level":"info","event":"Filling up the DagBag from /opt/airflow/dags/sample_dag.py","logger":"airflow.models.dagbag.BundleDagBag","filename":"dagbag.py","lineno":593}
{"timestamp":"2026-04-02T17:01:00.647653Z","level":"info","event":"Filling up the DagBag from /opt/airflow/dags/sample_dag.py","logger":"airflow.models.dagbag.BundleDagBag","filename":"dagbag.py","lineno":593}
{"timestamp":"2026-04-02T17:47:37.777333Z","level":"info","event":"Filling up the DagBag from /opt/airflow/dags/sample_dag.py","logger":"airflow.models.dagbag.BundleDagBag","filename":"dagbag.py","lineno":593}
{"timestamp":"2026-04-02T17:48:08.485505Z","level":"info","event":"Filling up the DagBag from /opt/airflow/dags/sample_dag.py","logger":"airflow.models.dagbag.BundleDagBag","filename":"dagbag.py","lineno":593}
{"timestamp":"2026-04-02T17:48:38.564913Z","level":"info","event":"Filling up the DagBag from /opt/airflow/dags/sample_dag.py","logger":"airflow.models.dagbag.BundleDagBag","filename":"dagbag.py","lineno":593}
{"timestamp":"2026-04-02T17:49:09.548611Z","level":"info","event":"Filling up the DagBag from /opt/airflow/dags/sample_dag.py","logger":"airflow.models.dagbag.BundleDagBag","filename":"dagbag.py","lineno":593}
{"timestamp":"2026-04-02T17:49:40.580004Z","level":"info","event":"Filling up the DagBag from /opt/airflow/dags/sample_dag.py","logger":"airflow.models.dagbag.BundleDagBag","filename":"dagbag.py","lineno":593}
{"timestamp":"2026-04-02T17:50:11.524850Z","level":"info","event":"Filling up the DagBag from /opt/airflow/dags/sample_dag.py","logger":"airflow.models.dagbag.BundleDagBag","filename":"dagbag.py","lineno":593}
{"timestamp":"2026-04-02T17:50:42.452359Z","level":"info","event":"Filling up the DagBag from /opt/airflow/dags/sample_dag.py","logger":"airflow.models.dagbag.BundleDagBag","filename":"dagbag.py","lineno":593}
{"timestamp":"2026-04-02T17:51:13.313884Z","level":"info","event":"Filling up the DagBag from /opt/airflow/dags/sample_dag.py","logger":"airflow.models.dagbag.BundleDagBag","filename":"dagbag.py","lineno":593}
{"timestamp":"2026-04-02T17:51:44.308925Z","level":"info","event":"Filling up the DagBag from /opt/airflow/dags/sample_dag.py","logger":"airflow.models.dagbag.BundleDagBag","filename":"dagbag.py","lineno":593}
{"timestamp":"2026-04-02T17:52:15.305575Z","level":"info","event":"Filling up the DagBag from /opt/airflow/dags/sample_dag.py","logger":"airflow.models.dagbag.BundleDagBag","filename":"dagbag.py","lineno":593}
{"timestamp":"2026-04-02T17:52:46.252735Z","level":"info","event":"Filling up the DagBag from /opt/airflow/dags/sample_dag.py","logger":"airflow.models.dagbag.BundleDagBag","filename":"dagbag.py","lineno":593}
{"timestamp":"2026-04-02T17:53:17.227731Z","level":"info","event":"Filling up the DagBag from /opt/airflow/dags/sample_dag.py","logger":"airflow.models.dagbag.BundleDagBag","filename":"dagbag.py","lineno":593}
{"timestamp":"2026-04-02T17:53:47.354033Z","level":"info","event":"Filling up the DagBag from /opt/airflow/dags/sample_dag.py","logger":"airflow.models.dagbag.BundleDagBag","filename":"dagbag.py","lineno":593}
{"timestamp":"2026-04-02T17:54:17.419049Z","level":"info","event":"Filling up the DagBag from /opt/airflow/dags/sample_dag.py","logger":"airflow.models.dagbag.BundleDagBag","filename":"dagbag.py","lineno":593}
{"timestamp":"2026-04-02T17:54:47.934429Z","level":"info","event":"Filling up the DagBag from /opt/airflow/dags/sample_dag.py","logger":"airflow.models.dagbag.BundleDagBag","filename":"dagbag.py","lineno":593}
{"timestamp":"2026-04-02T17:55:18.029505Z","level":"info","event":"Filling up the DagBag from /opt/airflow/dags/sample_dag.py","logger":"airflow.models.dagbag.BundleDagBag","filename":"dagbag.py","lineno":593}
{"timestamp":"2026-04-02T17:55:48.093717Z","level":"info","event":"Filling up the DagBag from /opt/airflow/dags/sample_dag.py","logger":"airflow.models.dagbag.BundleDagBag","filename":"dagbag.py","lineno":593}
{"timestamp":"2026-04-02T17:56:18.224616Z","level":"info","event":"Filling up the DagBag from /opt/airflow/dags/sample_dag.py","logger":"airflow.models.dagbag.BundleDagBag","filename":"dagbag.py","lineno":593}
{"timestamp":"2026-04-02T17:56:48.359911Z","level":"info","event":"Filling up the DagBag from /opt/airflow/dags/sample_dag.py","logger":"airflow.models.dagbag.BundleDagBag","filename":"dagbag.py","lineno":593}
{"timestamp":"2026-04-02T17:57:18.462729Z","level":"info","event":"Filling up the DagBag from /opt/airflow/dags/sample_dag.py","logger":"airflow.models.dagbag.BundleDagBag","filename":"dagbag.py","lineno":593}
{"timestamp":"2026-04-02T17:57:48.545997Z","level":"info","event":"Filling up the DagBag from /opt/airflow/dags/sample_dag.py","logger":"airflow.models.dagbag.BundleDagBag","filename":"dagbag.py","lineno":593}
{"timestamp":"2026-04-02T17:58:18.653033Z","level":"info","event":"Filling up the DagBag from /opt/airflow/dags/sample_dag.py","logger":"airflow.models.dagbag.BundleDagBag","filename":"dagbag.py","lineno":593}
{"timestamp":"2026-04-02T17:58:48.730410Z","level":"info","event":"Filling up the DagBag from /opt/airflow/dags/sample_dag.py","logger":"airflow.models.dagbag.BundleDagBag","filename":"dagbag.py","lineno":593}
{"timestamp":"2026-04-02T17:59:18.831413Z","level":"info","event":"Filling up the DagBag from /opt/airflow/dags/sample_dag.py","logger":"airflow.models.dagbag.BundleDagBag","filename":"dagbag.py","lineno":593}
{"timestamp":"2026-04-02T17:59:49.875155Z","level":"info","event":"Filling up the DagBag from /opt/airflow/dags/sample_dag.py","logger":"airflow.models.dagbag.BundleDagBag","filename":"dagbag.py","lineno":593}
{"timestamp":"2026-04-02T18:00:20.895105Z","level":"info","event":"Filling up the DagBag from /opt/airflow/dags/sample_dag.py","logger":"airflow.models.dagbag.BundleDagBag","filename":"dagbag.py","lineno":593}
{"timestamp":"2026-04-02T18:00:51.754575Z","level":"info","event":"Filling up the DagBag from /opt/airflow/dags/sample_dag.py","logger":"airflow.models.dagbag.BundleDagBag","filename":"dagbag.py","lineno":593}
{"timestamp":"2026-04-02T18:01:21.857539Z","level":"info","event":"Filling up the DagBag from /opt/airflow/dags/sample_dag.py","logger":"airflow.models.dagbag.BundleDagBag","filename":"dagbag.py","lineno":593}
{"timestamp":"2026-04-02T18:01:51.981803Z","level":"info","event":"Filling up the DagBag from /opt/airflow/dags/sample_dag.py","logger":"airflow.models.dagbag.BundleDagBag","filename":"dagbag.py","lineno":593}
{"timestamp":"2026-04-02T18:02:22.061951Z","level":"info","event":"Filling up the DagBag from /opt/airflow/dags/sample_dag.py","logger":"airflow.models.dagbag.BundleDagBag","filename":"dagbag.py","lineno":593}
