{"timestamp":"2026-04-02T20:16:06.195939Z","level":"info","event":"Stats instance was created in PID 7 but accessed in PID 1665. Re-initializing.","logger":"airflow.stats","filename":"stats.py","lineno":57}
{"timestamp":"2026-04-02T20:16:06.209326Z","level":"info","event":"DAG bundles loaded: dags-folder","logger":"airflow.dag_processing.bundles.manager.DagBundlesManager","filename":"manager.py","lineno":179}
{"timestamp":"2026-04-02T20:16:06.209890Z","level":"info","event":"Filling up the DagBag from /opt/airflow/dags/product_reporting.py","logger":"airflow.models.dagbag.BundleDagBag","filename":"dagbag.py","lineno":593}
{"timestamp":"2026-04-02T20:16:06.212280Z","level":"info","event":"::group::Cosmos DAG parsing logs","logger":"cosmos.converter","filename":"converter.py","lineno":274}
{"timestamp":"2026-04-02T20:16:06.212771Z","level":"info","event":"Trying to parse the dbt project using dbt ls cache cosmos_cache__basic_cosmos_dag...","logger":"cosmos.dbt.graph","filename":"graph.py","lineno":689}
{"timestamp":"2026-04-02T20:16:06.226124Z","level":"info","event":"Cosmos performance: time to calculate cache identifier cosmos_cache__basic_cosmos_dag for current version: 0.006169000000227243","logger":"cosmos.cache","filename":"cache.py","lineno":345}
{"timestamp":"2026-04-02T20:16:06.226210Z","level":"info","event":"Cosmos performance [39c1bccfc631|1665]: The cache size for cosmos_cache__basic_cosmos_dag is 21741","logger":"cosmos.dbt.graph","filename":"graph.py","lineno":706}
{"timestamp":"2026-04-02T20:16:06.226613Z","level":"info","event":"Cosmos performance: Cache hit for cosmos_cache__basic_cosmos_dag - d98397bc68fa791628916bda9a565a1d,d41d8cd98f00b204e9800998ecf8427e","logger":"cosmos.dbt.graph","filename":"graph.py","lineno":714}
{"timestamp":"2026-04-02T20:16:06.226947Z","level":"info","event":"Total nodes: 28","logger":"cosmos.dbt.graph","filename":"graph.py","lineno":619}
{"timestamp":"2026-04-02T20:16:06.226985Z","level":"info","event":"Total filtered nodes: 28","logger":"cosmos.dbt.graph","filename":"graph.py","lineno":620}
{"timestamp":"2026-04-02T20:16:06.232504Z","level":"info","event":"Cosmos performance (basic_cosmos_dag) -  [39c1bccfc631|1665]: It took 0.0198s to parse the dbt project for DAG using LoadMode.DBT_LS_CACHE","logger":"cosmos.converter","filename":"converter.py","lineno":321}
{"timestamp":"2026-04-02T20:16:06.238109Z","level":"info","event":"Cosmos performance (basic_cosmos_dag) - [39c1bccfc631|1665]: It took 0.00562s to build the Airflow DAG.","logger":"cosmos.converter","filename":"converter.py","lineno":367}
{"timestamp":"2026-04-02T20:16:06.238167Z","level":"info","event":"::endgroup::Cosmos DAG parsing logs","logger":"cosmos.converter","filename":"converter.py","lineno":370}
{"timestamp":"2026-04-02T20:16:06.689355Z","level":"info","event":"dbtRunner is available. Using dbtRunner for invoking dbt.","logger":"cosmos.operators.local","filename":"local.py","lineno":262}
{"timestamp":"2026-04-02T20:16:06.689759Z","level":"info","event":"Cloning project to writable temp directory /tmp/tmpmezl5mo4 from /opt/airflow/dags/include/jaffle_shop","logger":"cosmos.operators.local","filename":"local.py","lineno":494}
{"timestamp":"2026-04-02T20:16:06.692127Z","level":"info","event":"Partial parse is enabled and the latest partial parse file is /tmp/cosmos/basic_cosmos_dag/target/partial_parse.msgpack","logger":"cosmos.operators.local","filename":"local.py","lineno":514}
{"timestamp":"2026-04-02T20:16:06.696022Z","level":"info","event":"Profile caching is enable.","logger":"cosmos.config","filename":"config.py","lineno":384}
{"timestamp":"2026-04-02T20:16:06.702729Z","level":"info","event":"Profile found in cache using profile: /tmp/cosmos/profile/ff9ee88690030f97e4d80e74a591a9f71c64d9142b7e48e1a3bcfebe23a7f63d/profiles.yml.","logger":"cosmos.config","filename":"config.py","lineno":364}
{"timestamp":"2026-04-02T20:16:06.703195Z","level":"info","event":"Trying to run dbtRunner with:\n ['deps', '--project-dir', '/tmp/tmpmezl5mo4', '--profiles-dir', '/tmp/cosmos/profile/ff9ee88690030f97e4d80e74a591a9f71c64d9142b7e48e1a3bcfebe23a7f63d', '--profile', 'jaffle_shop', '--target', 'dev', '--no-static-parser']\n in /tmp/tmpmezl5mo4","logger":"cosmos.dbt.runner","filename":"runner.py","lineno":98}
{"timestamp":"2026-04-02T20:16:06.731106Z","level":"info","event":"\u001b[0m20:16:06  Running with dbt=1.11.7","logger":"task.stdout"}
{"timestamp":"2026-04-02T20:16:06.732630Z","level":"info","event":"\u001b[0m20:16:06  [\u001b[33mWARNING\u001b[0m][MissingPlusPrefixDeprecation]: Deprecated functionality","logger":"task.stdout"}
{"timestamp":"2026-04-02T20:16:06.732701Z","level":"info","event":"Missing '+' prefix on `materialized` found at `jaffle_shop.staging.materialized`","logger":"task.stdout"}
{"timestamp":"2026-04-02T20:16:06.732769Z","level":"info","event":"in file `/tmp/tmpmezl5mo4/dbt_project.yml`. Hierarchical config values without a","logger":"task.stdout"}
{"timestamp":"2026-04-02T20:16:06.732828Z","level":"info","event":"'+' prefix are deprecated in dbt_project.yml.","logger":"task.stdout"}
{"timestamp":"2026-04-02T20:16:06.893074Z","level":"info","event":"\u001b[0m20:16:06  Updating lock file in file path: /tmp/tmpmezl5mo4/package-lock.yml","logger":"task.stdout"}
{"timestamp":"2026-04-02T20:16:06.895762Z","level":"info","event":"\u001b[0m20:16:06  Installing dbt-labs/dbt_utils","logger":"task.stdout"}
{"timestamp":"2026-04-02T20:16:07.224502Z","level":"info","event":"\u001b[0m20:16:07  Installed from version 1.1.1","logger":"task.stdout"}
{"timestamp":"2026-04-02T20:16:07.224801Z","level":"info","event":"\u001b[0m20:16:07  Updated version available: 1.3.3","logger":"task.stdout"}
{"timestamp":"2026-04-02T20:16:07.225374Z","level":"info","event":"\u001b[0m20:16:07","logger":"task.stdout"}
{"timestamp":"2026-04-02T20:16:07.225585Z","level":"info","event":"\u001b[0m20:16:07  Updates available for packages: ['dbt-labs/dbt_utils']","logger":"task.stdout"}
{"timestamp":"2026-04-02T20:16:07.225678Z","level":"info","event":"Update your versions in packages.yml, then run dbt deps","logger":"task.stdout"}
{"timestamp":"2026-04-02T20:16:07.226118Z","level":"info","event":"\u001b[0m20:16:07  [\u001b[33mWARNING\u001b[0m][DeprecationsSummary]: Deprecated functionality","logger":"task.stdout"}
{"timestamp":"2026-04-02T20:16:07.226231Z","level":"info","event":"Summary of encountered deprecations:","logger":"task.stdout"}
{"timestamp":"2026-04-02T20:16:07.226312Z","level":"info","event":"- MissingPlusPrefixDeprecation: 2 occurrences","logger":"task.stdout"}
{"timestamp":"2026-04-02T20:16:07.226392Z","level":"info","event":"To see all deprecation instances instead of just the first occurrence of each,","logger":"task.stdout"}
{"timestamp":"2026-04-02T20:16:07.226473Z","level":"info","event":"run command again with the `--show-all-deprecations` flag. You may also need to","logger":"task.stdout"}
{"timestamp":"2026-04-02T20:16:07.226551Z","level":"info","event":"run with `--no-partial-parse` as some deprecations are only encountered during","logger":"task.stdout"}
{"timestamp":"2026-04-02T20:16:07.226630Z","level":"info","event":"parsing.","logger":"task.stdout"}
{"timestamp":"2026-04-02T20:16:07.853789Z","level":"info","event":"Trying to run dbtRunner with:\n ['seed', '--select', 'fqn:jaffle_shop.raw_payments', '--full-refresh', '--project-dir', '/tmp/tmpmezl5mo4', '--profiles-dir', '/tmp/cosmos/profile/ff9ee88690030f97e4d80e74a591a9f71c64d9142b7e48e1a3bcfebe23a7f63d', '--profile', 'jaffle_shop', '--target', 'dev', '--no-static-parser']\n in /tmp/tmpmezl5mo4","logger":"cosmos.dbt.runner","filename":"runner.py","lineno":98}
{"timestamp":"2026-04-02T20:16:07.857196Z","level":"info","event":"\u001b[0m20:16:07  Running with dbt=1.11.7","logger":"task.stdout"}
{"timestamp":"2026-04-02T20:16:07.924998Z","level":"info","event":"\u001b[0m20:16:07  Registered adapter: postgres=1.10.0","logger":"task.stdout"}
{"timestamp":"2026-04-02T20:16:08.262622Z","level":"info","event":"\u001b[0m20:16:08  Found 5 models, 3 seeds, 20 data tests, 580 macros","logger":"task.stdout"}
{"timestamp":"2026-04-02T20:16:08.263853Z","level":"info","event":"\u001b[0m20:16:08","logger":"task.stdout"}
{"timestamp":"2026-04-02T20:16:08.263990Z","level":"info","event":"\u001b[0m20:16:08  Concurrency: 1 threads (target='dev')","logger":"task.stdout"}
{"timestamp":"2026-04-02T20:16:08.264146Z","level":"info","event":"\u001b[0m20:16:08","logger":"task.stdout"}
{"timestamp":"2026-04-02T20:16:08.312202Z","level":"info","event":"\u001b[0m20:16:08  1 of 1 START seed file public.raw_payments ..................................... [RUN]","logger":"task.stdout"}
{"timestamp":"2026-04-02T20:16:08.371284Z","level":"info","event":"\u001b[0m20:16:08  1 of 1 OK loaded seed file public.raw_payments ................................. [\u001b[32mCREATE 113\u001b[0m in 0.06s]","logger":"task.stdout"}
{"timestamp":"2026-04-02T20:16:08.378183Z","level":"info","event":"\u001b[0m20:16:08","logger":"task.stdout"}
{"timestamp":"2026-04-02T20:16:08.378322Z","level":"info","event":"\u001b[0m20:16:08  Finished running 1 seed in 0 hours 0 minutes and 0.11 seconds (0.11s).","logger":"task.stdout"}
{"timestamp":"2026-04-02T20:16:08.394819Z","level":"info","event":"\u001b[0m20:16:08","logger":"task.stdout"}
{"timestamp":"2026-04-02T20:16:08.394967Z","level":"info","event":"\u001b[0m20:16:08  \u001b[32mCompleted successfully\u001b[0m","logger":"task.stdout"}
{"timestamp":"2026-04-02T20:16:08.395116Z","level":"info","event":"\u001b[0m20:16:08","logger":"task.stdout"}
{"timestamp":"2026-04-02T20:16:08.395298Z","level":"info","event":"\u001b[0m20:16:08  Done. PASS=1 WARN=0 ERROR=0 SKIP=0 NO-OP=0 TOTAL=1","logger":"task.stdout"}
{"timestamp":"2026-04-02T20:16:08.395612Z","level":"info","event":"\u001b[0m20:16:08  [\u001b[33mWARNING\u001b[0m][DeprecationsSummary]: Deprecated functionality","logger":"task.stdout"}
{"timestamp":"2026-04-02T20:16:08.395671Z","level":"info","event":"Summary of encountered deprecations:","logger":"task.stdout"}
{"timestamp":"2026-04-02T20:16:08.395766Z","level":"info","event":"- MissingPlusPrefixDeprecation: 2 occurrences","logger":"task.stdout"}
{"timestamp":"2026-04-02T20:16:08.395868Z","level":"info","event":"To see all deprecation instances instead of just the first occurrence of each,","logger":"task.stdout"}
{"timestamp":"2026-04-02T20:16:08.395915Z","level":"info","event":"run command again with the `--show-all-deprecations` flag. You may also need to","logger":"task.stdout"}
{"timestamp":"2026-04-02T20:16:08.395947Z","level":"info","event":"run with `--no-partial-parse` as some deprecations are only encountered during","logger":"task.stdout"}
{"timestamp":"2026-04-02T20:16:08.395983Z","level":"info","event":"parsing.","logger":"task.stdout"}
{"timestamp":"2026-04-02T20:16:09.001864Z","level":"info","event":"Inlets: []","logger":"cosmos.operators.local","filename":"local.py","lineno":571}
{"timestamp":"2026-04-02T20:16:09.001955Z","level":"info","event":"Outlets: []","logger":"cosmos.operators.local","filename":"local.py","lineno":572}
{"timestamp":"2026-04-02T20:16:09.002024Z","level":"info","event":"Assigning outlets with DatasetAlias in Airflow 3","logger":"cosmos.operators.local","filename":"local.py","lineno":839}
