{"timestamp":"2026-04-02T20:15:13.401281Z","level":"info","event":"Stats instance was created in PID 7 but accessed in PID 1350. Re-initializing.","logger":"airflow.stats","filename":"stats.py","lineno":57}
{"timestamp":"2026-04-02T20:15:13.414243Z","level":"info","event":"DAG bundles loaded: dags-folder","logger":"airflow.dag_processing.bundles.manager.DagBundlesManager","filename":"manager.py","lineno":179}
{"timestamp":"2026-04-02T20:15:13.414505Z","level":"info","event":"Filling up the DagBag from /opt/airflow/dags/product_reporting.py","logger":"airflow.models.dagbag.BundleDagBag","filename":"dagbag.py","lineno":593}
{"timestamp":"2026-04-02T20:15:13.416979Z","level":"info","event":"::group::Cosmos DAG parsing logs","logger":"cosmos.converter","filename":"converter.py","lineno":274}
{"timestamp":"2026-04-02T20:15:13.417339Z","level":"info","event":"Trying to parse the dbt project using dbt ls cache cosmos_cache__basic_cosmos_dag...","logger":"cosmos.dbt.graph","filename":"graph.py","lineno":689}
{"timestamp":"2026-04-02T20:15:13.429719Z","level":"info","event":"Cosmos performance: time to calculate cache identifier cosmos_cache__basic_cosmos_dag for current version: 0.005774124998424668","logger":"cosmos.cache","filename":"cache.py","lineno":345}
{"timestamp":"2026-04-02T20:15:13.429816Z","level":"info","event":"Cosmos performance [39c1bccfc631|1350]: The cache size for cosmos_cache__basic_cosmos_dag is 21741","logger":"cosmos.dbt.graph","filename":"graph.py","lineno":706}
{"timestamp":"2026-04-02T20:15:13.430142Z","level":"info","event":"Cosmos performance: Cache hit for cosmos_cache__basic_cosmos_dag - d98397bc68fa791628916bda9a565a1d,d41d8cd98f00b204e9800998ecf8427e","logger":"cosmos.dbt.graph","filename":"graph.py","lineno":714}
{"timestamp":"2026-04-02T20:15:13.430555Z","level":"info","event":"Total nodes: 28","logger":"cosmos.dbt.graph","filename":"graph.py","lineno":619}
{"timestamp":"2026-04-02T20:15:13.430593Z","level":"info","event":"Total filtered nodes: 28","logger":"cosmos.dbt.graph","filename":"graph.py","lineno":620}
{"timestamp":"2026-04-02T20:15:13.436390Z","level":"info","event":"Cosmos performance (basic_cosmos_dag) -  [39c1bccfc631|1350]: It took 0.0191s to parse the dbt project for DAG using LoadMode.DBT_LS_CACHE","logger":"cosmos.converter","filename":"converter.py","lineno":321}
{"timestamp":"2026-04-02T20:15:13.442800Z","level":"info","event":"Cosmos performance (basic_cosmos_dag) - [39c1bccfc631|1350]: It took 0.00643s to build the Airflow DAG.","logger":"cosmos.converter","filename":"converter.py","lineno":367}
{"timestamp":"2026-04-02T20:15:13.442861Z","level":"info","event":"::endgroup::Cosmos DAG parsing logs","logger":"cosmos.converter","filename":"converter.py","lineno":370}
{"timestamp":"2026-04-02T20:15:13.888193Z","level":"info","event":"dbtRunner is available. Using dbtRunner for invoking dbt.","logger":"cosmos.operators.local","filename":"local.py","lineno":262}
{"timestamp":"2026-04-02T20:15:13.888529Z","level":"info","event":"Cloning project to writable temp directory /tmp/tmpq3vwjzv8 from /opt/airflow/dags/include/jaffle_shop","logger":"cosmos.operators.local","filename":"local.py","lineno":494}
{"timestamp":"2026-04-02T20:15:13.890906Z","level":"info","event":"Partial parse is enabled and the latest partial parse file is /tmp/cosmos/basic_cosmos_dag/target/partial_parse.msgpack","logger":"cosmos.operators.local","filename":"local.py","lineno":514}
{"timestamp":"2026-04-02T20:15:13.895539Z","level":"info","event":"Profile caching is enable.","logger":"cosmos.config","filename":"config.py","lineno":384}
{"timestamp":"2026-04-02T20:15:13.901421Z","level":"info","event":"Profile found in cache using profile: /tmp/cosmos/profile/ff9ee88690030f97e4d80e74a591a9f71c64d9142b7e48e1a3bcfebe23a7f63d/profiles.yml.","logger":"cosmos.config","filename":"config.py","lineno":364}
{"timestamp":"2026-04-02T20:15:13.901939Z","level":"info","event":"Trying to run dbtRunner with:\n ['deps', '--project-dir', '/tmp/tmpq3vwjzv8', '--profiles-dir', '/tmp/cosmos/profile/ff9ee88690030f97e4d80e74a591a9f71c64d9142b7e48e1a3bcfebe23a7f63d', '--profile', 'jaffle_shop', '--target', 'dev', '--no-static-parser']\n in /tmp/tmpq3vwjzv8","logger":"cosmos.dbt.runner","filename":"runner.py","lineno":98}
{"timestamp":"2026-04-02T20:15:13.929012Z","level":"info","event":"\u001b[0m20:15:13  Running with dbt=1.11.7","logger":"task.stdout"}
{"timestamp":"2026-04-02T20:15:13.930636Z","level":"info","event":"\u001b[0m20:15:13  [\u001b[33mWARNING\u001b[0m][MissingPlusPrefixDeprecation]: Deprecated functionality","logger":"task.stdout"}
{"timestamp":"2026-04-02T20:15:13.930725Z","level":"info","event":"Missing '+' prefix on `materialized` found at `jaffle_shop.staging.materialized`","logger":"task.stdout"}
{"timestamp":"2026-04-02T20:15:13.930795Z","level":"info","event":"in file `/tmp/tmpq3vwjzv8/dbt_project.yml`. Hierarchical config values without a","logger":"task.stdout"}
{"timestamp":"2026-04-02T20:15:13.930862Z","level":"info","event":"'+' prefix are deprecated in dbt_project.yml.","logger":"task.stdout"}
{"timestamp":"2026-04-02T20:15:14.095423Z","level":"info","event":"\u001b[0m20:15:14  Updating lock file in file path: /tmp/tmpq3vwjzv8/package-lock.yml","logger":"task.stdout"}
{"timestamp":"2026-04-02T20:15:14.099142Z","level":"info","event":"\u001b[0m20:15:14  Installing dbt-labs/dbt_utils","logger":"task.stdout"}
{"timestamp":"2026-04-02T20:15:14.455934Z","level":"info","event":"\u001b[0m20:15:14  Installed from version 1.1.1","logger":"task.stdout"}
{"timestamp":"2026-04-02T20:15:14.456144Z","level":"info","event":"\u001b[0m20:15:14  Updated version available: 1.3.3","logger":"task.stdout"}
{"timestamp":"2026-04-02T20:15:14.456622Z","level":"info","event":"\u001b[0m20:15:14","logger":"task.stdout"}
{"timestamp":"2026-04-02T20:15:14.456816Z","level":"info","event":"\u001b[0m20:15:14  Updates available for packages: ['dbt-labs/dbt_utils']","logger":"task.stdout"}
{"timestamp":"2026-04-02T20:15:14.456953Z","level":"info","event":"Update your versions in packages.yml, then run dbt deps","logger":"task.stdout"}
{"timestamp":"2026-04-02T20:15:14.457274Z","level":"info","event":"\u001b[0m20:15:14  [\u001b[33mWARNING\u001b[0m][DeprecationsSummary]: Deprecated functionality","logger":"task.stdout"}
{"timestamp":"2026-04-02T20:15:14.457469Z","level":"info","event":"Summary of encountered deprecations:","logger":"task.stdout"}
{"timestamp":"2026-04-02T20:15:14.457559Z","level":"info","event":"- MissingPlusPrefixDeprecation: 2 occurrences","logger":"task.stdout"}
{"timestamp":"2026-04-02T20:15:14.457628Z","level":"info","event":"To see all deprecation instances instead of just the first occurrence of each,","logger":"task.stdout"}
{"timestamp":"2026-04-02T20:15:14.457692Z","level":"info","event":"run command again with the `--show-all-deprecations` flag. You may also need to","logger":"task.stdout"}
{"timestamp":"2026-04-02T20:15:14.457765Z","level":"info","event":"run with `--no-partial-parse` as some deprecations are only encountered during","logger":"task.stdout"}
{"timestamp":"2026-04-02T20:15:14.457836Z","level":"info","event":"parsing.","logger":"task.stdout"}
{"timestamp":"2026-04-02T20:15:15.067880Z","level":"info","event":"Trying to run dbtRunner with:\n ['seed', '--select', 'fqn:jaffle_shop.raw_orders', '--full-refresh', '--project-dir', '/tmp/tmpq3vwjzv8', '--profiles-dir', '/tmp/cosmos/profile/ff9ee88690030f97e4d80e74a591a9f71c64d9142b7e48e1a3bcfebe23a7f63d', '--profile', 'jaffle_shop', '--target', 'dev', '--no-static-parser']\n in /tmp/tmpq3vwjzv8","logger":"cosmos.dbt.runner","filename":"runner.py","lineno":98}
{"timestamp":"2026-04-02T20:15:15.070837Z","level":"info","event":"\u001b[0m20:15:15  Running with dbt=1.11.7","logger":"task.stdout"}
{"timestamp":"2026-04-02T20:15:15.139431Z","level":"info","event":"\u001b[0m20:15:15  Registered adapter: postgres=1.10.0","logger":"task.stdout"}
{"timestamp":"2026-04-02T20:15:15.451813Z","level":"info","event":"\u001b[0m20:15:15  Found 5 models, 3 seeds, 20 data tests, 580 macros","logger":"task.stdout"}
{"timestamp":"2026-04-02T20:15:15.452795Z","level":"info","event":"\u001b[0m20:15:15","logger":"task.stdout"}
{"timestamp":"2026-04-02T20:15:15.452946Z","level":"info","event":"\u001b[0m20:15:15  Concurrency: 1 threads (target='dev')","logger":"task.stdout"}
{"timestamp":"2026-04-02T20:15:15.453049Z","level":"info","event":"\u001b[0m20:15:15","logger":"task.stdout"}
{"timestamp":"2026-04-02T20:15:15.499892Z","level":"info","event":"\u001b[0m20:15:15  1 of 1 START seed file public.raw_orders ....................................... [RUN]","logger":"task.stdout"}
{"timestamp":"2026-04-02T20:15:15.557693Z","level":"info","event":"\u001b[0m20:15:15  1 of 1 OK loaded seed file public.raw_orders ................................... [\u001b[32mCREATE 99\u001b[0m in 0.06s]","logger":"task.stdout"}
{"timestamp":"2026-04-02T20:15:15.564418Z","level":"info","event":"\u001b[0m20:15:15","logger":"task.stdout"}
{"timestamp":"2026-04-02T20:15:15.564571Z","level":"info","event":"\u001b[0m20:15:15  Finished running 1 seed in 0 hours 0 minutes and 0.11 seconds (0.11s).","logger":"task.stdout"}
{"timestamp":"2026-04-02T20:15:15.580895Z","level":"info","event":"\u001b[0m20:15:15","logger":"task.stdout"}
{"timestamp":"2026-04-02T20:15:15.581072Z","level":"info","event":"\u001b[0m20:15:15  \u001b[32mCompleted successfully\u001b[0m","logger":"task.stdout"}
{"timestamp":"2026-04-02T20:15:15.581231Z","level":"info","event":"\u001b[0m20:15:15","logger":"task.stdout"}
{"timestamp":"2026-04-02T20:15:15.581413Z","level":"info","event":"\u001b[0m20:15:15  Done. PASS=1 WARN=0 ERROR=0 SKIP=0 NO-OP=0 TOTAL=1","logger":"task.stdout"}
{"timestamp":"2026-04-02T20:15:15.581662Z","level":"info","event":"\u001b[0m20:15:15  [\u001b[33mWARNING\u001b[0m][DeprecationsSummary]: Deprecated functionality","logger":"task.stdout"}
{"timestamp":"2026-04-02T20:15:15.581720Z","level":"info","event":"Summary of encountered deprecations:","logger":"task.stdout"}
{"timestamp":"2026-04-02T20:15:15.581760Z","level":"info","event":"- MissingPlusPrefixDeprecation: 2 occurrences","logger":"task.stdout"}
{"timestamp":"2026-04-02T20:15:15.581806Z","level":"info","event":"To see all deprecation instances instead of just the first occurrence of each,","logger":"task.stdout"}
{"timestamp":"2026-04-02T20:15:15.581844Z","level":"info","event":"run command again with the `--show-all-deprecations` flag. You may also need to","logger":"task.stdout"}
{"timestamp":"2026-04-02T20:15:15.581883Z","level":"info","event":"run with `--no-partial-parse` as some deprecations are only encountered during","logger":"task.stdout"}
{"timestamp":"2026-04-02T20:15:15.581922Z","level":"info","event":"parsing.","logger":"task.stdout"}
{"timestamp":"2026-04-02T20:15:16.194169Z","level":"info","event":"Inlets: []","logger":"cosmos.operators.local","filename":"local.py","lineno":571}
{"timestamp":"2026-04-02T20:15:16.194250Z","level":"info","event":"Outlets: []","logger":"cosmos.operators.local","filename":"local.py","lineno":572}
{"timestamp":"2026-04-02T20:15:16.194318Z","level":"info","event":"Assigning outlets with DatasetAlias in Airflow 3","logger":"cosmos.operators.local","filename":"local.py","lineno":839}
