{"timestamp":"2026-04-02T20:14:02.195632Z","level":"info","event":"Stats instance was created in PID 7 but accessed in PID 935. Re-initializing.","logger":"airflow.stats","filename":"stats.py","lineno":57}
{"timestamp":"2026-04-02T20:14:02.208698Z","level":"info","event":"DAG bundles loaded: dags-folder","logger":"airflow.dag_processing.bundles.manager.DagBundlesManager","filename":"manager.py","lineno":179}
{"timestamp":"2026-04-02T20:14:02.209225Z","level":"info","event":"Filling up the DagBag from /opt/airflow/dags/product_reporting.py","logger":"airflow.models.dagbag.BundleDagBag","filename":"dagbag.py","lineno":593}
{"timestamp":"2026-04-02T20:14:02.211893Z","level":"info","event":"::group::Cosmos DAG parsing logs","logger":"cosmos.converter","filename":"converter.py","lineno":274}
{"timestamp":"2026-04-02T20:14:02.212285Z","level":"info","event":"Trying to parse the dbt project using dbt ls cache cosmos_cache__basic_cosmos_dag...","logger":"cosmos.dbt.graph","filename":"graph.py","lineno":689}
{"timestamp":"2026-04-02T20:14:02.221265Z","level":"info","event":"Cosmos performance: time to calculate cache identifier cosmos_cache__basic_cosmos_dag for current version: 0.004436791999978595","logger":"cosmos.cache","filename":"cache.py","lineno":345}
{"timestamp":"2026-04-02T20:14:02.221364Z","level":"info","event":"Cosmos performance [39c1bccfc631|935]: The cache size for cosmos_cache__basic_cosmos_dag is 21741","logger":"cosmos.dbt.graph","filename":"graph.py","lineno":706}
{"timestamp":"2026-04-02T20:14:02.221769Z","level":"info","event":"Cosmos performance: Cache hit for cosmos_cache__basic_cosmos_dag - d98397bc68fa791628916bda9a565a1d,d41d8cd98f00b204e9800998ecf8427e","logger":"cosmos.dbt.graph","filename":"graph.py","lineno":714}
{"timestamp":"2026-04-02T20:14:02.222120Z","level":"info","event":"Total nodes: 28","logger":"cosmos.dbt.graph","filename":"graph.py","lineno":619}
{"timestamp":"2026-04-02T20:14:02.222168Z","level":"info","event":"Total filtered nodes: 28","logger":"cosmos.dbt.graph","filename":"graph.py","lineno":620}
{"timestamp":"2026-04-02T20:14:02.227858Z","level":"info","event":"Cosmos performance (basic_cosmos_dag) -  [39c1bccfc631|935]: It took 0.0156s to parse the dbt project for DAG using LoadMode.DBT_LS_CACHE","logger":"cosmos.converter","filename":"converter.py","lineno":321}
{"timestamp":"2026-04-02T20:14:02.233546Z","level":"info","event":"Cosmos performance (basic_cosmos_dag) - [39c1bccfc631|935]: It took 0.00569s to build the Airflow DAG.","logger":"cosmos.converter","filename":"converter.py","lineno":367}
{"timestamp":"2026-04-02T20:14:02.233599Z","level":"info","event":"::endgroup::Cosmos DAG parsing logs","logger":"cosmos.converter","filename":"converter.py","lineno":370}
{"timestamp":"2026-04-02T20:14:02.678152Z","level":"info","event":"dbtRunner is available. Using dbtRunner for invoking dbt.","logger":"cosmos.operators.local","filename":"local.py","lineno":262}
{"timestamp":"2026-04-02T20:14:02.678429Z","level":"info","event":"Cloning project to writable temp directory /tmp/tmpz3k42rub from /opt/airflow/dags/include/jaffle_shop","logger":"cosmos.operators.local","filename":"local.py","lineno":494}
{"timestamp":"2026-04-02T20:14:02.680921Z","level":"info","event":"Partial parse is enabled and the latest partial parse file is /tmp/cosmos/basic_cosmos_dag/target/partial_parse.msgpack","logger":"cosmos.operators.local","filename":"local.py","lineno":514}
{"timestamp":"2026-04-02T20:14:02.684839Z","level":"info","event":"Profile caching is enable.","logger":"cosmos.config","filename":"config.py","lineno":384}
{"timestamp":"2026-04-02T20:14:02.691916Z","level":"info","event":"Profile found in cache using profile: /tmp/cosmos/profile/ff9ee88690030f97e4d80e74a591a9f71c64d9142b7e48e1a3bcfebe23a7f63d/profiles.yml.","logger":"cosmos.config","filename":"config.py","lineno":364}
{"timestamp":"2026-04-02T20:14:02.692602Z","level":"info","event":"Trying to run dbtRunner with:\n ['deps', '--project-dir', '/tmp/tmpz3k42rub', '--profiles-dir', '/tmp/cosmos/profile/ff9ee88690030f97e4d80e74a591a9f71c64d9142b7e48e1a3bcfebe23a7f63d', '--profile', 'jaffle_shop', '--target', 'dev', '--no-static-parser']\n in /tmp/tmpz3k42rub","logger":"cosmos.dbt.runner","filename":"runner.py","lineno":98}
{"timestamp":"2026-04-02T20:14:02.719893Z","level":"info","event":"\u001b[0m20:14:02  Running with dbt=1.11.7","logger":"task.stdout"}
{"timestamp":"2026-04-02T20:14:02.721483Z","level":"info","event":"\u001b[0m20:14:02  [\u001b[33mWARNING\u001b[0m][MissingPlusPrefixDeprecation]: Deprecated functionality","logger":"task.stdout"}
{"timestamp":"2026-04-02T20:14:02.721576Z","level":"info","event":"Missing '+' prefix on `materialized` found at `jaffle_shop.staging.materialized`","logger":"task.stdout"}
{"timestamp":"2026-04-02T20:14:02.721654Z","level":"info","event":"in file `/tmp/tmpz3k42rub/dbt_project.yml`. Hierarchical config values without a","logger":"task.stdout"}
{"timestamp":"2026-04-02T20:14:02.721715Z","level":"info","event":"'+' prefix are deprecated in dbt_project.yml.","logger":"task.stdout"}
{"timestamp":"2026-04-02T20:14:02.891171Z","level":"info","event":"\u001b[0m20:14:02  Updating lock file in file path: /tmp/tmpz3k42rub/package-lock.yml","logger":"task.stdout"}
{"timestamp":"2026-04-02T20:14:02.893892Z","level":"info","event":"\u001b[0m20:14:02  Installing dbt-labs/dbt_utils","logger":"task.stdout"}
{"timestamp":"2026-04-02T20:14:03.216615Z","level":"info","event":"\u001b[0m20:14:03  Installed from version 1.1.1","logger":"task.stdout"}
{"timestamp":"2026-04-02T20:14:03.216767Z","level":"info","event":"\u001b[0m20:14:03  Updated version available: 1.3.3","logger":"task.stdout"}
{"timestamp":"2026-04-02T20:14:03.217205Z","level":"info","event":"\u001b[0m20:14:03","logger":"task.stdout"}
{"timestamp":"2026-04-02T20:14:03.217359Z","level":"info","event":"\u001b[0m20:14:03  Updates available for packages: ['dbt-labs/dbt_utils']","logger":"task.stdout"}
{"timestamp":"2026-04-02T20:14:03.217426Z","level":"info","event":"Update your versions in packages.yml, then run dbt deps","logger":"task.stdout"}
{"timestamp":"2026-04-02T20:14:03.217735Z","level":"info","event":"\u001b[0m20:14:03  [\u001b[33mWARNING\u001b[0m][DeprecationsSummary]: Deprecated functionality","logger":"task.stdout"}
{"timestamp":"2026-04-02T20:14:03.217798Z","level":"info","event":"Summary of encountered deprecations:","logger":"task.stdout"}
{"timestamp":"2026-04-02T20:14:03.217866Z","level":"info","event":"- MissingPlusPrefixDeprecation: 2 occurrences","logger":"task.stdout"}
{"timestamp":"2026-04-02T20:14:03.217930Z","level":"info","event":"To see all deprecation instances instead of just the first occurrence of each,","logger":"task.stdout"}
{"timestamp":"2026-04-02T20:14:03.217992Z","level":"info","event":"run command again with the `--show-all-deprecations` flag. You may also need to","logger":"task.stdout"}
{"timestamp":"2026-04-02T20:14:03.218059Z","level":"info","event":"run with `--no-partial-parse` as some deprecations are only encountered during","logger":"task.stdout"}
{"timestamp":"2026-04-02T20:14:03.218116Z","level":"info","event":"parsing.","logger":"task.stdout"}
{"timestamp":"2026-04-02T20:14:03.820901Z","level":"info","event":"Trying to run dbtRunner with:\n ['seed', '--select', 'fqn:jaffle_shop.raw_orders', '--full-refresh', '--project-dir', '/tmp/tmpz3k42rub', '--profiles-dir', '/tmp/cosmos/profile/ff9ee88690030f97e4d80e74a591a9f71c64d9142b7e48e1a3bcfebe23a7f63d', '--profile', 'jaffle_shop', '--target', 'dev', '--no-static-parser']\n in /tmp/tmpz3k42rub","logger":"cosmos.dbt.runner","filename":"runner.py","lineno":98}
{"timestamp":"2026-04-02T20:14:03.824158Z","level":"info","event":"\u001b[0m20:14:03  Running with dbt=1.11.7","logger":"task.stdout"}
{"timestamp":"2026-04-02T20:14:03.892029Z","level":"info","event":"\u001b[0m20:14:03  Registered adapter: postgres=1.10.0","logger":"task.stdout"}
{"timestamp":"2026-04-02T20:14:04.205185Z","level":"info","event":"\u001b[0m20:14:04  Found 5 models, 3 seeds, 20 data tests, 580 macros","logger":"task.stdout"}
{"timestamp":"2026-04-02T20:14:04.206134Z","level":"info","event":"\u001b[0m20:14:04","logger":"task.stdout"}
{"timestamp":"2026-04-02T20:14:04.206331Z","level":"info","event":"\u001b[0m20:14:04  Concurrency: 1 threads (target='dev')","logger":"task.stdout"}
{"timestamp":"2026-04-02T20:14:04.206455Z","level":"info","event":"\u001b[0m20:14:04","logger":"task.stdout"}
{"timestamp":"2026-04-02T20:14:04.253122Z","level":"info","event":"\u001b[0m20:14:04  1 of 1 START seed file public.raw_orders ....................................... [RUN]","logger":"task.stdout"}
{"timestamp":"2026-04-02T20:14:04.311818Z","level":"info","event":"\u001b[0m20:14:04  1 of 1 OK loaded seed file public.raw_orders ................................... [\u001b[32mCREATE 99\u001b[0m in 0.06s]","logger":"task.stdout"}
{"timestamp":"2026-04-02T20:14:04.318162Z","level":"info","event":"\u001b[0m20:14:04","logger":"task.stdout"}
{"timestamp":"2026-04-02T20:14:04.318294Z","level":"info","event":"\u001b[0m20:14:04  Finished running 1 seed in 0 hours 0 minutes and 0.11 seconds (0.11s).","logger":"task.stdout"}
{"timestamp":"2026-04-02T20:14:04.334348Z","level":"info","event":"\u001b[0m20:14:04","logger":"task.stdout"}
{"timestamp":"2026-04-02T20:14:04.334496Z","level":"info","event":"\u001b[0m20:14:04  \u001b[32mCompleted successfully\u001b[0m","logger":"task.stdout"}
{"timestamp":"2026-04-02T20:14:04.334623Z","level":"info","event":"\u001b[0m20:14:04","logger":"task.stdout"}
{"timestamp":"2026-04-02T20:14:04.334793Z","level":"info","event":"\u001b[0m20:14:04  Done. PASS=1 WARN=0 ERROR=0 SKIP=0 NO-OP=0 TOTAL=1","logger":"task.stdout"}
{"timestamp":"2026-04-02T20:14:04.335046Z","level":"info","event":"\u001b[0m20:14:04  [\u001b[33mWARNING\u001b[0m][DeprecationsSummary]: Deprecated functionality","logger":"task.stdout"}
{"timestamp":"2026-04-02T20:14:04.335117Z","level":"info","event":"Summary of encountered deprecations:","logger":"task.stdout"}
{"timestamp":"2026-04-02T20:14:04.335171Z","level":"info","event":"- MissingPlusPrefixDeprecation: 2 occurrences","logger":"task.stdout"}
{"timestamp":"2026-04-02T20:14:04.335224Z","level":"info","event":"To see all deprecation instances instead of just the first occurrence of each,","logger":"task.stdout"}
{"timestamp":"2026-04-02T20:14:04.335266Z","level":"info","event":"run command again with the `--show-all-deprecations` flag. You may also need to","logger":"task.stdout"}
{"timestamp":"2026-04-02T20:14:04.335305Z","level":"info","event":"run with `--no-partial-parse` as some deprecations are only encountered during","logger":"task.stdout"}
{"timestamp":"2026-04-02T20:14:04.335350Z","level":"info","event":"parsing.","logger":"task.stdout"}
{"timestamp":"2026-04-02T20:14:04.961016Z","level":"info","event":"Inlets: []","logger":"cosmos.operators.local","filename":"local.py","lineno":571}
{"timestamp":"2026-04-02T20:14:04.961098Z","level":"info","event":"Outlets: []","logger":"cosmos.operators.local","filename":"local.py","lineno":572}
{"timestamp":"2026-04-02T20:14:04.961149Z","level":"info","event":"Assigning outlets with DatasetAlias in Airflow 3","logger":"cosmos.operators.local","filename":"local.py","lineno":839}
