{"timestamp":"2026-04-02T20:13:09.830447Z","level":"info","event":"Stats instance was created in PID 7 but accessed in PID 631. Re-initializing.","logger":"airflow.stats","filename":"stats.py","lineno":57}
{"timestamp":"2026-04-02T20:13:09.843191Z","level":"info","event":"DAG bundles loaded: dags-folder","logger":"airflow.dag_processing.bundles.manager.DagBundlesManager","filename":"manager.py","lineno":179}
{"timestamp":"2026-04-02T20:13:09.843418Z","level":"info","event":"Filling up the DagBag from /opt/airflow/dags/product_reporting.py","logger":"airflow.models.dagbag.BundleDagBag","filename":"dagbag.py","lineno":593}
{"timestamp":"2026-04-02T20:13:09.845784Z","level":"info","event":"::group::Cosmos DAG parsing logs","logger":"cosmos.converter","filename":"converter.py","lineno":274}
{"timestamp":"2026-04-02T20:13:09.846164Z","level":"info","event":"Trying to parse the dbt project using dbt ls cache cosmos_cache__basic_cosmos_dag...","logger":"cosmos.dbt.graph","filename":"graph.py","lineno":689}
{"timestamp":"2026-04-02T20:13:09.858612Z","level":"info","event":"Cosmos performance: time to calculate cache identifier cosmos_cache__basic_cosmos_dag for current version: 0.005758249999416876","logger":"cosmos.cache","filename":"cache.py","lineno":345}
{"timestamp":"2026-04-02T20:13:09.858717Z","level":"info","event":"Cosmos performance [39c1bccfc631|631]: The cache size for cosmos_cache__basic_cosmos_dag is 21741","logger":"cosmos.dbt.graph","filename":"graph.py","lineno":706}
{"timestamp":"2026-04-02T20:13:09.859005Z","level":"info","event":"Cosmos performance: Cache hit for cosmos_cache__basic_cosmos_dag - d98397bc68fa791628916bda9a565a1d,d41d8cd98f00b204e9800998ecf8427e","logger":"cosmos.dbt.graph","filename":"graph.py","lineno":714}
{"timestamp":"2026-04-02T20:13:09.859382Z","level":"info","event":"Total nodes: 28","logger":"cosmos.dbt.graph","filename":"graph.py","lineno":619}
{"timestamp":"2026-04-02T20:13:09.859419Z","level":"info","event":"Total filtered nodes: 28","logger":"cosmos.dbt.graph","filename":"graph.py","lineno":620}
{"timestamp":"2026-04-02T20:13:09.864258Z","level":"info","event":"Cosmos performance (basic_cosmos_dag) -  [39c1bccfc631|631]: It took 0.0181s to parse the dbt project for DAG using LoadMode.DBT_LS_CACHE","logger":"cosmos.converter","filename":"converter.py","lineno":321}
{"timestamp":"2026-04-02T20:13:09.869684Z","level":"info","event":"Cosmos performance (basic_cosmos_dag) - [39c1bccfc631|631]: It took 0.00543s to build the Airflow DAG.","logger":"cosmos.converter","filename":"converter.py","lineno":367}
{"timestamp":"2026-04-02T20:13:09.869742Z","level":"info","event":"::endgroup::Cosmos DAG parsing logs","logger":"cosmos.converter","filename":"converter.py","lineno":370}
{"timestamp":"2026-04-02T20:13:10.326488Z","level":"info","event":"dbtRunner is available. Using dbtRunner for invoking dbt.","logger":"cosmos.operators.local","filename":"local.py","lineno":262}
{"timestamp":"2026-04-02T20:13:10.326843Z","level":"info","event":"Cloning project to writable temp directory /tmp/tmpyzy2wk7_ from /opt/airflow/dags/include/jaffle_shop","logger":"cosmos.operators.local","filename":"local.py","lineno":494}
{"timestamp":"2026-04-02T20:13:10.329265Z","level":"info","event":"Partial parse is enabled and the latest partial parse file is /tmp/cosmos/basic_cosmos_dag/target/partial_parse.msgpack","logger":"cosmos.operators.local","filename":"local.py","lineno":514}
{"timestamp":"2026-04-02T20:13:10.333119Z","level":"info","event":"Profile caching is enable.","logger":"cosmos.config","filename":"config.py","lineno":384}
{"timestamp":"2026-04-02T20:13:10.339335Z","level":"info","event":"Profile found in cache using profile: /tmp/cosmos/profile/ff9ee88690030f97e4d80e74a591a9f71c64d9142b7e48e1a3bcfebe23a7f63d/profiles.yml.","logger":"cosmos.config","filename":"config.py","lineno":364}
{"timestamp":"2026-04-02T20:13:10.339824Z","level":"info","event":"Trying to run dbtRunner with:\n ['deps', '--project-dir', '/tmp/tmpyzy2wk7_', '--profiles-dir', '/tmp/cosmos/profile/ff9ee88690030f97e4d80e74a591a9f71c64d9142b7e48e1a3bcfebe23a7f63d', '--profile', 'jaffle_shop', '--target', 'dev', '--no-static-parser']\n in /tmp/tmpyzy2wk7_","logger":"cosmos.dbt.runner","filename":"runner.py","lineno":98}
{"timestamp":"2026-04-02T20:13:10.366657Z","level":"info","event":"\u001b[0m20:13:10  Running with dbt=1.11.7","logger":"task.stdout"}
{"timestamp":"2026-04-02T20:13:10.368235Z","level":"info","event":"\u001b[0m20:13:10  [\u001b[33mWARNING\u001b[0m][MissingPlusPrefixDeprecation]: Deprecated functionality","logger":"task.stdout"}
{"timestamp":"2026-04-02T20:13:10.368328Z","level":"info","event":"Missing '+' prefix on `materialized` found at `jaffle_shop.staging.materialized`","logger":"task.stdout"}
{"timestamp":"2026-04-02T20:13:10.368407Z","level":"info","event":"in file `/tmp/tmpyzy2wk7_/dbt_project.yml`. Hierarchical config values without a","logger":"task.stdout"}
{"timestamp":"2026-04-02T20:13:10.368489Z","level":"info","event":"'+' prefix are deprecated in dbt_project.yml.","logger":"task.stdout"}
{"timestamp":"2026-04-02T20:13:10.526737Z","level":"info","event":"\u001b[0m20:13:10  Updating lock file in file path: /tmp/tmpyzy2wk7_/package-lock.yml","logger":"task.stdout"}
{"timestamp":"2026-04-02T20:13:10.529421Z","level":"info","event":"\u001b[0m20:13:10  Installing dbt-labs/dbt_utils","logger":"task.stdout"}
{"timestamp":"2026-04-02T20:13:10.869068Z","level":"info","event":"\u001b[0m20:13:10  Installed from version 1.1.1","logger":"task.stdout"}
{"timestamp":"2026-04-02T20:13:10.869259Z","level":"info","event":"\u001b[0m20:13:10  Updated version available: 1.3.3","logger":"task.stdout"}
{"timestamp":"2026-04-02T20:13:10.869694Z","level":"info","event":"\u001b[0m20:13:10","logger":"task.stdout"}
{"timestamp":"2026-04-02T20:13:10.869877Z","level":"info","event":"\u001b[0m20:13:10  Updates available for packages: ['dbt-labs/dbt_utils']","logger":"task.stdout"}
{"timestamp":"2026-04-02T20:13:10.870133Z","level":"info","event":"Update your versions in packages.yml, then run dbt deps","logger":"task.stdout"}
{"timestamp":"2026-04-02T20:13:10.870314Z","level":"info","event":"\u001b[0m20:13:10  [\u001b[33mWARNING\u001b[0m][DeprecationsSummary]: Deprecated functionality","logger":"task.stdout"}
{"timestamp":"2026-04-02T20:13:10.870396Z","level":"info","event":"Summary of encountered deprecations:","logger":"task.stdout"}
{"timestamp":"2026-04-02T20:13:10.870474Z","level":"info","event":"- MissingPlusPrefixDeprecation: 2 occurrences","logger":"task.stdout"}
{"timestamp":"2026-04-02T20:13:10.870555Z","level":"info","event":"To see all deprecation instances instead of just the first occurrence of each,","logger":"task.stdout"}
{"timestamp":"2026-04-02T20:13:10.870624Z","level":"info","event":"run command again with the `--show-all-deprecations` flag. You may also need to","logger":"task.stdout"}
{"timestamp":"2026-04-02T20:13:10.870699Z","level":"info","event":"run with `--no-partial-parse` as some deprecations are only encountered during","logger":"task.stdout"}
{"timestamp":"2026-04-02T20:13:10.870787Z","level":"info","event":"parsing.","logger":"task.stdout"}
{"timestamp":"2026-04-02T20:13:11.505660Z","level":"info","event":"Trying to run dbtRunner with:\n ['seed', '--select', 'fqn:jaffle_shop.raw_orders', '--full-refresh', '--project-dir', '/tmp/tmpyzy2wk7_', '--profiles-dir', '/tmp/cosmos/profile/ff9ee88690030f97e4d80e74a591a9f71c64d9142b7e48e1a3bcfebe23a7f63d', '--profile', 'jaffle_shop', '--target', 'dev', '--no-static-parser']\n in /tmp/tmpyzy2wk7_","logger":"cosmos.dbt.runner","filename":"runner.py","lineno":98}
{"timestamp":"2026-04-02T20:13:11.509187Z","level":"info","event":"\u001b[0m20:13:11  Running with dbt=1.11.7","logger":"task.stdout"}
{"timestamp":"2026-04-02T20:13:11.577042Z","level":"info","event":"\u001b[0m20:13:11  Registered adapter: postgres=1.10.0","logger":"task.stdout"}
{"timestamp":"2026-04-02T20:13:11.889941Z","level":"info","event":"\u001b[0m20:13:11  Found 5 models, 3 seeds, 20 data tests, 580 macros","logger":"task.stdout"}
{"timestamp":"2026-04-02T20:13:11.891144Z","level":"info","event":"\u001b[0m20:13:11","logger":"task.stdout"}
{"timestamp":"2026-04-02T20:13:11.891353Z","level":"info","event":"\u001b[0m20:13:11  Concurrency: 1 threads (target='dev')","logger":"task.stdout"}
{"timestamp":"2026-04-02T20:13:11.891453Z","level":"info","event":"\u001b[0m20:13:11","logger":"task.stdout"}
{"timestamp":"2026-04-02T20:13:11.941964Z","level":"info","event":"\u001b[0m20:13:11  1 of 1 START seed file public.raw_orders ....................................... [RUN]","logger":"task.stdout"}
{"timestamp":"2026-04-02T20:13:12.001441Z","level":"info","event":"\u001b[0m20:13:12  1 of 1 OK loaded seed file public.raw_orders ................................... [\u001b[32mCREATE 99\u001b[0m in 0.06s]","logger":"task.stdout"}
{"timestamp":"2026-04-02T20:13:12.009813Z","level":"info","event":"\u001b[0m20:13:12","logger":"task.stdout"}
{"timestamp":"2026-04-02T20:13:12.009985Z","level":"info","event":"\u001b[0m20:13:12  Finished running 1 seed in 0 hours 0 minutes and 0.12 seconds (0.12s).","logger":"task.stdout"}
{"timestamp":"2026-04-02T20:13:12.026905Z","level":"info","event":"\u001b[0m20:13:12","logger":"task.stdout"}
{"timestamp":"2026-04-02T20:13:12.027091Z","level":"info","event":"\u001b[0m20:13:12  \u001b[32mCompleted successfully\u001b[0m","logger":"task.stdout"}
{"timestamp":"2026-04-02T20:13:12.027193Z","level":"info","event":"\u001b[0m20:13:12","logger":"task.stdout"}
{"timestamp":"2026-04-02T20:13:12.027368Z","level":"info","event":"\u001b[0m20:13:12  Done. PASS=1 WARN=0 ERROR=0 SKIP=0 NO-OP=0 TOTAL=1","logger":"task.stdout"}
{"timestamp":"2026-04-02T20:13:12.027652Z","level":"info","event":"\u001b[0m20:13:12  [\u001b[33mWARNING\u001b[0m][DeprecationsSummary]: Deprecated functionality","logger":"task.stdout"}
{"timestamp":"2026-04-02T20:13:12.027751Z","level":"info","event":"Summary of encountered deprecations:","logger":"task.stdout"}
{"timestamp":"2026-04-02T20:13:12.027849Z","level":"info","event":"- MissingPlusPrefixDeprecation: 2 occurrences","logger":"task.stdout"}
{"timestamp":"2026-04-02T20:13:12.027937Z","level":"info","event":"To see all deprecation instances instead of just the first occurrence of each,","logger":"task.stdout"}
{"timestamp":"2026-04-02T20:13:12.028004Z","level":"info","event":"run command again with the `--show-all-deprecations` flag. You may also need to","logger":"task.stdout"}
{"timestamp":"2026-04-02T20:13:12.028065Z","level":"info","event":"run with `--no-partial-parse` as some deprecations are only encountered during","logger":"task.stdout"}
{"timestamp":"2026-04-02T20:13:12.028131Z","level":"info","event":"parsing.","logger":"task.stdout"}
{"timestamp":"2026-04-02T20:13:12.604555Z","level":"info","event":"Inlets: []","logger":"cosmos.operators.local","filename":"local.py","lineno":571}
{"timestamp":"2026-04-02T20:13:12.604636Z","level":"info","event":"Outlets: []","logger":"cosmos.operators.local","filename":"local.py","lineno":572}
{"timestamp":"2026-04-02T20:13:12.604706Z","level":"info","event":"Assigning outlets with DatasetAlias in Airflow 3","logger":"cosmos.operators.local","filename":"local.py","lineno":839}
