{"timestamp":"2026-04-02T20:14:02.202644Z","level":"info","event":"Stats instance was created in PID 7 but accessed in PID 936. Re-initializing.","logger":"airflow.stats","filename":"stats.py","lineno":57}
{"timestamp":"2026-04-02T20:14:02.215979Z","level":"info","event":"DAG bundles loaded: dags-folder","logger":"airflow.dag_processing.bundles.manager.DagBundlesManager","filename":"manager.py","lineno":179}
{"timestamp":"2026-04-02T20:14:02.216292Z","level":"info","event":"Filling up the DagBag from /opt/airflow/dags/product_reporting.py","logger":"airflow.models.dagbag.BundleDagBag","filename":"dagbag.py","lineno":593}
{"timestamp":"2026-04-02T20:14:02.218501Z","level":"info","event":"::group::Cosmos DAG parsing logs","logger":"cosmos.converter","filename":"converter.py","lineno":274}
{"timestamp":"2026-04-02T20:14:02.218827Z","level":"info","event":"Trying to parse the dbt project using dbt ls cache cosmos_cache__basic_cosmos_dag...","logger":"cosmos.dbt.graph","filename":"graph.py","lineno":689}
{"timestamp":"2026-04-02T20:14:02.229014Z","level":"info","event":"Cosmos performance: time to calculate cache identifier cosmos_cache__basic_cosmos_dag for current version: 0.004618667000613641","logger":"cosmos.cache","filename":"cache.py","lineno":345}
{"timestamp":"2026-04-02T20:14:02.229101Z","level":"info","event":"Cosmos performance [39c1bccfc631|936]: The cache size for cosmos_cache__basic_cosmos_dag is 21741","logger":"cosmos.dbt.graph","filename":"graph.py","lineno":706}
{"timestamp":"2026-04-02T20:14:02.229490Z","level":"info","event":"Cosmos performance: Cache hit for cosmos_cache__basic_cosmos_dag - d98397bc68fa791628916bda9a565a1d,d41d8cd98f00b204e9800998ecf8427e","logger":"cosmos.dbt.graph","filename":"graph.py","lineno":714}
{"timestamp":"2026-04-02T20:14:02.229798Z","level":"info","event":"Total nodes: 28","logger":"cosmos.dbt.graph","filename":"graph.py","lineno":619}
{"timestamp":"2026-04-02T20:14:02.229833Z","level":"info","event":"Total filtered nodes: 28","logger":"cosmos.dbt.graph","filename":"graph.py","lineno":620}
{"timestamp":"2026-04-02T20:14:02.233992Z","level":"info","event":"Cosmos performance (basic_cosmos_dag) -  [39c1bccfc631|936]: It took 0.0152s to parse the dbt project for DAG using LoadMode.DBT_LS_CACHE","logger":"cosmos.converter","filename":"converter.py","lineno":321}
{"timestamp":"2026-04-02T20:14:02.239713Z","level":"info","event":"Cosmos performance (basic_cosmos_dag) - [39c1bccfc631|936]: It took 0.00573s to build the Airflow DAG.","logger":"cosmos.converter","filename":"converter.py","lineno":367}
{"timestamp":"2026-04-02T20:14:02.239761Z","level":"info","event":"::endgroup::Cosmos DAG parsing logs","logger":"cosmos.converter","filename":"converter.py","lineno":370}
{"timestamp":"2026-04-02T20:14:02.679980Z","level":"info","event":"dbtRunner is available. Using dbtRunner for invoking dbt.","logger":"cosmos.operators.local","filename":"local.py","lineno":262}
{"timestamp":"2026-04-02T20:14:02.680214Z","level":"info","event":"Cloning project to writable temp directory /tmp/tmpe_515xbd from /opt/airflow/dags/include/jaffle_shop","logger":"cosmos.operators.local","filename":"local.py","lineno":494}
{"timestamp":"2026-04-02T20:14:02.682317Z","level":"info","event":"Partial parse is enabled and the latest partial parse file is /tmp/cosmos/basic_cosmos_dag/target/partial_parse.msgpack","logger":"cosmos.operators.local","filename":"local.py","lineno":514}
{"timestamp":"2026-04-02T20:14:02.686206Z","level":"info","event":"Profile caching is enable.","logger":"cosmos.config","filename":"config.py","lineno":384}
{"timestamp":"2026-04-02T20:14:02.692062Z","level":"info","event":"Profile found in cache using profile: /tmp/cosmos/profile/ff9ee88690030f97e4d80e74a591a9f71c64d9142b7e48e1a3bcfebe23a7f63d/profiles.yml.","logger":"cosmos.config","filename":"config.py","lineno":364}
{"timestamp":"2026-04-02T20:14:02.692671Z","level":"info","event":"Trying to run dbtRunner with:\n ['deps', '--project-dir', '/tmp/tmpe_515xbd', '--profiles-dir', '/tmp/cosmos/profile/ff9ee88690030f97e4d80e74a591a9f71c64d9142b7e48e1a3bcfebe23a7f63d', '--profile', 'jaffle_shop', '--target', 'dev', '--no-static-parser']\n in /tmp/tmpe_515xbd","logger":"cosmos.dbt.runner","filename":"runner.py","lineno":98}
{"timestamp":"2026-04-02T20:14:02.720106Z","level":"info","event":"\u001b[0m20:14:02  Running with dbt=1.11.7","logger":"task.stdout"}
{"timestamp":"2026-04-02T20:14:02.721702Z","level":"info","event":"\u001b[0m20:14:02  [\u001b[33mWARNING\u001b[0m][MissingPlusPrefixDeprecation]: Deprecated functionality","logger":"task.stdout"}
{"timestamp":"2026-04-02T20:14:02.721779Z","level":"info","event":"Missing '+' prefix on `materialized` found at `jaffle_shop.staging.materialized`","logger":"task.stdout"}
{"timestamp":"2026-04-02T20:14:02.721852Z","level":"info","event":"in file `/tmp/tmpe_515xbd/dbt_project.yml`. Hierarchical config values without a","logger":"task.stdout"}
{"timestamp":"2026-04-02T20:14:02.721925Z","level":"info","event":"'+' prefix are deprecated in dbt_project.yml.","logger":"task.stdout"}
{"timestamp":"2026-04-02T20:14:02.892321Z","level":"info","event":"\u001b[0m20:14:02  Updating lock file in file path: /tmp/tmpe_515xbd/package-lock.yml","logger":"task.stdout"}
{"timestamp":"2026-04-02T20:14:02.895040Z","level":"info","event":"\u001b[0m20:14:02  Installing dbt-labs/dbt_utils","logger":"task.stdout"}
{"timestamp":"2026-04-02T20:14:03.205076Z","level":"info","event":"\u001b[0m20:14:03  Installed from version 1.1.1","logger":"task.stdout"}
{"timestamp":"2026-04-02T20:14:03.205352Z","level":"info","event":"\u001b[0m20:14:03  Updated version available: 1.3.3","logger":"task.stdout"}
{"timestamp":"2026-04-02T20:14:03.205767Z","level":"info","event":"\u001b[0m20:14:03","logger":"task.stdout"}
{"timestamp":"2026-04-02T20:14:03.205928Z","level":"info","event":"\u001b[0m20:14:03  Updates available for packages: ['dbt-labs/dbt_utils']","logger":"task.stdout"}
{"timestamp":"2026-04-02T20:14:03.206015Z","level":"info","event":"Update your versions in packages.yml, then run dbt deps","logger":"task.stdout"}
{"timestamp":"2026-04-02T20:14:03.206358Z","level":"info","event":"\u001b[0m20:14:03  [\u001b[33mWARNING\u001b[0m][DeprecationsSummary]: Deprecated functionality","logger":"task.stdout"}
{"timestamp":"2026-04-02T20:14:03.206441Z","level":"info","event":"Summary of encountered deprecations:","logger":"task.stdout"}
{"timestamp":"2026-04-02T20:14:03.206521Z","level":"info","event":"- MissingPlusPrefixDeprecation: 2 occurrences","logger":"task.stdout"}
{"timestamp":"2026-04-02T20:14:03.206594Z","level":"info","event":"To see all deprecation instances instead of just the first occurrence of each,","logger":"task.stdout"}
{"timestamp":"2026-04-02T20:14:03.206666Z","level":"info","event":"run command again with the `--show-all-deprecations` flag. You may also need to","logger":"task.stdout"}
{"timestamp":"2026-04-02T20:14:03.206738Z","level":"info","event":"run with `--no-partial-parse` as some deprecations are only encountered during","logger":"task.stdout"}
{"timestamp":"2026-04-02T20:14:03.206808Z","level":"info","event":"parsing.","logger":"task.stdout"}
{"timestamp":"2026-04-02T20:14:03.820945Z","level":"info","event":"Trying to run dbtRunner with:\n ['seed', '--select', 'fqn:jaffle_shop.raw_payments', '--full-refresh', '--project-dir', '/tmp/tmpe_515xbd', '--profiles-dir', '/tmp/cosmos/profile/ff9ee88690030f97e4d80e74a591a9f71c64d9142b7e48e1a3bcfebe23a7f63d', '--profile', 'jaffle_shop', '--target', 'dev', '--no-static-parser']\n in /tmp/tmpe_515xbd","logger":"cosmos.dbt.runner","filename":"runner.py","lineno":98}
{"timestamp":"2026-04-02T20:14:03.824233Z","level":"info","event":"\u001b[0m20:14:03  Running with dbt=1.11.7","logger":"task.stdout"}
{"timestamp":"2026-04-02T20:14:03.892351Z","level":"info","event":"\u001b[0m20:14:03  Registered adapter: postgres=1.10.0","logger":"task.stdout"}
{"timestamp":"2026-04-02T20:14:04.206826Z","level":"info","event":"\u001b[0m20:14:04  Found 5 models, 3 seeds, 20 data tests, 580 macros","logger":"task.stdout"}
{"timestamp":"2026-04-02T20:14:04.207938Z","level":"info","event":"\u001b[0m20:14:04","logger":"task.stdout"}
{"timestamp":"2026-04-02T20:14:04.208118Z","level":"info","event":"\u001b[0m20:14:04  Concurrency: 1 threads (target='dev')","logger":"task.stdout"}
{"timestamp":"2026-04-02T20:14:04.208228Z","level":"info","event":"\u001b[0m20:14:04","logger":"task.stdout"}
{"timestamp":"2026-04-02T20:14:04.252942Z","level":"info","event":"\u001b[0m20:14:04  1 of 1 START seed file public.raw_payments ..................................... [RUN]","logger":"task.stdout"}
{"timestamp":"2026-04-02T20:14:04.312142Z","level":"info","event":"\u001b[0m20:14:04  1 of 1 OK loaded seed file public.raw_payments ................................. [\u001b[32mCREATE 113\u001b[0m in 0.06s]","logger":"task.stdout"}
{"timestamp":"2026-04-02T20:14:04.318818Z","level":"info","event":"\u001b[0m20:14:04","logger":"task.stdout"}
{"timestamp":"2026-04-02T20:14:04.318962Z","level":"info","event":"\u001b[0m20:14:04  Finished running 1 seed in 0 hours 0 minutes and 0.11 seconds (0.11s).","logger":"task.stdout"}
{"timestamp":"2026-04-02T20:14:04.335190Z","level":"info","event":"\u001b[0m20:14:04","logger":"task.stdout"}
{"timestamp":"2026-04-02T20:14:04.335409Z","level":"info","event":"\u001b[0m20:14:04  \u001b[32mCompleted successfully\u001b[0m","logger":"task.stdout"}
{"timestamp":"2026-04-02T20:14:04.335578Z","level":"info","event":"\u001b[0m20:14:04","logger":"task.stdout"}
{"timestamp":"2026-04-02T20:14:04.335748Z","level":"info","event":"\u001b[0m20:14:04  Done. PASS=1 WARN=0 ERROR=0 SKIP=0 NO-OP=0 TOTAL=1","logger":"task.stdout"}
{"timestamp":"2026-04-02T20:14:04.336042Z","level":"info","event":"\u001b[0m20:14:04  [\u001b[33mWARNING\u001b[0m][DeprecationsSummary]: Deprecated functionality","logger":"task.stdout"}
{"timestamp":"2026-04-02T20:14:04.336293Z","level":"info","event":"Summary of encountered deprecations:","logger":"task.stdout"}
{"timestamp":"2026-04-02T20:14:04.336385Z","level":"info","event":"- MissingPlusPrefixDeprecation: 2 occurrences","logger":"task.stdout"}
{"timestamp":"2026-04-02T20:14:04.336455Z","level":"info","event":"To see all deprecation instances instead of just the first occurrence of each,","logger":"task.stdout"}
{"timestamp":"2026-04-02T20:14:04.336558Z","level":"info","event":"run command again with the `--show-all-deprecations` flag. You may also need to","logger":"task.stdout"}
{"timestamp":"2026-04-02T20:14:04.336642Z","level":"info","event":"run with `--no-partial-parse` as some deprecations are only encountered during","logger":"task.stdout"}
{"timestamp":"2026-04-02T20:14:04.336717Z","level":"info","event":"parsing.","logger":"task.stdout"}
{"timestamp":"2026-04-02T20:14:04.961022Z","level":"info","event":"Inlets: []","logger":"cosmos.operators.local","filename":"local.py","lineno":571}
{"timestamp":"2026-04-02T20:14:04.961130Z","level":"info","event":"Outlets: []","logger":"cosmos.operators.local","filename":"local.py","lineno":572}
{"timestamp":"2026-04-02T20:14:04.961214Z","level":"info","event":"Assigning outlets with DatasetAlias in Airflow 3","logger":"cosmos.operators.local","filename":"local.py","lineno":839}
