{"timestamp":"2026-04-02T20:16:23.804147Z","level":"info","event":"Stats instance was created in PID 7 but accessed in PID 1770. Re-initializing.","logger":"airflow.stats","filename":"stats.py","lineno":57}
{"timestamp":"2026-04-02T20:16:23.817553Z","level":"info","event":"DAG bundles loaded: dags-folder","logger":"airflow.dag_processing.bundles.manager.DagBundlesManager","filename":"manager.py","lineno":179}
{"timestamp":"2026-04-02T20:16:23.817860Z","level":"info","event":"Filling up the DagBag from /opt/airflow/dags/product_reporting.py","logger":"airflow.models.dagbag.BundleDagBag","filename":"dagbag.py","lineno":593}
{"timestamp":"2026-04-02T20:16:23.820444Z","level":"info","event":"::group::Cosmos DAG parsing logs","logger":"cosmos.converter","filename":"converter.py","lineno":274}
{"timestamp":"2026-04-02T20:16:23.820851Z","level":"info","event":"Trying to parse the dbt project using dbt ls cache cosmos_cache__basic_cosmos_dag...","logger":"cosmos.dbt.graph","filename":"graph.py","lineno":689}
{"timestamp":"2026-04-02T20:16:23.833274Z","level":"info","event":"Cosmos performance: time to calculate cache identifier cosmos_cache__basic_cosmos_dag for current version: 0.0058569169996189885","logger":"cosmos.cache","filename":"cache.py","lineno":345}
{"timestamp":"2026-04-02T20:16:23.833370Z","level":"info","event":"Cosmos performance [39c1bccfc631|1770]: The cache size for cosmos_cache__basic_cosmos_dag is 21741","logger":"cosmos.dbt.graph","filename":"graph.py","lineno":706}
{"timestamp":"2026-04-02T20:16:23.833668Z","level":"info","event":"Cosmos performance: Cache hit for cosmos_cache__basic_cosmos_dag - d98397bc68fa791628916bda9a565a1d,d41d8cd98f00b204e9800998ecf8427e","logger":"cosmos.dbt.graph","filename":"graph.py","lineno":714}
{"timestamp":"2026-04-02T20:16:23.833995Z","level":"info","event":"Total nodes: 28","logger":"cosmos.dbt.graph","filename":"graph.py","lineno":619}
{"timestamp":"2026-04-02T20:16:23.834026Z","level":"info","event":"Total filtered nodes: 28","logger":"cosmos.dbt.graph","filename":"graph.py","lineno":620}
{"timestamp":"2026-04-02T20:16:23.839722Z","level":"info","event":"Cosmos performance (basic_cosmos_dag) -  [39c1bccfc631|1770]: It took 0.0189s to parse the dbt project for DAG using LoadMode.DBT_LS_CACHE","logger":"cosmos.converter","filename":"converter.py","lineno":321}
{"timestamp":"2026-04-02T20:16:23.845344Z","level":"info","event":"Cosmos performance (basic_cosmos_dag) - [39c1bccfc631|1770]: It took 0.00563s to build the Airflow DAG.","logger":"cosmos.converter","filename":"converter.py","lineno":367}
{"timestamp":"2026-04-02T20:16:23.845396Z","level":"info","event":"::endgroup::Cosmos DAG parsing logs","logger":"cosmos.converter","filename":"converter.py","lineno":370}
{"timestamp":"2026-04-02T20:16:24.309401Z","level":"info","event":"dbtRunner is available. Using dbtRunner for invoking dbt.","logger":"cosmos.operators.local","filename":"local.py","lineno":262}
{"timestamp":"2026-04-02T20:16:24.309799Z","level":"info","event":"Cloning project to writable temp directory /tmp/tmp07_xwskl from /opt/airflow/dags/include/jaffle_shop","logger":"cosmos.operators.local","filename":"local.py","lineno":494}
{"timestamp":"2026-04-02T20:16:24.312226Z","level":"info","event":"Partial parse is enabled and the latest partial parse file is /tmp/cosmos/basic_cosmos_dag/target/partial_parse.msgpack","logger":"cosmos.operators.local","filename":"local.py","lineno":514}
{"timestamp":"2026-04-02T20:16:24.316221Z","level":"info","event":"Profile caching is enable.","logger":"cosmos.config","filename":"config.py","lineno":384}
{"timestamp":"2026-04-02T20:16:24.322013Z","level":"info","event":"Profile found in cache using profile: /tmp/cosmos/profile/ff9ee88690030f97e4d80e74a591a9f71c64d9142b7e48e1a3bcfebe23a7f63d/profiles.yml.","logger":"cosmos.config","filename":"config.py","lineno":364}
{"timestamp":"2026-04-02T20:16:24.322724Z","level":"info","event":"Trying to run dbtRunner with:\n ['deps', '--project-dir', '/tmp/tmp07_xwskl', '--profiles-dir', '/tmp/cosmos/profile/ff9ee88690030f97e4d80e74a591a9f71c64d9142b7e48e1a3bcfebe23a7f63d', '--profile', 'jaffle_shop', '--target', 'dev', '--no-static-parser']\n in /tmp/tmp07_xwskl","logger":"cosmos.dbt.runner","filename":"runner.py","lineno":98}
{"timestamp":"2026-04-02T20:16:24.351381Z","level":"info","event":"\u001b[0m20:16:24  Running with dbt=1.11.7","logger":"task.stdout"}
{"timestamp":"2026-04-02T20:16:24.353022Z","level":"info","event":"\u001b[0m20:16:24  [\u001b[33mWARNING\u001b[0m][MissingPlusPrefixDeprecation]: Deprecated functionality","logger":"task.stdout"}
{"timestamp":"2026-04-02T20:16:24.353123Z","level":"info","event":"Missing '+' prefix on `materialized` found at `jaffle_shop.staging.materialized`","logger":"task.stdout"}
{"timestamp":"2026-04-02T20:16:24.353209Z","level":"info","event":"in file `/tmp/tmp07_xwskl/dbt_project.yml`. Hierarchical config values without a","logger":"task.stdout"}
{"timestamp":"2026-04-02T20:16:24.353271Z","level":"info","event":"'+' prefix are deprecated in dbt_project.yml.","logger":"task.stdout"}
{"timestamp":"2026-04-02T20:16:24.521541Z","level":"info","event":"\u001b[0m20:16:24  Updating lock file in file path: /tmp/tmp07_xwskl/package-lock.yml","logger":"task.stdout"}
{"timestamp":"2026-04-02T20:16:24.524485Z","level":"info","event":"\u001b[0m20:16:24  Installing dbt-labs/dbt_utils","logger":"task.stdout"}
{"timestamp":"2026-04-02T20:16:24.825900Z","level":"info","event":"\u001b[0m20:16:24  Installed from version 1.1.1","logger":"task.stdout"}
{"timestamp":"2026-04-02T20:16:24.826099Z","level":"info","event":"\u001b[0m20:16:24  Updated version available: 1.3.3","logger":"task.stdout"}
{"timestamp":"2026-04-02T20:16:24.826424Z","level":"info","event":"\u001b[0m20:16:24","logger":"task.stdout"}
{"timestamp":"2026-04-02T20:16:24.826569Z","level":"info","event":"\u001b[0m20:16:24  Updates available for packages: ['dbt-labs/dbt_utils']","logger":"task.stdout"}
{"timestamp":"2026-04-02T20:16:24.826643Z","level":"info","event":"Update your versions in packages.yml, then run dbt deps","logger":"task.stdout"}
{"timestamp":"2026-04-02T20:16:24.826925Z","level":"info","event":"\u001b[0m20:16:24  [\u001b[33mWARNING\u001b[0m][DeprecationsSummary]: Deprecated functionality","logger":"task.stdout"}
{"timestamp":"2026-04-02T20:16:24.826989Z","level":"info","event":"Summary of encountered deprecations:","logger":"task.stdout"}
{"timestamp":"2026-04-02T20:16:24.827046Z","level":"info","event":"- MissingPlusPrefixDeprecation: 2 occurrences","logger":"task.stdout"}
{"timestamp":"2026-04-02T20:16:24.827102Z","level":"info","event":"To see all deprecation instances instead of just the first occurrence of each,","logger":"task.stdout"}
{"timestamp":"2026-04-02T20:16:24.827191Z","level":"info","event":"run command again with the `--show-all-deprecations` flag. You may also need to","logger":"task.stdout"}
{"timestamp":"2026-04-02T20:16:24.827277Z","level":"info","event":"run with `--no-partial-parse` as some deprecations are only encountered during","logger":"task.stdout"}
{"timestamp":"2026-04-02T20:16:24.827357Z","level":"info","event":"parsing.","logger":"task.stdout"}
{"timestamp":"2026-04-02T20:16:25.381438Z","level":"info","event":"Trying to run dbtRunner with:\n ['seed', '--select', 'fqn:jaffle_shop.raw_customers', '--full-refresh', '--project-dir', '/tmp/tmp07_xwskl', '--profiles-dir', '/tmp/cosmos/profile/ff9ee88690030f97e4d80e74a591a9f71c64d9142b7e48e1a3bcfebe23a7f63d', '--profile', 'jaffle_shop', '--target', 'dev', '--no-static-parser']\n in /tmp/tmp07_xwskl","logger":"cosmos.dbt.runner","filename":"runner.py","lineno":98}
{"timestamp":"2026-04-02T20:16:25.384946Z","level":"info","event":"\u001b[0m20:16:25  Running with dbt=1.11.7","logger":"task.stdout"}
{"timestamp":"2026-04-02T20:16:25.452059Z","level":"info","event":"\u001b[0m20:16:25  Registered adapter: postgres=1.10.0","logger":"task.stdout"}
{"timestamp":"2026-04-02T20:16:25.768006Z","level":"info","event":"\u001b[0m20:16:25  Found 5 models, 3 seeds, 20 data tests, 580 macros","logger":"task.stdout"}
{"timestamp":"2026-04-02T20:16:25.769045Z","level":"info","event":"\u001b[0m20:16:25","logger":"task.stdout"}
{"timestamp":"2026-04-02T20:16:25.769227Z","level":"info","event":"\u001b[0m20:16:25  Concurrency: 1 threads (target='dev')","logger":"task.stdout"}
{"timestamp":"2026-04-02T20:16:25.769331Z","level":"info","event":"\u001b[0m20:16:25","logger":"task.stdout"}
{"timestamp":"2026-04-02T20:16:25.817815Z","level":"info","event":"\u001b[0m20:16:25  1 of 1 START seed file public.raw_customers .................................... [RUN]","logger":"task.stdout"}
{"timestamp":"2026-04-02T20:16:25.874216Z","level":"info","event":"\u001b[0m20:16:25  1 of 1 OK loaded seed file public.raw_customers ................................ [\u001b[32mCREATE 100\u001b[0m in 0.06s]","logger":"task.stdout"}
{"timestamp":"2026-04-02T20:16:25.882437Z","level":"info","event":"\u001b[0m20:16:25","logger":"task.stdout"}
{"timestamp":"2026-04-02T20:16:25.882664Z","level":"info","event":"\u001b[0m20:16:25  Finished running 1 seed in 0 hours 0 minutes and 0.11 seconds (0.11s).","logger":"task.stdout"}
{"timestamp":"2026-04-02T20:16:25.899521Z","level":"info","event":"\u001b[0m20:16:25","logger":"task.stdout"}
{"timestamp":"2026-04-02T20:16:25.899697Z","level":"info","event":"\u001b[0m20:16:25  \u001b[32mCompleted successfully\u001b[0m","logger":"task.stdout"}
{"timestamp":"2026-04-02T20:16:25.899800Z","level":"info","event":"\u001b[0m20:16:25","logger":"task.stdout"}
{"timestamp":"2026-04-02T20:16:25.899954Z","level":"info","event":"\u001b[0m20:16:25  Done. PASS=1 WARN=0 ERROR=0 SKIP=0 NO-OP=0 TOTAL=1","logger":"task.stdout"}
{"timestamp":"2026-04-02T20:16:25.900233Z","level":"info","event":"\u001b[0m20:16:25  [\u001b[33mWARNING\u001b[0m][DeprecationsSummary]: Deprecated functionality","logger":"task.stdout"}
{"timestamp":"2026-04-02T20:16:25.900297Z","level":"info","event":"Summary of encountered deprecations:","logger":"task.stdout"}
{"timestamp":"2026-04-02T20:16:25.900361Z","level":"info","event":"- MissingPlusPrefixDeprecation: 2 occurrences","logger":"task.stdout"}
{"timestamp":"2026-04-02T20:16:25.900422Z","level":"info","event":"To see all deprecation instances instead of just the first occurrence of each,","logger":"task.stdout"}
{"timestamp":"2026-04-02T20:16:25.900481Z","level":"info","event":"run command again with the `--show-all-deprecations` flag. You may also need to","logger":"task.stdout"}
{"timestamp":"2026-04-02T20:16:25.900540Z","level":"info","event":"run with `--no-partial-parse` as some deprecations are only encountered during","logger":"task.stdout"}
{"timestamp":"2026-04-02T20:16:25.900599Z","level":"info","event":"parsing.","logger":"task.stdout"}
{"timestamp":"2026-04-02T20:16:26.476566Z","level":"info","event":"Inlets: []","logger":"cosmos.operators.local","filename":"local.py","lineno":571}
{"timestamp":"2026-04-02T20:16:26.476638Z","level":"info","event":"Outlets: []","logger":"cosmos.operators.local","filename":"local.py","lineno":572}
{"timestamp":"2026-04-02T20:16:26.476694Z","level":"info","event":"Assigning outlets with DatasetAlias in Airflow 3","logger":"cosmos.operators.local","filename":"local.py","lineno":839}
