{"timestamp":"2026-04-03T07:34:49.385818Z","level":"info","event":"Stats instance was created in PID 7 but accessed in PID 219. Re-initializing.","logger":"airflow.stats","filename":"stats.py","lineno":57}
{"timestamp":"2026-04-03T07:34:49.398969Z","level":"info","event":"DAG bundles loaded: dags-folder","logger":"airflow.dag_processing.bundles.manager.DagBundlesManager","filename":"manager.py","lineno":179}
{"timestamp":"2026-04-03T07:34:49.399241Z","level":"info","event":"Filling up the DagBag from /opt/airflow/dags/product_reporting.py","logger":"airflow.models.dagbag.BundleDagBag","filename":"dagbag.py","lineno":593}
{"timestamp":"2026-04-03T07:34:49.401540Z","level":"info","event":"::group::Cosmos DAG parsing logs","logger":"cosmos.converter","filename":"converter.py","lineno":274}
{"timestamp":"2026-04-03T07:34:49.401856Z","level":"info","event":"Trying to parse the dbt project using dbt ls cache cosmos_cache__basic_cosmos_dag...","logger":"cosmos.dbt.graph","filename":"graph.py","lineno":689}
{"timestamp":"2026-04-03T07:34:49.414075Z","level":"info","event":"Cosmos performance: time to calculate cache identifier cosmos_cache__basic_cosmos_dag for current version: 0.004614374998709536","logger":"cosmos.cache","filename":"cache.py","lineno":345}
{"timestamp":"2026-04-03T07:34:49.414151Z","level":"info","event":"Cosmos performance [39c1bccfc631|219]: The cache size for cosmos_cache__basic_cosmos_dag is 21741","logger":"cosmos.dbt.graph","filename":"graph.py","lineno":706}
{"timestamp":"2026-04-03T07:34:49.414509Z","level":"info","event":"Cosmos performance: Cache hit for cosmos_cache__basic_cosmos_dag - d98397bc68fa791628916bda9a565a1d,d41d8cd98f00b204e9800998ecf8427e","logger":"cosmos.dbt.graph","filename":"graph.py","lineno":714}
{"timestamp":"2026-04-03T07:34:49.414752Z","level":"info","event":"Total nodes: 28","logger":"cosmos.dbt.graph","filename":"graph.py","lineno":619}
{"timestamp":"2026-04-03T07:34:49.414785Z","level":"info","event":"Total filtered nodes: 28","logger":"cosmos.dbt.graph","filename":"graph.py","lineno":620}
{"timestamp":"2026-04-03T07:34:49.419657Z","level":"info","event":"Cosmos performance (basic_cosmos_dag) -  [39c1bccfc631|219]: It took 0.0178s to parse the dbt project for DAG using LoadMode.DBT_LS_CACHE","logger":"cosmos.converter","filename":"converter.py","lineno":321}
{"timestamp":"2026-04-03T07:34:49.426298Z","level":"info","event":"Cosmos performance (basic_cosmos_dag) - [39c1bccfc631|219]: It took 0.00664s to build the Airflow DAG.","logger":"cosmos.converter","filename":"converter.py","lineno":367}
{"timestamp":"2026-04-03T07:34:49.426344Z","level":"info","event":"::endgroup::Cosmos DAG parsing logs","logger":"cosmos.converter","filename":"converter.py","lineno":370}
{"timestamp":"2026-04-03T07:34:49.867444Z","level":"info","event":"dbtRunner is available. Using dbtRunner for invoking dbt.","logger":"cosmos.operators.local","filename":"local.py","lineno":262}
{"timestamp":"2026-04-03T07:34:49.867727Z","level":"info","event":"Cloning project to writable temp directory /tmp/tmpssdvstdz from /opt/airflow/dags/include/jaffle_shop","logger":"cosmos.operators.local","filename":"local.py","lineno":494}
{"timestamp":"2026-04-03T07:34:49.870347Z","level":"info","event":"Partial parse is enabled and the latest partial parse file is /tmp/cosmos/basic_cosmos_dag/target/partial_parse.msgpack","logger":"cosmos.operators.local","filename":"local.py","lineno":514}
{"timestamp":"2026-04-03T07:34:49.874165Z","level":"info","event":"Profile caching is enable.","logger":"cosmos.config","filename":"config.py","lineno":384}
{"timestamp":"2026-04-03T07:34:49.879804Z","level":"info","event":"Profile found in cache using profile: /tmp/cosmos/profile/ff9ee88690030f97e4d80e74a591a9f71c64d9142b7e48e1a3bcfebe23a7f63d/profiles.yml.","logger":"cosmos.config","filename":"config.py","lineno":364}
{"timestamp":"2026-04-03T07:34:49.880453Z","level":"info","event":"Trying to run dbtRunner with:\n ['deps', '--project-dir', '/tmp/tmpssdvstdz', '--profiles-dir', '/tmp/cosmos/profile/ff9ee88690030f97e4d80e74a591a9f71c64d9142b7e48e1a3bcfebe23a7f63d', '--profile', 'jaffle_shop', '--target', 'dev', '--no-static-parser']\n in /tmp/tmpssdvstdz","logger":"cosmos.dbt.runner","filename":"runner.py","lineno":98}
{"timestamp":"2026-04-03T07:34:49.908611Z","level":"info","event":"\u001b[0m07:34:49  Running with dbt=1.11.7","logger":"task.stdout"}
{"timestamp":"2026-04-03T07:34:49.910308Z","level":"info","event":"\u001b[0m07:34:49  [\u001b[33mWARNING\u001b[0m][MissingPlusPrefixDeprecation]: Deprecated functionality","logger":"task.stdout"}
{"timestamp":"2026-04-03T07:34:49.910404Z","level":"info","event":"Missing '+' prefix on `materialized` found at `jaffle_shop.materialized` in file","logger":"task.stdout"}
{"timestamp":"2026-04-03T07:34:49.910480Z","level":"info","event":"`/tmp/tmpssdvstdz/dbt_project.yml`. Hierarchical config values without a '+'","logger":"task.stdout"}
{"timestamp":"2026-04-03T07:34:49.910542Z","level":"info","event":"prefix are deprecated in dbt_project.yml.","logger":"task.stdout"}
{"timestamp":"2026-04-03T07:34:50.102043Z","level":"info","event":"\u001b[0m07:34:50  Updating lock file in file path: /tmp/tmpssdvstdz/package-lock.yml","logger":"task.stdout"}
{"timestamp":"2026-04-03T07:34:50.104782Z","level":"info","event":"\u001b[0m07:34:50  Installing dbt-labs/dbt_utils","logger":"task.stdout"}
{"timestamp":"2026-04-03T07:34:50.453068Z","level":"info","event":"\u001b[0m07:34:50  Installed from version 1.1.1","logger":"task.stdout"}
{"timestamp":"2026-04-03T07:34:50.453315Z","level":"info","event":"\u001b[0m07:34:50  Updated version available: 1.3.3","logger":"task.stdout"}
{"timestamp":"2026-04-03T07:34:50.453800Z","level":"info","event":"\u001b[0m07:34:50","logger":"task.stdout"}
{"timestamp":"2026-04-03T07:34:50.453971Z","level":"info","event":"\u001b[0m07:34:50  Updates available for packages: ['dbt-labs/dbt_utils']","logger":"task.stdout"}
{"timestamp":"2026-04-03T07:34:50.454041Z","level":"info","event":"Update your versions in packages.yml, then run dbt deps","logger":"task.stdout"}
{"timestamp":"2026-04-03T07:34:50.454462Z","level":"info","event":"\u001b[0m07:34:50  [\u001b[33mWARNING\u001b[0m][DeprecationsSummary]: Deprecated functionality","logger":"task.stdout"}
{"timestamp":"2026-04-03T07:34:50.454555Z","level":"info","event":"Summary of encountered deprecations:","logger":"task.stdout"}
{"timestamp":"2026-04-03T07:34:50.454687Z","level":"info","event":"- MissingPlusPrefixDeprecation: 2 occurrences","logger":"task.stdout"}
{"timestamp":"2026-04-03T07:34:50.454776Z","level":"info","event":"To see all deprecation instances instead of just the first occurrence of each,","logger":"task.stdout"}
{"timestamp":"2026-04-03T07:34:50.454867Z","level":"info","event":"run command again with the `--show-all-deprecations` flag. You may also need to","logger":"task.stdout"}
{"timestamp":"2026-04-03T07:34:50.454964Z","level":"info","event":"run with `--no-partial-parse` as some deprecations are only encountered during","logger":"task.stdout"}
{"timestamp":"2026-04-03T07:34:50.455123Z","level":"info","event":"parsing.","logger":"task.stdout"}
{"timestamp":"2026-04-03T07:34:51.091388Z","level":"info","event":"Trying to run dbtRunner with:\n ['seed', '--select', 'fqn:jaffle_shop.raw_orders', '--full-refresh', '--project-dir', '/tmp/tmpssdvstdz', '--profiles-dir', '/tmp/cosmos/profile/ff9ee88690030f97e4d80e74a591a9f71c64d9142b7e48e1a3bcfebe23a7f63d', '--profile', 'jaffle_shop', '--target', 'dev', '--no-static-parser']\n in /tmp/tmpssdvstdz","logger":"cosmos.dbt.runner","filename":"runner.py","lineno":98}
{"timestamp":"2026-04-03T07:34:51.095283Z","level":"info","event":"\u001b[0m07:34:51  Running with dbt=1.11.7","logger":"task.stdout"}
{"timestamp":"2026-04-03T07:34:51.162781Z","level":"info","event":"\u001b[0m07:34:51  Registered adapter: postgres=1.10.0","logger":"task.stdout"}
{"timestamp":"2026-04-03T07:34:51.473756Z","level":"info","event":"\u001b[0m07:34:51  Found 5 models, 3 seeds, 20 data tests, 580 macros","logger":"task.stdout"}
{"timestamp":"2026-04-03T07:34:51.474850Z","level":"info","event":"\u001b[0m07:34:51","logger":"task.stdout"}
{"timestamp":"2026-04-03T07:34:51.475004Z","level":"info","event":"\u001b[0m07:34:51  Concurrency: 1 threads (target='dev')","logger":"task.stdout"}
{"timestamp":"2026-04-03T07:34:51.475132Z","level":"info","event":"\u001b[0m07:34:51","logger":"task.stdout"}
{"timestamp":"2026-04-03T07:34:51.520795Z","level":"info","event":"\u001b[0m07:34:51  1 of 1 START seed file public.raw_orders ....................................... [RUN]","logger":"task.stdout"}
{"timestamp":"2026-04-03T07:34:51.576028Z","level":"info","event":"\u001b[0m07:34:51  1 of 1 OK loaded seed file public.raw_orders ................................... [\u001b[32mCREATE 99\u001b[0m in 0.05s]","logger":"task.stdout"}
{"timestamp":"2026-04-03T07:34:51.583262Z","level":"info","event":"\u001b[0m07:34:51","logger":"task.stdout"}
{"timestamp":"2026-04-03T07:34:51.583405Z","level":"info","event":"\u001b[0m07:34:51  Finished running 1 seed in 0 hours 0 minutes and 0.11 seconds (0.11s).","logger":"task.stdout"}
{"timestamp":"2026-04-03T07:34:51.599643Z","level":"info","event":"\u001b[0m07:34:51","logger":"task.stdout"}
{"timestamp":"2026-04-03T07:34:51.599809Z","level":"info","event":"\u001b[0m07:34:51  \u001b[32mCompleted successfully\u001b[0m","logger":"task.stdout"}
{"timestamp":"2026-04-03T07:34:51.599950Z","level":"info","event":"\u001b[0m07:34:51","logger":"task.stdout"}
{"timestamp":"2026-04-03T07:34:51.600116Z","level":"info","event":"\u001b[0m07:34:51  Done. PASS=1 WARN=0 ERROR=0 SKIP=0 NO-OP=0 TOTAL=1","logger":"task.stdout"}
{"timestamp":"2026-04-03T07:34:51.600406Z","level":"info","event":"\u001b[0m07:34:51  [\u001b[33mWARNING\u001b[0m][DeprecationsSummary]: Deprecated functionality","logger":"task.stdout"}
{"timestamp":"2026-04-03T07:34:51.600464Z","level":"info","event":"Summary of encountered deprecations:","logger":"task.stdout"}
{"timestamp":"2026-04-03T07:34:51.600501Z","level":"info","event":"- MissingPlusPrefixDeprecation: 2 occurrences","logger":"task.stdout"}
{"timestamp":"2026-04-03T07:34:51.600535Z","level":"info","event":"To see all deprecation instances instead of just the first occurrence of each,","logger":"task.stdout"}
{"timestamp":"2026-04-03T07:34:51.600585Z","level":"info","event":"run command again with the `--show-all-deprecations` flag. You may also need to","logger":"task.stdout"}
{"timestamp":"2026-04-03T07:34:51.600618Z","level":"info","event":"run with `--no-partial-parse` as some deprecations are only encountered during","logger":"task.stdout"}
{"timestamp":"2026-04-03T07:34:51.600649Z","level":"info","event":"parsing.","logger":"task.stdout"}
{"timestamp":"2026-04-03T07:34:52.170415Z","level":"info","event":"Inlets: []","logger":"cosmos.operators.local","filename":"local.py","lineno":571}
{"timestamp":"2026-04-03T07:34:52.170546Z","level":"info","event":"Outlets: []","logger":"cosmos.operators.local","filename":"local.py","lineno":572}
{"timestamp":"2026-04-03T07:34:52.170638Z","level":"info","event":"Assigning outlets with DatasetAlias in Airflow 3","logger":"cosmos.operators.local","filename":"local.py","lineno":839}
